[0.044s] Invoking command in '/home/sunrise/agri_robot_ws/build/agri_bringup': CMAKE_PREFIX_PATH=${CMAKE_PREFIX_PATH}:/opt/ros/humble /usr/bin/cmake --build /home/sunrise/agri_robot_ws/build/agri_bringup -- -j8 -l8
[0.224s] Invoked command in '/home/sunrise/agri_robot_ws/build/agri_bringup' returned '0': CMAKE_PREFIX_PATH=${CMAKE_PREFIX_PATH}:/opt/ros/humble /usr/bin/cmake --build /home/sunrise/agri_robot_ws/build/agri_bringup -- -j8 -l8
[0.268s] Invoking command in '/home/sunrise/agri_robot_ws/build/agri_bringup': CMAKE_PREFIX_PATH=${CMAKE_PREFIX_PATH}:/opt/ros/humble /usr/bin/cmake --install /home/sunrise/agri_robot_ws/build/agri_bringup
[0.304s] -- Install configuration: ""
[0.305s] -- Execute custom install script
[0.307s] -- Up-to-date symlink: /home/sunrise/agri_robot_ws/install/agri_bringup/share/agri_bringup/launch/cartographer_mapping.launch.py
[0.308s] -- Up-to-date symlink: /home/sunrise/agri_robot_ws/install/agri_bringup/share/agri_bringup/launch/lidar.launch.py
[0.308s] -- Up-to-date symlink: /home/sunrise/agri_robot_ws/install/agri_bringup/share/agri_bringup/launch/start.launch.py
[0.309s] -- Up-to-date symlink: /home/sunrise/agri_robot_ws/install/agri_bringup/share/ament_index/resource_index/package_run_dependencies/agri_bringup
[0.310s] -- Up-to-date symlink: /home/sunrise/agri_robot_ws/install/agri_bringup/share/ament_index/resource_index/parent_prefix_path/agri_bringup
[0.310s] -- Up-to-date symlink: /home/sunrise/agri_robot_ws/install/agri_bringup/share/agri_bringup/environment/ament_prefix_path.sh
[0.311s] -- Up-to-date symlink: /home/sunrise/agri_robot_ws/install/agri_bringup/share/agri_bringup/environment/ament_prefix_path.dsv
[0.312s] -- Up-to-date symlink: /home/sunrise/agri_robot_ws/install/agri_bringup/share/agri_bringup/environment/path.sh
[0.313s] -- Up-to-date symlink: /home/sunrise/agri_robot_ws/install/agri_bringup/share/agri_bringup/environment/path.dsv
[0.313s] -- Up-to-date symlink: /home/sunrise/agri_robot_ws/install/agri_bringup/share/agri_bringup/local_setup.bash
[0.314s] -- Up-to-date symlink: /home/sunrise/agri_robot_ws/install/agri_bringup/share/agri_bringup/local_setup.sh
[0.315s] -- Up-to-date symlink: /home/sunrise/agri_robot_ws/install/agri_bringup/share/agri_bringup/local_setup.zsh
[0.316s] -- Up-to-date symlink: /home/sunrise/agri_robot_ws/install/agri_bringup/share/agri_bringup/local_setup.dsv
[0.316s] -- Symlinking: /home/sunrise/agri_robot_ws/install/agri_bringup/share/agri_bringup/package.dsv
[0.354s] -- Up-to-date symlink: /home/sunrise/agri_robot_ws/install/agri_bringup/share/ament_index/resource_index/packages/agri_bringup
[0.355s] -- Up-to-date symlink: /home/sunrise/agri_robot_ws/install/agri_bringup/share/agri_bringup/cmake/agri_bringupConfig.cmake
[0.356s] -- Up-to-date symlink: /home/sunrise/agri_robot_ws/install/agri_bringup/share/agri_bringup/cmake/agri_bringupConfig-version.cmake
[0.357s] -- Up-to-date symlink: /home/sunrise/agri_robot_ws/install/agri_bringup/share/agri_bringup/package.xml
[0.369s] Invoked command in '/home/sunrise/agri_robot_ws/build/agri_bringup' returned '0': CMAKE_PREFIX_PATH=${CMAKE_PREFIX_PATH}:/opt/ros/humble /usr/bin/cmake --install /home/sunrise/agri_robot_ws/build/agri_bringup
