[0.619s] DEBUG:colcon:Command line arguments: ['/usr/bin/colcon', 'list']
[0.620s] DEBUG:colcon:Parsed command line arguments: Namespace(log_base=None, log_level=None, verb_name='list', build_base='build', ignore_user_meta=False, metas=['./colcon.meta'], base_paths=['.'], packages_ignore=None, packages_ignore_regex=None, paths=None, packages_up_to=None, packages_up_to_regex=None, packages_above=None, packages_above_and_dependencies=None, packages_above_depth=None, packages_select_by_dep=None, packages_skip_by_dep=None, packages_skip_up_to=None, packages_select_build_failed=False, packages_skip_build_finished=False, packages_select_test_failures=False, packages_skip_test_passed=False, packages_select=None, packages_skip=None, packages_select_regex=None, packages_skip_regex=None, packages_start=None, packages_end=None, allow_overriding=[], topological_order=False, names_only=False, paths_only=False, topological_graph=False, topological_graph_dot=False, topological_graph_density=False, topological_graph_legend=False, topological_graph_dot_cluster=False, topological_graph_dot_include_skipped=False, verb_parser=<colcon_defaults.argument_parser.defaults.DefaultArgumentsDecorator object at 0xffffa7b13ca0>, verb_extension=<colcon_package_information.verb.list.ListVerb object at 0xffffa7c60e50>, main=<bound method ListVerb.main of <colcon_package_information.verb.list.ListVerb object at 0xffffa7c60e50>>)
[0.957s] Level 1:colcon.colcon_core.package_discovery:discover_packages(colcon_meta) check parameters
[0.958s] Level 1:colcon.colcon_core.package_discovery:discover_packages(recursive) check parameters
[0.958s] Level 1:colcon.colcon_core.package_discovery:discover_packages(ignore) check parameters
[0.958s] Level 1:colcon.colcon_core.package_discovery:discover_packages(path) check parameters
[0.959s] Level 1:colcon.colcon_core.package_discovery:discover_packages(colcon_meta) discover
[0.959s] Level 1:colcon.colcon_core.package_discovery:discover_packages(recursive) discover
[0.959s] INFO:colcon.colcon_core.package_discovery:Crawling recursively for packages in '/home/sunrise/agri_robot_ws'
[0.960s] Level 1:colcon.colcon_core.package_identification:_identify(.) by extensions ['ignore', 'ignore_ament_install']
[0.960s] Level 1:colcon.colcon_core.package_identification:_identify(.) by extension 'ignore'
[0.961s] Level 1:colcon.colcon_core.package_identification:_identify(.) by extension 'ignore_ament_install'
[0.961s] Level 1:colcon.colcon_core.package_identification:_identify(.) by extensions ['colcon_pkg']
[0.961s] Level 1:colcon.colcon_core.package_identification:_identify(.) by extension 'colcon_pkg'
[0.961s] Level 1:colcon.colcon_core.package_identification:_identify(.) by extensions ['colcon_meta']
[0.962s] Level 1:colcon.colcon_core.package_identification:_identify(.) by extension 'colcon_meta'
[0.962s] Level 1:colcon.colcon_core.package_identification:_identify(.) by extensions ['ros']
[0.962s] Level 1:colcon.colcon_core.package_identification:_identify(.) by extension 'ros'
[1.067s] Level 1:colcon.colcon_core.package_identification:_identify(.) by extensions ['cmake', 'python']
[1.067s] Level 1:colcon.colcon_core.package_identification:_identify(.) by extension 'cmake'
[1.068s] Level 1:colcon.colcon_core.package_identification:_identify(.) by extension 'python'
[1.068s] Level 1:colcon.colcon_core.package_identification:_identify(.) by extensions ['python_setup_py']
[1.068s] Level 1:colcon.colcon_core.package_identification:_identify(.) by extension 'python_setup_py'
[1.069s] Level 1:colcon.colcon_core.package_identification:_identify(build) by extensions ['ignore', 'ignore_ament_install']
[1.069s] Level 1:colcon.colcon_core.package_identification:_identify(build) by extension 'ignore'
[1.070s] Level 1:colcon.colcon_core.package_identification:_identify(build) ignored
[1.070s] Level 1:colcon.colcon_core.package_identification:_identify(config) by extensions ['ignore', 'ignore_ament_install']
[1.071s] Level 1:colcon.colcon_core.package_identification:_identify(config) by extension 'ignore'
[1.071s] Level 1:colcon.colcon_core.package_identification:_identify(config) by extension 'ignore_ament_install'
[1.071s] Level 1:colcon.colcon_core.package_identification:_identify(config) by extensions ['colcon_pkg']
[1.071s] Level 1:colcon.colcon_core.package_identification:_identify(config) by extension 'colcon_pkg'
[1.072s] Level 1:colcon.colcon_core.package_identification:_identify(config) by extensions ['colcon_meta']
[1.072s] Level 1:colcon.colcon_core.package_identification:_identify(config) by extension 'colcon_meta'
[1.072s] Level 1:colcon.colcon_core.package_identification:_identify(config) by extensions ['ros']
[1.072s] Level 1:colcon.colcon_core.package_identification:_identify(config) by extension 'ros'
[1.073s] Level 1:colcon.colcon_core.package_identification:_identify(config) by extensions ['cmake', 'python']
[1.073s] Level 1:colcon.colcon_core.package_identification:_identify(config) by extension 'cmake'
[1.073s] Level 1:colcon.colcon_core.package_identification:_identify(config) by extension 'python'
[1.074s] Level 1:colcon.colcon_core.package_identification:_identify(config) by extensions ['python_setup_py']
[1.074s] Level 1:colcon.colcon_core.package_identification:_identify(config) by extension 'python_setup_py'
[1.074s] Level 1:colcon.colcon_core.package_identification:_identify(images) by extensions ['ignore', 'ignore_ament_install']
[1.075s] Level 1:colcon.colcon_core.package_identification:_identify(images) by extension 'ignore'
[1.075s] Level 1:colcon.colcon_core.package_identification:_identify(images) by extension 'ignore_ament_install'
[1.075s] Level 1:colcon.colcon_core.package_identification:_identify(images) by extensions ['colcon_pkg']
[1.075s] Level 1:colcon.colcon_core.package_identification:_identify(images) by extension 'colcon_pkg'
[1.076s] Level 1:colcon.colcon_core.package_identification:_identify(images) by extensions ['colcon_meta']
[1.076s] Level 1:colcon.colcon_core.package_identification:_identify(images) by extension 'colcon_meta'
[1.076s] Level 1:colcon.colcon_core.package_identification:_identify(images) by extensions ['ros']
[1.076s] Level 1:colcon.colcon_core.package_identification:_identify(images) by extension 'ros'
[1.077s] Level 1:colcon.colcon_core.package_identification:_identify(images) by extensions ['cmake', 'python']
[1.077s] Level 1:colcon.colcon_core.package_identification:_identify(images) by extension 'cmake'
[1.077s] Level 1:colcon.colcon_core.package_identification:_identify(images) by extension 'python'
[1.077s] Level 1:colcon.colcon_core.package_identification:_identify(images) by extensions ['python_setup_py']
[1.078s] Level 1:colcon.colcon_core.package_identification:_identify(images) by extension 'python_setup_py'
[1.078s] Level 1:colcon.colcon_core.package_identification:_identify(install) by extensions ['ignore', 'ignore_ament_install']
[1.078s] Level 1:colcon.colcon_core.package_identification:_identify(install) by extension 'ignore'
[1.079s] Level 1:colcon.colcon_core.package_identification:_identify(install) ignored
[1.079s] Level 1:colcon.colcon_core.package_identification:_identify(local_capture) by extensions ['ignore', 'ignore_ament_install']
[1.080s] Level 1:colcon.colcon_core.package_identification:_identify(local_capture) by extension 'ignore'
[1.080s] Level 1:colcon.colcon_core.package_identification:_identify(local_capture) by extension 'ignore_ament_install'
[1.080s] Level 1:colcon.colcon_core.package_identification:_identify(local_capture) by extensions ['colcon_pkg']
[1.080s] Level 1:colcon.colcon_core.package_identification:_identify(local_capture) by extension 'colcon_pkg'
[1.081s] Level 1:colcon.colcon_core.package_identification:_identify(local_capture) by extensions ['colcon_meta']
[1.081s] Level 1:colcon.colcon_core.package_identification:_identify(local_capture) by extension 'colcon_meta'
[1.081s] Level 1:colcon.colcon_core.package_identification:_identify(local_capture) by extensions ['ros']
[1.081s] Level 1:colcon.colcon_core.package_identification:_identify(local_capture) by extension 'ros'
[1.082s] Level 1:colcon.colcon_core.package_identification:_identify(local_capture) by extensions ['cmake', 'python']
[1.082s] Level 1:colcon.colcon_core.package_identification:_identify(local_capture) by extension 'cmake'
[1.082s] Level 1:colcon.colcon_core.package_identification:_identify(local_capture) by extension 'python'
[1.082s] Level 1:colcon.colcon_core.package_identification:_identify(local_capture) by extensions ['python_setup_py']
[1.083s] Level 1:colcon.colcon_core.package_identification:_identify(local_capture) by extension 'python_setup_py'
[1.083s] Level 1:colcon.colcon_core.package_identification:_identify(local_capture/images) by extensions ['ignore', 'ignore_ament_install']
[1.084s] Level 1:colcon.colcon_core.package_identification:_identify(local_capture/images) by extension 'ignore'
[1.084s] Level 1:colcon.colcon_core.package_identification:_identify(local_capture/images) by extension 'ignore_ament_install'
[1.084s] Level 1:colcon.colcon_core.package_identification:_identify(local_capture/images) by extensions ['colcon_pkg']
[1.085s] Level 1:colcon.colcon_core.package_identification:_identify(local_capture/images) by extension 'colcon_pkg'
[1.085s] Level 1:colcon.colcon_core.package_identification:_identify(local_capture/images) by extensions ['colcon_meta']
[1.085s] Level 1:colcon.colcon_core.package_identification:_identify(local_capture/images) by extension 'colcon_meta'
[1.085s] Level 1:colcon.colcon_core.package_identification:_identify(local_capture/images) by extensions ['ros']
[1.085s] Level 1:colcon.colcon_core.package_identification:_identify(local_capture/images) by extension 'ros'
[1.086s] Level 1:colcon.colcon_core.package_identification:_identify(local_capture/images) by extensions ['cmake', 'python']
[1.086s] Level 1:colcon.colcon_core.package_identification:_identify(local_capture/images) by extension 'cmake'
[1.086s] Level 1:colcon.colcon_core.package_identification:_identify(local_capture/images) by extension 'python'
[1.087s] Level 1:colcon.colcon_core.package_identification:_identify(local_capture/images) by extensions ['python_setup_py']
[1.087s] Level 1:colcon.colcon_core.package_identification:_identify(local_capture/images) by extension 'python_setup_py'
[1.087s] Level 1:colcon.colcon_core.package_identification:_identify(local_capture/videos) by extensions ['ignore', 'ignore_ament_install']
[1.088s] Level 1:colcon.colcon_core.package_identification:_identify(local_capture/videos) by extension 'ignore'
[1.088s] Level 1:colcon.colcon_core.package_identification:_identify(local_capture/videos) by extension 'ignore_ament_install'
[1.088s] Level 1:colcon.colcon_core.package_identification:_identify(local_capture/videos) by extensions ['colcon_pkg']
[1.089s] Level 1:colcon.colcon_core.package_identification:_identify(local_capture/videos) by extension 'colcon_pkg'
[1.089s] Level 1:colcon.colcon_core.package_identification:_identify(local_capture/videos) by extensions ['colcon_meta']
[1.089s] Level 1:colcon.colcon_core.package_identification:_identify(local_capture/videos) by extension 'colcon_meta'
[1.089s] Level 1:colcon.colcon_core.package_identification:_identify(local_capture/videos) by extensions ['ros']
[1.090s] Level 1:colcon.colcon_core.package_identification:_identify(local_capture/videos) by extension 'ros'
[1.090s] Level 1:colcon.colcon_core.package_identification:_identify(local_capture/videos) by extensions ['cmake', 'python']
[1.090s] Level 1:colcon.colcon_core.package_identification:_identify(local_capture/videos) by extension 'cmake'
[1.090s] Level 1:colcon.colcon_core.package_identification:_identify(local_capture/videos) by extension 'python'
[1.091s] Level 1:colcon.colcon_core.package_identification:_identify(local_capture/videos) by extensions ['python_setup_py']
[1.091s] Level 1:colcon.colcon_core.package_identification:_identify(local_capture/videos) by extension 'python_setup_py'
[1.091s] Level 1:colcon.colcon_core.package_identification:_identify(log) by extensions ['ignore', 'ignore_ament_install']
[1.092s] Level 1:colcon.colcon_core.package_identification:_identify(log) by extension 'ignore'
[1.092s] Level 1:colcon.colcon_core.package_identification:_identify(log) ignored
[1.093s] Level 1:colcon.colcon_core.package_identification:_identify(logs) by extensions ['ignore', 'ignore_ament_install']
[1.093s] Level 1:colcon.colcon_core.package_identification:_identify(logs) by extension 'ignore'
[1.093s] Level 1:colcon.colcon_core.package_identification:_identify(logs) by extension 'ignore_ament_install'
[1.094s] Level 1:colcon.colcon_core.package_identification:_identify(logs) by extensions ['colcon_pkg']
[1.094s] Level 1:colcon.colcon_core.package_identification:_identify(logs) by extension 'colcon_pkg'
[1.094s] Level 1:colcon.colcon_core.package_identification:_identify(logs) by extensions ['colcon_meta']
[1.094s] Level 1:colcon.colcon_core.package_identification:_identify(logs) by extension 'colcon_meta'
[1.094s] Level 1:colcon.colcon_core.package_identification:_identify(logs) by extensions ['ros']
[1.095s] Level 1:colcon.colcon_core.package_identification:_identify(logs) by extension 'ros'
[1.095s] Level 1:colcon.colcon_core.package_identification:_identify(logs) by extensions ['cmake', 'python']
[1.095s] Level 1:colcon.colcon_core.package_identification:_identify(logs) by extension 'cmake'
[1.096s] Level 1:colcon.colcon_core.package_identification:_identify(logs) by extension 'python'
[1.096s] Level 1:colcon.colcon_core.package_identification:_identify(logs) by extensions ['python_setup_py']
[1.096s] Level 1:colcon.colcon_core.package_identification:_identify(logs) by extension 'python_setup_py'
[1.096s] Level 1:colcon.colcon_core.package_identification:_identify(maps) by extensions ['ignore', 'ignore_ament_install']
[1.097s] Level 1:colcon.colcon_core.package_identification:_identify(maps) by extension 'ignore'
[1.097s] Level 1:colcon.colcon_core.package_identification:_identify(maps) by extension 'ignore_ament_install'
[1.097s] Level 1:colcon.colcon_core.package_identification:_identify(maps) by extensions ['colcon_pkg']
[1.098s] Level 1:colcon.colcon_core.package_identification:_identify(maps) by extension 'colcon_pkg'
[1.098s] Level 1:colcon.colcon_core.package_identification:_identify(maps) by extensions ['colcon_meta']
[1.098s] Level 1:colcon.colcon_core.package_identification:_identify(maps) by extension 'colcon_meta'
[1.098s] Level 1:colcon.colcon_core.package_identification:_identify(maps) by extensions ['ros']
[1.098s] Level 1:colcon.colcon_core.package_identification:_identify(maps) by extension 'ros'
[1.099s] Level 1:colcon.colcon_core.package_identification:_identify(maps) by extensions ['cmake', 'python']
[1.099s] Level 1:colcon.colcon_core.package_identification:_identify(maps) by extension 'cmake'
[1.099s] Level 1:colcon.colcon_core.package_identification:_identify(maps) by extension 'python'
[1.100s] Level 1:colcon.colcon_core.package_identification:_identify(maps) by extensions ['python_setup_py']
[1.100s] Level 1:colcon.colcon_core.package_identification:_identify(maps) by extension 'python_setup_py'
[1.100s] Level 1:colcon.colcon_core.package_identification:_identify(scripts) by extensions ['ignore', 'ignore_ament_install']
[1.101s] Level 1:colcon.colcon_core.package_identification:_identify(scripts) by extension 'ignore'
[1.101s] Level 1:colcon.colcon_core.package_identification:_identify(scripts) by extension 'ignore_ament_install'
[1.101s] Level 1:colcon.colcon_core.package_identification:_identify(scripts) by extensions ['colcon_pkg']
[1.101s] Level 1:colcon.colcon_core.package_identification:_identify(scripts) by extension 'colcon_pkg'
[1.102s] Level 1:colcon.colcon_core.package_identification:_identify(scripts) by extensions ['colcon_meta']
[1.102s] Level 1:colcon.colcon_core.package_identification:_identify(scripts) by extension 'colcon_meta'
[1.102s] Level 1:colcon.colcon_core.package_identification:_identify(scripts) by extensions ['ros']
[1.102s] Level 1:colcon.colcon_core.package_identification:_identify(scripts) by extension 'ros'
[1.103s] Level 1:colcon.colcon_core.package_identification:_identify(scripts) by extensions ['cmake', 'python']
[1.103s] Level 1:colcon.colcon_core.package_identification:_identify(scripts) by extension 'cmake'
[1.103s] Level 1:colcon.colcon_core.package_identification:_identify(scripts) by extension 'python'
[1.104s] Level 1:colcon.colcon_core.package_identification:_identify(scripts) by extensions ['python_setup_py']
[1.104s] Level 1:colcon.colcon_core.package_identification:_identify(scripts) by extension 'python_setup_py'
[1.104s] Level 1:colcon.colcon_core.package_identification:_identify(src) by extensions ['ignore', 'ignore_ament_install']
[1.105s] Level 1:colcon.colcon_core.package_identification:_identify(src) by extension 'ignore'
[1.105s] Level 1:colcon.colcon_core.package_identification:_identify(src) by extension 'ignore_ament_install'
[1.105s] Level 1:colcon.colcon_core.package_identification:_identify(src) by extensions ['colcon_pkg']
[1.105s] Level 1:colcon.colcon_core.package_identification:_identify(src) by extension 'colcon_pkg'
[1.106s] Level 1:colcon.colcon_core.package_identification:_identify(src) by extensions ['colcon_meta']
[1.106s] Level 1:colcon.colcon_core.package_identification:_identify(src) by extension 'colcon_meta'
[1.106s] Level 1:colcon.colcon_core.package_identification:_identify(src) by extensions ['ros']
[1.106s] Level 1:colcon.colcon_core.package_identification:_identify(src) by extension 'ros'
[1.107s] Level 1:colcon.colcon_core.package_identification:_identify(src) by extensions ['cmake', 'python']
[1.107s] Level 1:colcon.colcon_core.package_identification:_identify(src) by extension 'cmake'
[1.107s] Level 1:colcon.colcon_core.package_identification:_identify(src) by extension 'python'
[1.107s] Level 1:colcon.colcon_core.package_identification:_identify(src) by extensions ['python_setup_py']
[1.108s] Level 1:colcon.colcon_core.package_identification:_identify(src) by extension 'python_setup_py'
[1.108s] Level 1:colcon.colcon_core.package_identification:_identify(src/LSLIDAR_X_ROS2-20240228) by extensions ['ignore', 'ignore_ament_install']
[1.109s] Level 1:colcon.colcon_core.package_identification:_identify(src/LSLIDAR_X_ROS2-20240228) by extension 'ignore'
[1.109s] Level 1:colcon.colcon_core.package_identification:_identify(src/LSLIDAR_X_ROS2-20240228) by extension 'ignore_ament_install'
[1.109s] Level 1:colcon.colcon_core.package_identification:_identify(src/LSLIDAR_X_ROS2-20240228) by extensions ['colcon_pkg']
[1.109s] Level 1:colcon.colcon_core.package_identification:_identify(src/LSLIDAR_X_ROS2-20240228) by extension 'colcon_pkg'
[1.110s] Level 1:colcon.colcon_core.package_identification:_identify(src/LSLIDAR_X_ROS2-20240228) by extensions ['colcon_meta']
[1.110s] Level 1:colcon.colcon_core.package_identification:_identify(src/LSLIDAR_X_ROS2-20240228) by extension 'colcon_meta'
[1.110s] Level 1:colcon.colcon_core.package_identification:_identify(src/LSLIDAR_X_ROS2-20240228) by extensions ['ros']
[1.110s] Level 1:colcon.colcon_core.package_identification:_identify(src/LSLIDAR_X_ROS2-20240228) by extension 'ros'
[1.111s] Level 1:colcon.colcon_core.package_identification:_identify(src/LSLIDAR_X_ROS2-20240228) by extensions ['cmake', 'python']
[1.111s] Level 1:colcon.colcon_core.package_identification:_identify(src/LSLIDAR_X_ROS2-20240228) by extension 'cmake'
[1.111s] Level 1:colcon.colcon_core.package_identification:_identify(src/LSLIDAR_X_ROS2-20240228) by extension 'python'
[1.111s] Level 1:colcon.colcon_core.package_identification:_identify(src/LSLIDAR_X_ROS2-20240228) by extensions ['python_setup_py']
[1.112s] Level 1:colcon.colcon_core.package_identification:_identify(src/LSLIDAR_X_ROS2-20240228) by extension 'python_setup_py'
[1.112s] Level 1:colcon.colcon_core.package_identification:_identify(src/LSLIDAR_X_ROS2-20240228/src) by extensions ['ignore', 'ignore_ament_install']
[1.113s] Level 1:colcon.colcon_core.package_identification:_identify(src/LSLIDAR_X_ROS2-20240228/src) by extension 'ignore'
[1.113s] Level 1:colcon.colcon_core.package_identification:_identify(src/LSLIDAR_X_ROS2-20240228/src) by extension 'ignore_ament_install'
[1.113s] Level 1:colcon.colcon_core.package_identification:_identify(src/LSLIDAR_X_ROS2-20240228/src) by extensions ['colcon_pkg']
[1.114s] Level 1:colcon.colcon_core.package_identification:_identify(src/LSLIDAR_X_ROS2-20240228/src) by extension 'colcon_pkg'
[1.114s] Level 1:colcon.colcon_core.package_identification:_identify(src/LSLIDAR_X_ROS2-20240228/src) by extensions ['colcon_meta']
[1.115s] Level 1:colcon.colcon_core.package_identification:_identify(src/LSLIDAR_X_ROS2-20240228/src) by extension 'colcon_meta'
[1.115s] Level 1:colcon.colcon_core.package_identification:_identify(src/LSLIDAR_X_ROS2-20240228/src) by extensions ['ros']
[1.115s] Level 1:colcon.colcon_core.package_identification:_identify(src/LSLIDAR_X_ROS2-20240228/src) by extension 'ros'
[1.116s] Level 1:colcon.colcon_core.package_identification:_identify(src/LSLIDAR_X_ROS2-20240228/src) by extensions ['cmake', 'python']
[1.116s] Level 1:colcon.colcon_core.package_identification:_identify(src/LSLIDAR_X_ROS2-20240228/src) by extension 'cmake'
[1.116s] Level 1:colcon.colcon_core.package_identification:_identify(src/LSLIDAR_X_ROS2-20240228/src) by extension 'python'
[1.116s] Level 1:colcon.colcon_core.package_identification:_identify(src/LSLIDAR_X_ROS2-20240228/src) by extensions ['python_setup_py']
[1.117s] Level 1:colcon.colcon_core.package_identification:_identify(src/LSLIDAR_X_ROS2-20240228/src) by extension 'python_setup_py'
[1.117s] Level 1:colcon.colcon_core.package_identification:_identify(src/LSLIDAR_X_ROS2-20240228/src/lslidar_driver) by extensions ['ignore', 'ignore_ament_install']
[1.118s] Level 1:colcon.colcon_core.package_identification:_identify(src/LSLIDAR_X_ROS2-20240228/src/lslidar_driver) by extension 'ignore'
[1.118s] Level 1:colcon.colcon_core.package_identification:_identify(src/LSLIDAR_X_ROS2-20240228/src/lslidar_driver) by extension 'ignore_ament_install'
[1.118s] Level 1:colcon.colcon_core.package_identification:_identify(src/LSLIDAR_X_ROS2-20240228/src/lslidar_driver) by extensions ['colcon_pkg']
[1.119s] Level 1:colcon.colcon_core.package_identification:_identify(src/LSLIDAR_X_ROS2-20240228/src/lslidar_driver) by extension 'colcon_pkg'
[1.119s] Level 1:colcon.colcon_core.package_identification:_identify(src/LSLIDAR_X_ROS2-20240228/src/lslidar_driver) by extensions ['colcon_meta']
[1.119s] Level 1:colcon.colcon_core.package_identification:_identify(src/LSLIDAR_X_ROS2-20240228/src/lslidar_driver) by extension 'colcon_meta'
[1.119s] Level 1:colcon.colcon_core.package_identification:_identify(src/LSLIDAR_X_ROS2-20240228/src/lslidar_driver) by extensions ['ros']
[1.120s] Level 1:colcon.colcon_core.package_identification:_identify(src/LSLIDAR_X_ROS2-20240228/src/lslidar_driver) by extension 'ros'
[1.138s] DEBUG:colcon.colcon_core.package_identification:Package 'src/LSLIDAR_X_ROS2-20240228/src/lslidar_driver' with type 'ros.ament_cmake' and name 'lslidar_driver'
[1.139s] Level 1:colcon.colcon_core.package_identification:_identify(src/LSLIDAR_X_ROS2-20240228/src/lslidar_msgs) by extensions ['ignore', 'ignore_ament_install']
[1.140s] Level 1:colcon.colcon_core.package_identification:_identify(src/LSLIDAR_X_ROS2-20240228/src/lslidar_msgs) by extension 'ignore'
[1.140s] Level 1:colcon.colcon_core.package_identification:_identify(src/LSLIDAR_X_ROS2-20240228/src/lslidar_msgs) by extension 'ignore_ament_install'
[1.140s] Level 1:colcon.colcon_core.package_identification:_identify(src/LSLIDAR_X_ROS2-20240228/src/lslidar_msgs) by extensions ['colcon_pkg']
[1.141s] Level 1:colcon.colcon_core.package_identification:_identify(src/LSLIDAR_X_ROS2-20240228/src/lslidar_msgs) by extension 'colcon_pkg'
[1.141s] Level 1:colcon.colcon_core.package_identification:_identify(src/LSLIDAR_X_ROS2-20240228/src/lslidar_msgs) by extensions ['colcon_meta']
[1.141s] Level 1:colcon.colcon_core.package_identification:_identify(src/LSLIDAR_X_ROS2-20240228/src/lslidar_msgs) by extension 'colcon_meta'
[1.141s] Level 1:colcon.colcon_core.package_identification:_identify(src/LSLIDAR_X_ROS2-20240228/src/lslidar_msgs) by extensions ['ros']
[1.142s] Level 1:colcon.colcon_core.package_identification:_identify(src/LSLIDAR_X_ROS2-20240228/src/lslidar_msgs) by extension 'ros'
[1.146s] DEBUG:colcon.colcon_core.package_identification:Package 'src/LSLIDAR_X_ROS2-20240228/src/lslidar_msgs' with type 'ros.ament_cmake' and name 'lslidar_msgs'
[1.147s] Level 1:colcon.colcon_core.package_identification:_identify(src/agri_bringup) by extensions ['ignore', 'ignore_ament_install']
[1.147s] Level 1:colcon.colcon_core.package_identification:_identify(src/agri_bringup) by extension 'ignore'
[1.148s] Level 1:colcon.colcon_core.package_identification:_identify(src/agri_bringup) by extension 'ignore_ament_install'
[1.148s] Level 1:colcon.colcon_core.package_identification:_identify(src/agri_bringup) by extensions ['colcon_pkg']
[1.148s] Level 1:colcon.colcon_core.package_identification:_identify(src/agri_bringup) by extension 'colcon_pkg'
[1.148s] Level 1:colcon.colcon_core.package_identification:_identify(src/agri_bringup) by extensions ['colcon_meta']
[1.149s] Level 1:colcon.colcon_core.package_identification:_identify(src/agri_bringup) by extension 'colcon_meta'
[1.149s] Level 1:colcon.colcon_core.package_identification:_identify(src/agri_bringup) by extensions ['ros']
[1.149s] Level 1:colcon.colcon_core.package_identification:_identify(src/agri_bringup) by extension 'ros'
[1.152s] DEBUG:colcon.colcon_core.package_identification:Package 'src/agri_bringup' with type 'ros.ament_cmake' and name 'agri_bringup'
[1.153s] Level 1:colcon.colcon_core.package_identification:_identify(src/agri_car_bringup) by extensions ['ignore', 'ignore_ament_install']
[1.154s] Level 1:colcon.colcon_core.package_identification:_identify(src/agri_car_bringup) by extension 'ignore'
[1.154s] Level 1:colcon.colcon_core.package_identification:_identify(src/agri_car_bringup) by extension 'ignore_ament_install'
[1.154s] Level 1:colcon.colcon_core.package_identification:_identify(src/agri_car_bringup) by extensions ['colcon_pkg']
[1.154s] Level 1:colcon.colcon_core.package_identification:_identify(src/agri_car_bringup) by extension 'colcon_pkg'
[1.155s] Level 1:colcon.colcon_core.package_identification:_identify(src/agri_car_bringup) by extensions ['colcon_meta']
[1.155s] Level 1:colcon.colcon_core.package_identification:_identify(src/agri_car_bringup) by extension 'colcon_meta'
[1.155s] Level 1:colcon.colcon_core.package_identification:_identify(src/agri_car_bringup) by extensions ['ros']
[1.155s] Level 1:colcon.colcon_core.package_identification:_identify(src/agri_car_bringup) by extension 'ros'
[1.156s] Level 1:colcon.colcon_core.package_identification:_identify(src/agri_car_bringup) by extensions ['cmake', 'python']
[1.156s] Level 1:colcon.colcon_core.package_identification:_identify(src/agri_car_bringup) by extension 'cmake'
[1.156s] Level 1:colcon.colcon_core.package_identification:_identify(src/agri_car_bringup) by extension 'python'
[1.157s] Level 1:colcon.colcon_core.package_identification:_identify(src/agri_car_bringup) by extensions ['python_setup_py']
[1.157s] Level 1:colcon.colcon_core.package_identification:_identify(src/agri_car_bringup) by extension 'python_setup_py'
[1.157s] Level 1:colcon.colcon_core.package_identification:_identify(src/agri_car_driver) by extensions ['ignore', 'ignore_ament_install']
[1.158s] Level 1:colcon.colcon_core.package_identification:_identify(src/agri_car_driver) by extension 'ignore'
[1.158s] Level 1:colcon.colcon_core.package_identification:_identify(src/agri_car_driver) by extension 'ignore_ament_install'
[1.158s] Level 1:colcon.colcon_core.package_identification:_identify(src/agri_car_driver) by extensions ['colcon_pkg']
[1.158s] Level 1:colcon.colcon_core.package_identification:_identify(src/agri_car_driver) by extension 'colcon_pkg'
[1.159s] Level 1:colcon.colcon_core.package_identification:_identify(src/agri_car_driver) by extensions ['colcon_meta']
[1.159s] Level 1:colcon.colcon_core.package_identification:_identify(src/agri_car_driver) by extension 'colcon_meta'
[1.159s] Level 1:colcon.colcon_core.package_identification:_identify(src/agri_car_driver) by extensions ['ros']
[1.159s] Level 1:colcon.colcon_core.package_identification:_identify(src/agri_car_driver) by extension 'ros'
[1.164s] DEBUG:colcon.colcon_core.package_identification:Package 'src/agri_car_driver' with type 'ros.ament_cmake' and name 'agri_car_driver'
[1.164s] Level 1:colcon.colcon_core.package_identification:_identify(src/agri_car_serial) by extensions ['ignore', 'ignore_ament_install']
[1.165s] Level 1:colcon.colcon_core.package_identification:_identify(src/agri_car_serial) by extension 'ignore'
[1.165s] Level 1:colcon.colcon_core.package_identification:_identify(src/agri_car_serial) by extension 'ignore_ament_install'
[1.165s] Level 1:colcon.colcon_core.package_identification:_identify(src/agri_car_serial) by extensions ['colcon_pkg']
[1.166s] Level 1:colcon.colcon_core.package_identification:_identify(src/agri_car_serial) by extension 'colcon_pkg'
[1.166s] Level 1:colcon.colcon_core.package_identification:_identify(src/agri_car_serial) by extensions ['colcon_meta']
[1.166s] Level 1:colcon.colcon_core.package_identification:_identify(src/agri_car_serial) by extension 'colcon_meta'
[1.166s] Level 1:colcon.colcon_core.package_identification:_identify(src/agri_car_serial) by extensions ['ros']
[1.166s] Level 1:colcon.colcon_core.package_identification:_identify(src/agri_car_serial) by extension 'ros'
[1.167s] Level 1:colcon.colcon_core.package_identification:_identify(src/agri_car_serial) by extensions ['cmake', 'python']
[1.167s] Level 1:colcon.colcon_core.package_identification:_identify(src/agri_car_serial) by extension 'cmake'
[1.167s] Level 1:colcon.colcon_core.package_identification:_identify(src/agri_car_serial) by extension 'python'
[1.168s] Level 1:colcon.colcon_core.package_identification:_identify(src/agri_car_serial) by extensions ['python_setup_py']
[1.168s] Level 1:colcon.colcon_core.package_identification:_identify(src/agri_car_serial) by extension 'python_setup_py'
[1.168s] Level 1:colcon.colcon_core.package_identification:_identify(src/agri_car_station_client) by extensions ['ignore', 'ignore_ament_install']
[1.169s] Level 1:colcon.colcon_core.package_identification:_identify(src/agri_car_station_client) by extension 'ignore'
[1.169s] Level 1:colcon.colcon_core.package_identification:_identify(src/agri_car_station_client) by extension 'ignore_ament_install'
[1.169s] Level 1:colcon.colcon_core.package_identification:_identify(src/agri_car_station_client) by extensions ['colcon_pkg']
[1.170s] Level 1:colcon.colcon_core.package_identification:_identify(src/agri_car_station_client) by extension 'colcon_pkg'
[1.170s] Level 1:colcon.colcon_core.package_identification:_identify(src/agri_car_station_client) by extensions ['colcon_meta']
[1.170s] Level 1:colcon.colcon_core.package_identification:_identify(src/agri_car_station_client) by extension 'colcon_meta'
[1.170s] Level 1:colcon.colcon_core.package_identification:_identify(src/agri_car_station_client) by extensions ['ros']
[1.171s] Level 1:colcon.colcon_core.package_identification:_identify(src/agri_car_station_client) by extension 'ros'
[1.171s] Level 1:colcon.colcon_core.package_identification:_identify(src/agri_car_station_client) by extensions ['cmake', 'python']
[1.171s] Level 1:colcon.colcon_core.package_identification:_identify(src/agri_car_station_client) by extension 'cmake'
[1.171s] Level 1:colcon.colcon_core.package_identification:_identify(src/agri_car_station_client) by extension 'python'
[1.172s] Level 1:colcon.colcon_core.package_identification:_identify(src/agri_car_station_client) by extensions ['python_setup_py']
[1.172s] Level 1:colcon.colcon_core.package_identification:_identify(src/agri_car_station_client) by extension 'python_setup_py'
[1.172s] Level 1:colcon.colcon_core.package_identification:_identify(src/agri_car_task) by extensions ['ignore', 'ignore_ament_install']
[1.173s] Level 1:colcon.colcon_core.package_identification:_identify(src/agri_car_task) by extension 'ignore'
[1.173s] Level 1:colcon.colcon_core.package_identification:_identify(src/agri_car_task) by extension 'ignore_ament_install'
[1.173s] Level 1:colcon.colcon_core.package_identification:_identify(src/agri_car_task) by extensions ['colcon_pkg']
[1.174s] Level 1:colcon.colcon_core.package_identification:_identify(src/agri_car_task) by extension 'colcon_pkg'
[1.174s] Level 1:colcon.colcon_core.package_identification:_identify(src/agri_car_task) by extensions ['colcon_meta']
[1.174s] Level 1:colcon.colcon_core.package_identification:_identify(src/agri_car_task) by extension 'colcon_meta'
[1.174s] Level 1:colcon.colcon_core.package_identification:_identify(src/agri_car_task) by extensions ['ros']
[1.175s] Level 1:colcon.colcon_core.package_identification:_identify(src/agri_car_task) by extension 'ros'
[1.175s] Level 1:colcon.colcon_core.package_identification:_identify(src/agri_car_task) by extensions ['cmake', 'python']
[1.175s] Level 1:colcon.colcon_core.package_identification:_identify(src/agri_car_task) by extension 'cmake'
[1.176s] Level 1:colcon.colcon_core.package_identification:_identify(src/agri_car_task) by extension 'python'
[1.176s] Level 1:colcon.colcon_core.package_identification:_identify(src/agri_car_task) by extensions ['python_setup_py']
[1.176s] Level 1:colcon.colcon_core.package_identification:_identify(src/agri_car_task) by extension 'python_setup_py'
[1.176s] Level 1:colcon.colcon_core.package_identification:_identify(src/agri_car_vision) by extensions ['ignore', 'ignore_ament_install']
[1.177s] Level 1:colcon.colcon_core.package_identification:_identify(src/agri_car_vision) by extension 'ignore'
[1.177s] Level 1:colcon.colcon_core.package_identification:_identify(src/agri_car_vision) by extension 'ignore_ament_install'
[1.177s] Level 1:colcon.colcon_core.package_identification:_identify(src/agri_car_vision) by extensions ['colcon_pkg']
[1.178s] Level 1:colcon.colcon_core.package_identification:_identify(src/agri_car_vision) by extension 'colcon_pkg'
[1.178s] Level 1:colcon.colcon_core.package_identification:_identify(src/agri_car_vision) by extensions ['colcon_meta']
[1.178s] Level 1:colcon.colcon_core.package_identification:_identify(src/agri_car_vision) by extension 'colcon_meta'
[1.178s] Level 1:colcon.colcon_core.package_identification:_identify(src/agri_car_vision) by extensions ['ros']
[1.178s] Level 1:colcon.colcon_core.package_identification:_identify(src/agri_car_vision) by extension 'ros'
[1.179s] Level 1:colcon.colcon_core.package_identification:_identify(src/agri_car_vision) by extensions ['cmake', 'python']
[1.179s] Level 1:colcon.colcon_core.package_identification:_identify(src/agri_car_vision) by extension 'cmake'
[1.179s] Level 1:colcon.colcon_core.package_identification:_identify(src/agri_car_vision) by extension 'python'
[1.180s] Level 1:colcon.colcon_core.package_identification:_identify(src/agri_car_vision) by extensions ['python_setup_py']
[1.180s] Level 1:colcon.colcon_core.package_identification:_identify(src/agri_car_vision) by extension 'python_setup_py'
[1.180s] Level 1:colcon.colcon_core.package_identification:_identify(src/agri_control) by extensions ['ignore', 'ignore_ament_install']
[1.181s] Level 1:colcon.colcon_core.package_identification:_identify(src/agri_control) by extension 'ignore'
[1.181s] Level 1:colcon.colcon_core.package_identification:_identify(src/agri_control) by extension 'ignore_ament_install'
[1.181s] Level 1:colcon.colcon_core.package_identification:_identify(src/agri_control) by extensions ['colcon_pkg']
[1.182s] Level 1:colcon.colcon_core.package_identification:_identify(src/agri_control) by extension 'colcon_pkg'
[1.182s] Level 1:colcon.colcon_core.package_identification:_identify(src/agri_control) by extensions ['colcon_meta']
[1.182s] Level 1:colcon.colcon_core.package_identification:_identify(src/agri_control) by extension 'colcon_meta'
[1.182s] Level 1:colcon.colcon_core.package_identification:_identify(src/agri_control) by extensions ['ros']
[1.182s] Level 1:colcon.colcon_core.package_identification:_identify(src/agri_control) by extension 'ros'
[1.186s] DEBUG:colcon.colcon_core.package_identification:Package 'src/agri_control' with type 'ros.ament_cmake' and name 'agri_control'
[1.187s] Level 1:colcon.colcon_core.package_identification:_identify(src/agri_imu_driver) by extensions ['ignore', 'ignore_ament_install']
[1.187s] Level 1:colcon.colcon_core.package_identification:_identify(src/agri_imu_driver) by extension 'ignore'
[1.187s] Level 1:colcon.colcon_core.package_identification:_identify(src/agri_imu_driver) by extension 'ignore_ament_install'
[1.188s] Level 1:colcon.colcon_core.package_identification:_identify(src/agri_imu_driver) by extensions ['colcon_pkg']
[1.188s] Level 1:colcon.colcon_core.package_identification:_identify(src/agri_imu_driver) by extension 'colcon_pkg'
[1.188s] Level 1:colcon.colcon_core.package_identification:_identify(src/agri_imu_driver) by extensions ['colcon_meta']
[1.188s] Level 1:colcon.colcon_core.package_identification:_identify(src/agri_imu_driver) by extension 'colcon_meta'
[1.189s] Level 1:colcon.colcon_core.package_identification:_identify(src/agri_imu_driver) by extensions ['ros']
[1.189s] Level 1:colcon.colcon_core.package_identification:_identify(src/agri_imu_driver) by extension 'ros'
[1.192s] DEBUG:colcon.colcon_core.package_identification:Package 'src/agri_imu_driver' with type 'ros.ament_cmake' and name 'agri_imu_driver'
[1.193s] Level 1:colcon.colcon_core.package_identification:_identify(src/agri_interfaces) by extensions ['ignore', 'ignore_ament_install']
[1.193s] Level 1:colcon.colcon_core.package_identification:_identify(src/agri_interfaces) by extension 'ignore'
[1.194s] Level 1:colcon.colcon_core.package_identification:_identify(src/agri_interfaces) by extension 'ignore_ament_install'
[1.194s] Level 1:colcon.colcon_core.package_identification:_identify(src/agri_interfaces) by extensions ['colcon_pkg']
[1.194s] Level 1:colcon.colcon_core.package_identification:_identify(src/agri_interfaces) by extension 'colcon_pkg'
[1.194s] Level 1:colcon.colcon_core.package_identification:_identify(src/agri_interfaces) by extensions ['colcon_meta']
[1.195s] Level 1:colcon.colcon_core.package_identification:_identify(src/agri_interfaces) by extension 'colcon_meta'
[1.195s] Level 1:colcon.colcon_core.package_identification:_identify(src/agri_interfaces) by extensions ['ros']
[1.195s] Level 1:colcon.colcon_core.package_identification:_identify(src/agri_interfaces) by extension 'ros'
[1.196s] Level 1:colcon.colcon_core.package_identification:_identify(src/agri_interfaces) by extensions ['cmake', 'python']
[1.196s] Level 1:colcon.colcon_core.package_identification:_identify(src/agri_interfaces) by extension 'cmake'
[1.196s] Level 1:colcon.colcon_core.package_identification:_identify(src/agri_interfaces) by extension 'python'
[1.196s] Level 1:colcon.colcon_core.package_identification:_identify(src/agri_interfaces) by extensions ['python_setup_py']
[1.196s] Level 1:colcon.colcon_core.package_identification:_identify(src/agri_interfaces) by extension 'python_setup_py'
[1.197s] Level 1:colcon.colcon_core.package_discovery:discover_packages(recursive) using defaults
[1.197s] Level 1:colcon.colcon_core.package_discovery:discover_packages(ignore) discover
[1.197s] Level 1:colcon.colcon_core.package_discovery:discover_packages(ignore) using defaults
[1.197s] Level 1:colcon.colcon_core.package_discovery:discover_packages(path) discover
[1.198s] Level 1:colcon.colcon_core.package_discovery:discover_packages(path) using defaults
