-- Found ament_cmake: 1.3.12 (/opt/ros/humble/share/ament_cmake/cmake)
-- Found Python3: /usr/bin/python3 (found version "3.10.12") found components: Interpreter 
-- Override CMake install command with custom implementation using symlinks instead of copying resources
-- Configuring done
-- Generating done
-- Build files have been written to: /home/sunrise/agri_robot_ws/build/agri_imu_driver
-- Install configuration: ""
-- Execute custom install script
-- Symlinking: /home/sunrise/agri_robot_ws/install/agri_imu_driver/lib/agri_imu_driver/imu_node.py
-- Symlinking: /home/sunrise/agri_robot_ws/install/agri_imu_driver/lib/agri_imu_driver/gy95t_node.py
-- Symlinking: /home/sunrise/agri_robot_ws/install/agri_imu_driver/share/ament_index/resource_index/package_run_dependencies/agri_imu_driver
-- Symlinking: /home/sunrise/agri_robot_ws/install/agri_imu_driver/share/ament_index/resource_index/parent_prefix_path/agri_imu_driver
-- Symlinking: /home/sunrise/agri_robot_ws/install/agri_imu_driver/share/agri_imu_driver/environment/ament_prefix_path.sh
-- Symlinking: /home/sunrise/agri_robot_ws/install/agri_imu_driver/share/agri_imu_driver/environment/ament_prefix_path.dsv
-- Symlinking: /home/sunrise/agri_robot_ws/install/agri_imu_driver/share/agri_imu_driver/environment/path.sh
-- Symlinking: /home/sunrise/agri_robot_ws/install/agri_imu_driver/share/agri_imu_driver/environment/path.dsv
-- Symlinking: /home/sunrise/agri_robot_ws/install/agri_imu_driver/share/agri_imu_driver/local_setup.bash
-- Symlinking: /home/sunrise/agri_robot_ws/install/agri_imu_driver/share/agri_imu_driver/local_setup.sh
-- Symlinking: /home/sunrise/agri_robot_ws/install/agri_imu_driver/share/agri_imu_driver/local_setup.zsh
-- Symlinking: /home/sunrise/agri_robot_ws/install/agri_imu_driver/share/agri_imu_driver/local_setup.dsv
-- Symlinking: /home/sunrise/agri_robot_ws/install/agri_imu_driver/share/agri_imu_driver/package.dsv
-- Symlinking: /home/sunrise/agri_robot_ws/install/agri_imu_driver/share/ament_index/resource_index/packages/agri_imu_driver
-- Symlinking: /home/sunrise/agri_robot_ws/install/agri_imu_driver/share/agri_imu_driver/cmake/agri_imu_driverConfig.cmake
-- Symlinking: /home/sunrise/agri_robot_ws/install/agri_imu_driver/share/agri_imu_driver/cmake/agri_imu_driverConfig-version.cmake
-- Symlinking: /home/sunrise/agri_robot_ws/install/agri_imu_driver/share/agri_imu_driver/package.xml
