[0.034s] Invoking command in '/home/sunrise/agri_robot_ws/build/lslidar_driver': AMENT_PREFIX_PATH=/home/sunrise/agri_robot_ws/install/lslidar_msgs:${AMENT_PREFIX_PATH} CMAKE_PREFIX_PATH=/home/sunrise/agri_robot_ws/install/lslidar_msgs:/opt/ros/humble LD_LIBRARY_PATH=/home/sunrise/agri_robot_ws/install/lslidar_msgs/lib:/opt/ros/humble/opt/rviz_ogre_vendor/lib:/opt/ros/humble/lib/aarch64-linux-gnu:/opt/ros/humble/lib:/usr/hobot/lib:/app/lib:/app/pub/lib:/middleware/lib:/middleware/pub/lib:/usr/hobot/lib/sensor:/system/lib:/system/usr/lib:/lib:/usr/local/lib PYTHONPATH=/home/sunrise/agri_robot_ws/install/lslidar_msgs/local/lib/python3.10/dist-packages:${PYTHONPATH} /usr/bin/cmake /home/sunrise/agri_robot_ws/src/LSLIDAR_X_ROS2-20240228/src/lslidar_driver -DAMENT_CMAKE_SYMLINK_INSTALL=1 -DCMAKE_INSTALL_PREFIX=/home/sunrise/agri_robot_ws/install/lslidar_driver
[0.333s] -- The C compiler identification is GNU 11.2.0
[0.654s] -- The CXX compiler identification is GNU 11.2.0
[0.688s] -- Detecting C compiler ABI info
[1.060s] -- Detecting C compiler ABI info - done
[1.139s] -- Check for working C compiler: /usr/bin/cc - skipped
[1.141s] -- Detecting C compile features
[1.143s] -- Detecting C compile features - done
[1.158s] -- Detecting CXX compiler ABI info
[1.560s] -- Detecting CXX compiler ABI info - done
[1.643s] -- Check for working CXX compiler: /usr/bin/c++ - skipped
[1.644s] -- Detecting CXX compile features
[1.644s] -- Detecting CXX compile features - done
[2.635s] -- Found Boost: /usr/lib/aarch64-linux-gnu/cmake/Boost-1.74.0/BoostConfig.cmake (found version "1.74.0") found components: thread 
[2.666s] -- Found rclcpp: 16.0.11 (/opt/ros/humble/share/rclcpp/cmake)
[3.568s] -- Found Python3: /usr/bin/python3 (found version "3.10.12") found components: Interpreter 
[3.957s] -- Override CMake install command with custom implementation using symlinks instead of copying resources
[4.285s] -- Found rosidl_generator_c: 3.1.6 (/opt/ros/humble/share/rosidl_generator_c/cmake)
[4.309s] -- Found rosidl_adapter: 3.1.6 (/opt/ros/humble/share/rosidl_adapter/cmake)
[4.350s] -- Found rosidl_generator_cpp: 3.1.6 (/opt/ros/humble/share/rosidl_generator_cpp/cmake)
[4.414s] -- Using all available rosidl_typesupport_c: rosidl_typesupport_fastrtps_c;rosidl_typesupport_introspection_c
[4.500s] -- Using all available rosidl_typesupport_cpp: rosidl_typesupport_fastrtps_cpp;rosidl_typesupport_introspection_cpp
[4.756s] -- Found rmw_implementation_cmake: 6.1.2 (/opt/ros/humble/share/rmw_implementation_cmake/cmake)
[4.771s] -- Found rmw_fastrtps_cpp: 6.2.7 (/opt/ros/humble/share/rmw_fastrtps_cpp/cmake)
[5.240s] -- Found OpenSSL: /usr/lib/aarch64-linux-gnu/libcrypto.so (found version "3.0.2")  
[5.376s] -- Found FastRTPS: /opt/ros/humble/include  
[5.558s] -- Using RMW implementation 'rmw_fastrtps_cpp' as default
[5.606s] -- Found Threads: TRUE  
[5.986s] -- Checking for module 'eigen3'
[6.041s] --   Found eigen3, version 3.4.0
[6.205s] -- Found Eigen: /usr/include/eigen3 (Required is at least version "3.1") 
[6.206s] -- Eigen found (include: /usr/include/eigen3, version: 3.4.0)
[6.294s] -- Found Boost: /usr/lib/aarch64-linux-gnu/cmake/Boost-1.74.0/BoostConfig.cmake (found suitable version "1.74.0", minimum required is "1.65.0") found components: system filesystem date_time iostreams serialization 
[6.364s] -- Checking for module 'flann'
[6.419s] --   Found flann, version 1.9.1
[6.609s] -- Found FLANN: /usr/lib/aarch64-linux-gnu/libflann_cpp.so  
[6.610s] -- FLANN found (include: /usr/include, lib: /usr/lib/aarch64-linux-gnu/libflann_cpp.so)
[6.847s] -- Found GLEW: /usr/lib/aarch64-linux-gnu/libGLEW.so  
[6.879s] -- Found OpenGL: /usr/lib/aarch64-linux-gnu/libOpenGL.so  found components: OpenGL GLX 
[7.765s] -- Found MPI_C: /usr/lib/aarch64-linux-gnu/libmpi.so (found version "3.1") 
[7.772s] -- Found MPI: TRUE (found version "3.1") found components: C 
[7.803s] -- Found JsonCpp: /usr/lib/aarch64-linux-gnu/libjsoncpp.so (found suitable version "1.9.5", minimum required is "0.7.0") 
[7.863s] -- Found ZLIB: /usr/lib/aarch64-linux-gnu/libz.so (found version "1.2.11") 
[7.963s] -- Found PNG: /usr/lib/aarch64-linux-gnu/libpng.so (found version "1.6.37") 
[8.050s] -- Found Eigen3: /usr/include/eigen3 (found version "3.4.0") 
[8.522s] -- Found X11: /usr/include   
[8.524s] -- Looking for XOpenDisplay in /usr/lib/aarch64-linux-gnu/libX11.so;/usr/lib/aarch64-linux-gnu/libXext.so
[8.930s] -- Looking for XOpenDisplay in /usr/lib/aarch64-linux-gnu/libX11.so;/usr/lib/aarch64-linux-gnu/libXext.so - found
[8.931s] -- Looking for gethostbyname
[9.319s] -- Looking for gethostbyname - found
[9.319s] -- Looking for connect
[9.689s] -- Looking for connect - found
[9.690s] -- Looking for remove
[10.069s] -- Looking for remove - found
[10.070s] -- Looking for shmat
[10.459s] -- Looking for shmat - found
[10.460s] -- Looking for IceConnectionNumber in ICE
[10.844s] -- Looking for IceConnectionNumber in ICE - found
[11.308s] -- Found EXPAT: /usr/lib/aarch64-linux-gnu/libexpat.so (found version "2.4.7") 
[11.319s] -- Found double-conversion: /usr/lib/aarch64-linux-gnu/libdouble-conversion.so  
[11.332s] -- Found LZ4: /usr/lib/aarch64-linux-gnu/liblz4.so (found version "1.9.3") 
[11.345s] -- Found LZMA: /usr/lib/aarch64-linux-gnu/liblzma.so (found version "5.2.5") 
[11.512s] -- Found JPEG: /usr/lib/aarch64-linux-gnu/libjpeg.so (found version "80") 
[11.545s] -- Found TIFF: /usr/lib/aarch64-linux-gnu/libtiff.so (found version "4.3.0")  
[11.569s] -- Found Freetype: /usr/lib/aarch64-linux-gnu/libfreetype.so (found version "2.11.1") 
[11.598s] -- Found utf8cpp: /usr/include/utf8cpp  
[12.004s] -- Checking for module 'libusb-1.0'
[12.067s] --   Found libusb-1.0, version 1.0.25
[12.257s] -- Found libusb: /usr/lib/aarch64-linux-gnu/libusb-1.0.so  
[12.264s] -- Found OpenNI: /usr/lib/libOpenNI.so;libusb::libusb (found version "1.5.4.0") 
[12.264s] -- OpenNI found (version: 1.5.4.0, include: /usr/include/ni, lib: /usr/lib/libOpenNI.so;libusb::libusb)
[12.536s] -- Found OpenNI2: /usr/lib/aarch64-linux-gnu/libOpenNI2.so;libusb::libusb (found version "2.2.0.33") 
[12.537s] -- OpenNI2 found (version: 2.2.0.33, include: /usr/include/openni2, lib: /usr/lib/aarch64-linux-gnu/libOpenNI2.so;libusb::libusb)
[12.538s] [0m** WARNING ** io features related to pcap will be disabled[0m
[13.356s] -- Eigen found (include: /usr/include/eigen3, version: 3.4.0)
[13.384s] -- OpenNI found (version: 1.5.4.0, include: /usr/include/ni, lib: /usr/lib/libOpenNI.so;libusb::libusb)
[13.411s] -- OpenNI2 found (version: 2.2.0.33, include: /usr/include/openni2, lib: /usr/lib/aarch64-linux-gnu/libOpenNI2.so;libusb::libusb)
[14.192s] -- Found Qhull version 8.0.2
[14.987s] -- OpenNI found (version: 1.5.4.0, include: /usr/include/ni, lib: /usr/lib/libOpenNI.so;libusb::libusb)
[15.759s] -- looking for PCL_COMMON
[15.764s] -- Found PCL_COMMON: /usr/lib/aarch64-linux-gnu/libpcl_common.so  
[15.765s] -- looking for PCL_KDTREE
[15.770s] -- Found PCL_KDTREE: /usr/lib/aarch64-linux-gnu/libpcl_kdtree.so  
[15.771s] -- looking for PCL_OCTREE
[15.776s] -- Found PCL_OCTREE: /usr/lib/aarch64-linux-gnu/libpcl_octree.so  
[15.777s] -- looking for PCL_SEARCH
[15.783s] -- Found PCL_SEARCH: /usr/lib/aarch64-linux-gnu/libpcl_search.so  
[15.783s] -- looking for PCL_SAMPLE_CONSENSUS
[15.789s] -- Found PCL_SAMPLE_CONSENSUS: /usr/lib/aarch64-linux-gnu/libpcl_sample_consensus.so  
[15.790s] -- looking for PCL_FILTERS
[15.795s] -- Found PCL_FILTERS: /usr/lib/aarch64-linux-gnu/libpcl_filters.so  
[15.796s] -- looking for PCL_2D
[15.798s] -- Found PCL_2D: /usr/include/pcl-1.12  
[15.799s] -- looking for PCL_GEOMETRY
[15.800s] -- Found PCL_GEOMETRY: /usr/include/pcl-1.12  
[15.801s] -- looking for PCL_IO
[15.806s] -- Found PCL_IO: /usr/lib/aarch64-linux-gnu/libpcl_io.so  
[15.808s] -- looking for PCL_FEATURES
[15.813s] -- Found PCL_FEATURES: /usr/lib/aarch64-linux-gnu/libpcl_features.so  
[15.815s] -- looking for PCL_ML
[15.820s] -- Found PCL_ML: /usr/lib/aarch64-linux-gnu/libpcl_ml.so  
[15.821s] -- looking for PCL_SEGMENTATION
[15.827s] -- Found PCL_SEGMENTATION: /usr/lib/aarch64-linux-gnu/libpcl_segmentation.so  
[15.828s] -- looking for PCL_VISUALIZATION
[15.834s] -- Found PCL_VISUALIZATION: /usr/lib/aarch64-linux-gnu/libpcl_visualization.so  
[15.835s] -- looking for PCL_SURFACE
[15.840s] -- Found PCL_SURFACE: /usr/lib/aarch64-linux-gnu/libpcl_surface.so  
[15.842s] -- looking for PCL_REGISTRATION
[15.847s] -- Found PCL_REGISTRATION: /usr/lib/aarch64-linux-gnu/libpcl_registration.so  
[15.849s] -- looking for PCL_KEYPOINTS
[15.854s] -- Found PCL_KEYPOINTS: /usr/lib/aarch64-linux-gnu/libpcl_keypoints.so  
[15.855s] -- looking for PCL_TRACKING
[15.861s] -- Found PCL_TRACKING: /usr/lib/aarch64-linux-gnu/libpcl_tracking.so  
[15.862s] -- looking for PCL_RECOGNITION
[15.868s] -- Found PCL_RECOGNITION: /usr/lib/aarch64-linux-gnu/libpcl_recognition.so  
[15.870s] -- looking for PCL_STEREO
[15.875s] -- Found PCL_STEREO: /usr/lib/aarch64-linux-gnu/libpcl_stereo.so  
[15.876s] -- looking for PCL_APPS
[15.881s] -- Found PCL_APPS: /usr/lib/aarch64-linux-gnu/libpcl_apps.so  
[15.885s] -- looking for PCL_IN_HAND_SCANNER
[15.886s] -- Found PCL_IN_HAND_SCANNER: /usr/include/pcl-1.12  
[15.887s] -- looking for PCL_MODELER
[15.889s] -- Found PCL_MODELER: /usr/include/pcl-1.12  
[15.890s] -- looking for PCL_POINT_CLOUD_EDITOR
[15.892s] -- Found PCL_POINT_CLOUD_EDITOR: /usr/include/pcl-1.12  
[15.893s] -- looking for PCL_OUTOFCORE
[15.899s] -- Found PCL_OUTOFCORE: /usr/lib/aarch64-linux-gnu/libpcl_outofcore.so  
[15.900s] -- looking for PCL_PEOPLE
[15.905s] -- Found PCL_PEOPLE: /usr/lib/aarch64-linux-gnu/libpcl_people.so  
[15.911s] -- Found PCL: pcl_common;pcl_kdtree;pcl_octree;pcl_search;pcl_sample_consensus;pcl_filters;pcl_io;pcl_features;pcl_ml;pcl_segmentation;pcl_visualization;pcl_surface;pcl_registration;pcl_keypoints;pcl_tracking;pcl_recognition;pcl_stereo;pcl_apps;pcl_outofcore;pcl_people;Boost::system;Boost::filesystem;Boost::date_time;Boost::iostreams;Boost::serialization;/usr/lib/libOpenNI.so;libusb::libusb;/usr/lib/aarch64-linux-gnu/libOpenNI2.so;libusb::libusb;VTK::ChartsCore;VTK::CommonColor;VTK::CommonComputationalGeometry;VTK::CommonCore;VTK::CommonDataModel;VTK::CommonExecutionModel;VTK::CommonMath;VTK::CommonMisc;VTK::CommonTransforms;VTK::FiltersCore;VTK::FiltersExtraction;VTK::FiltersGeneral;VTK::FiltersGeometry;VTK::FiltersModeling;VTK::FiltersSources;VTK::ImagingCore;VTK::ImagingSources;VTK::InteractionImage;VTK::InteractionStyle;VTK::InteractionWidgets;VTK::IOCore;VTK::IOGeometry;VTK::IOImage;VTK::IOLegacy;VTK::IOPLY;VTK::RenderingAnnotation;VTK::RenderingCore;VTK::RenderingContext2D;VTK::RenderingLOD;VTK::RenderingFreeType;VTK::ViewsCore;VTK::ViewsContext2D;VTK::RenderingOpenGL2;VTK::GUISupportQt;FLANN::FLANN;QHULL::QHULL  
[15.919s] -- Found diagnostic_updater: 4.0.2 (/opt/ros/humble/share/diagnostic_updater/cmake)
[16.044s] -- Found lslidar_msgs: 1.2.0 (/home/sunrise/agri_robot_ws/install/lslidar_msgs/share/lslidar_msgs/cmake)
[16.132s] -- Found pluginlib: 5.1.0 (/opt/ros/humble/share/pluginlib/cmake)
[16.254s] -- Found pcl_conversions: 2.4.5 (/opt/ros/humble/share/pcl_conversions/cmake)
[17.074s] -- Configuring done
[17.609s] -- Generating done
[17.680s] -- Build files have been written to: /home/sunrise/agri_robot_ws/build/lslidar_driver
[17.799s] Invoked command in '/home/sunrise/agri_robot_ws/build/lslidar_driver' returned '0': AMENT_PREFIX_PATH=/home/sunrise/agri_robot_ws/install/lslidar_msgs:${AMENT_PREFIX_PATH} CMAKE_PREFIX_PATH=/home/sunrise/agri_robot_ws/install/lslidar_msgs:/opt/ros/humble LD_LIBRARY_PATH=/home/sunrise/agri_robot_ws/install/lslidar_msgs/lib:/opt/ros/humble/opt/rviz_ogre_vendor/lib:/opt/ros/humble/lib/aarch64-linux-gnu:/opt/ros/humble/lib:/usr/hobot/lib:/app/lib:/app/pub/lib:/middleware/lib:/middleware/pub/lib:/usr/hobot/lib/sensor:/system/lib:/system/usr/lib:/lib:/usr/local/lib PYTHONPATH=/home/sunrise/agri_robot_ws/install/lslidar_msgs/local/lib/python3.10/dist-packages:${PYTHONPATH} /usr/bin/cmake /home/sunrise/agri_robot_ws/src/LSLIDAR_X_ROS2-20240228/src/lslidar_driver -DAMENT_CMAKE_SYMLINK_INSTALL=1 -DCMAKE_INSTALL_PREFIX=/home/sunrise/agri_robot_ws/install/lslidar_driver
[17.828s] Invoking command in '/home/sunrise/agri_robot_ws/build/lslidar_driver': AMENT_PREFIX_PATH=/home/sunrise/agri_robot_ws/install/lslidar_msgs:${AMENT_PREFIX_PATH} CMAKE_PREFIX_PATH=/home/sunrise/agri_robot_ws/install/lslidar_msgs:/opt/ros/humble LD_LIBRARY_PATH=/home/sunrise/agri_robot_ws/install/lslidar_msgs/lib:/opt/ros/humble/opt/rviz_ogre_vendor/lib:/opt/ros/humble/lib/aarch64-linux-gnu:/opt/ros/humble/lib:/usr/hobot/lib:/app/lib:/app/pub/lib:/middleware/lib:/middleware/pub/lib:/usr/hobot/lib/sensor:/system/lib:/system/usr/lib:/lib:/usr/local/lib PYTHONPATH=/home/sunrise/agri_robot_ws/install/lslidar_msgs/local/lib/python3.10/dist-packages:${PYTHONPATH} /usr/bin/cmake --build /home/sunrise/agri_robot_ws/build/lslidar_driver
[18.105s] [ 20%] [32mBuilding CXX object CMakeFiles/lslidar_driver_node.dir/src/lslidar_driver_node.cc.o[0m
[30.781s] In file included from [01m[K/home/sunrise/agri_robot_ws/src/LSLIDAR_X_ROS2-20240228/src/lslidar_driver/include/lslidar_driver/lslidar_driver.h:41[m[K,
[30.782s]                  from [01m[K/home/sunrise/agri_robot_ws/src/LSLIDAR_X_ROS2-20240228/src/lslidar_driver/src/lslidar_driver_node.cc:19[m[K:
[30.782s] [01m[K/home/sunrise/agri_robot_ws/src/LSLIDAR_X_ROS2-20240228/src/lslidar_driver/include/lslidar_driver/input.h:32:10:[m[K [01;31m[Kfatal error: [m[Kpcap.h: No such file or directory
[30.783s]    32 | #include [01;31m[K<pcap.h>[m[K
[30.783s]       |          [01;31m[K^~~~~~~~[m[K
[30.783s] compilation terminated.
[30.863s] gmake[2]: *** [CMakeFiles/lslidar_driver_node.dir/build.make:76: CMakeFiles/lslidar_driver_node.dir/src/lslidar_driver_node.cc.o] Error 1
[30.865s] gmake[1]: *** [CMakeFiles/Makefile2:137: CMakeFiles/lslidar_driver_node.dir/all] Error 2
[30.867s] gmake: *** [Makefile:146: all] Error 2
[30.890s] Invoked command in '/home/sunrise/agri_robot_ws/build/lslidar_driver' returned '2': AMENT_PREFIX_PATH=/home/sunrise/agri_robot_ws/install/lslidar_msgs:${AMENT_PREFIX_PATH} CMAKE_PREFIX_PATH=/home/sunrise/agri_robot_ws/install/lslidar_msgs:/opt/ros/humble LD_LIBRARY_PATH=/home/sunrise/agri_robot_ws/install/lslidar_msgs/lib:/opt/ros/humble/opt/rviz_ogre_vendor/lib:/opt/ros/humble/lib/aarch64-linux-gnu:/opt/ros/humble/lib:/usr/hobot/lib:/app/lib:/app/pub/lib:/middleware/lib:/middleware/pub/lib:/usr/hobot/lib/sensor:/system/lib:/system/usr/lib:/lib:/usr/local/lib PYTHONPATH=/home/sunrise/agri_robot_ws/install/lslidar_msgs/local/lib/python3.10/dist-packages:${PYTHONPATH} /usr/bin/cmake --build /home/sunrise/agri_robot_ws/build/lslidar_driver
