[0.035s] Invoking command in '/home/sunrise/agri_robot_ws/build/lslidar_driver': AMENT_PREFIX_PATH=/home/sunrise/agri_robot_ws/install/lslidar_msgs:${AMENT_PREFIX_PATH} CMAKE_PREFIX_PATH=/home/sunrise/agri_robot_ws/install/lslidar_msgs:/opt/ros/humble LD_LIBRARY_PATH=/home/sunrise/agri_robot_ws/install/lslidar_msgs/lib:/opt/ros/humble/opt/rviz_ogre_vendor/lib:/opt/ros/humble/lib/aarch64-linux-gnu:/opt/ros/humble/lib:/usr/hobot/lib:/app/lib:/app/pub/lib:/middleware/lib:/middleware/pub/lib:/usr/hobot/lib/sensor:/system/lib:/system/usr/lib:/lib:/usr/local/lib PYTHONPATH=/home/sunrise/agri_robot_ws/install/lslidar_msgs/local/lib/python3.10/dist-packages:${PYTHONPATH} /usr/bin/cmake /home/sunrise/agri_robot_ws/src/LSLIDAR_X_ROS2-20240228/src/lslidar_driver -DAMENT_CMAKE_SYMLINK_INSTALL=1 -DCMAKE_INSTALL_PREFIX=/home/sunrise/agri_robot_ws/install/lslidar_driver
[0.327s] -- The C compiler identification is GNU 11.2.0
[0.633s] -- The CXX compiler identification is GNU 11.2.0
[0.664s] -- Detecting C compiler ABI info
[1.010s] -- Detecting C compiler ABI info - done
[1.058s] -- Check for working C compiler: /usr/bin/cc - skipped
[1.058s] -- Detecting C compile features
[1.060s] -- Detecting C compile features - done
[1.076s] -- Detecting CXX compiler ABI info
[1.476s] -- Detecting CXX compiler ABI info - done
[1.528s] -- Check for working CXX compiler: /usr/bin/c++ - skipped
[1.529s] -- Detecting CXX compile features
[1.532s] -- Detecting CXX compile features - done
[2.321s] -- Found Boost: /usr/lib/aarch64-linux-gnu/cmake/Boost-1.74.0/BoostConfig.cmake (found version "1.74.0") found components: thread 
[2.332s] -- Found rclcpp: 16.0.11 (/opt/ros/humble/share/rclcpp/cmake)
[3.219s] -- Found Python3: /usr/bin/python3 (found version "3.10.12") found components: Interpreter 
[3.612s] -- Override CMake install command with custom implementation using symlinks instead of copying resources
[3.913s] -- Found rosidl_generator_c: 3.1.6 (/opt/ros/humble/share/rosidl_generator_c/cmake)
[3.938s] -- Found rosidl_adapter: 3.1.6 (/opt/ros/humble/share/rosidl_adapter/cmake)
[3.981s] -- Found rosidl_generator_cpp: 3.1.6 (/opt/ros/humble/share/rosidl_generator_cpp/cmake)
[4.047s] -- Using all available rosidl_typesupport_c: rosidl_typesupport_fastrtps_c;rosidl_typesupport_introspection_c
[4.135s] -- Using all available rosidl_typesupport_cpp: rosidl_typesupport_fastrtps_cpp;rosidl_typesupport_introspection_cpp
[4.365s] -- Found rmw_implementation_cmake: 6.1.2 (/opt/ros/humble/share/rmw_implementation_cmake/cmake)
[4.377s] -- Found rmw_fastrtps_cpp: 6.2.7 (/opt/ros/humble/share/rmw_fastrtps_cpp/cmake)
[4.758s] -- Found OpenSSL: /usr/lib/aarch64-linux-gnu/libcrypto.so (found version "3.0.2")  
[4.881s] -- Found FastRTPS: /opt/ros/humble/include  
[5.064s] -- Using RMW implementation 'rmw_fastrtps_cpp' as default
[5.104s] -- Found Threads: TRUE  
[5.449s] -- Checking for module 'eigen3'
[5.504s] --   Found eigen3, version 3.4.0
[5.634s] -- Found Eigen: /usr/include/eigen3 (Required is at least version "3.1") 
[5.634s] -- Eigen found (include: /usr/include/eigen3, version: 3.4.0)
[5.704s] -- Found Boost: /usr/lib/aarch64-linux-gnu/cmake/Boost-1.74.0/BoostConfig.cmake (found suitable version "1.74.0", minimum required is "1.65.0") found components: system filesystem date_time iostreams serialization 
[5.772s] -- Checking for module 'flann'
[5.824s] --   Found flann, version 1.9.1
[5.998s] -- Found FLANN: /usr/lib/aarch64-linux-gnu/libflann_cpp.so  
[5.999s] -- FLANN found (include: /usr/include, lib: /usr/lib/aarch64-linux-gnu/libflann_cpp.so)
[6.199s] -- Found GLEW: /usr/lib/aarch64-linux-gnu/libGLEW.so  
[6.229s] -- Found OpenGL: /usr/lib/aarch64-linux-gnu/libOpenGL.so  found components: OpenGL GLX 
[6.954s] -- Found MPI_C: /usr/lib/aarch64-linux-gnu/libmpi.so (found version "3.1") 
[6.955s] -- Found MPI: TRUE (found version "3.1") found components: C 
[6.966s] -- Found JsonCpp: /usr/lib/aarch64-linux-gnu/libjsoncpp.so (found suitable version "1.9.5", minimum required is "0.7.0") 
[7.014s] -- Found ZLIB: /usr/lib/aarch64-linux-gnu/libz.so (found version "1.2.11") 
[7.112s] -- Found PNG: /usr/lib/aarch64-linux-gnu/libpng.so (found version "1.6.37") 
[7.167s] -- Found Eigen3: /usr/include/eigen3 (found version "3.4.0") 
[7.606s] -- Found X11: /usr/include   
[7.607s] -- Looking for XOpenDisplay in /usr/lib/aarch64-linux-gnu/libX11.so;/usr/lib/aarch64-linux-gnu/libXext.so
[7.989s] -- Looking for XOpenDisplay in /usr/lib/aarch64-linux-gnu/libX11.so;/usr/lib/aarch64-linux-gnu/libXext.so - found
[7.989s] -- Looking for gethostbyname
[8.341s] -- Looking for gethostbyname - found
[8.341s] -- Looking for connect
[8.704s] -- Looking for connect - found
[8.705s] -- Looking for remove
[9.055s] -- Looking for remove - found
[9.055s] -- Looking for shmat
[9.406s] -- Looking for shmat - found
[9.406s] -- Looking for IceConnectionNumber in ICE
[9.762s] -- Looking for IceConnectionNumber in ICE - found
[10.148s] -- Found EXPAT: /usr/lib/aarch64-linux-gnu/libexpat.so (found version "2.4.7") 
[10.157s] -- Found double-conversion: /usr/lib/aarch64-linux-gnu/libdouble-conversion.so  
[10.170s] -- Found LZ4: /usr/lib/aarch64-linux-gnu/liblz4.so (found version "1.9.3") 
[10.179s] -- Found LZMA: /usr/lib/aarch64-linux-gnu/liblzma.so (found version "5.2.5") 
[10.246s] -- Found JPEG: /usr/lib/aarch64-linux-gnu/libjpeg.so (found version "80") 
[10.280s] -- Found TIFF: /usr/lib/aarch64-linux-gnu/libtiff.so (found version "4.3.0")  
[10.304s] -- Found Freetype: /usr/lib/aarch64-linux-gnu/libfreetype.so (found version "2.11.1") 
[10.331s] -- Found utf8cpp: /usr/include/utf8cpp  
[10.688s] -- Checking for module 'libusb-1.0'
[10.747s] --   Found libusb-1.0, version 1.0.25
[10.899s] -- Found libusb: /usr/lib/aarch64-linux-gnu/libusb-1.0.so  
[10.905s] -- Found OpenNI: /usr/lib/libOpenNI.so;libusb::libusb (found version "1.5.4.0") 
[10.906s] -- OpenNI found (version: 1.5.4.0, include: /usr/include/ni, lib: /usr/lib/libOpenNI.so;libusb::libusb)
[11.142s] -- Found OpenNI2: /usr/lib/aarch64-linux-gnu/libOpenNI2.so;libusb::libusb (found version "2.2.0.33") 
[11.142s] -- OpenNI2 found (version: 2.2.0.33, include: /usr/include/openni2, lib: /usr/lib/aarch64-linux-gnu/libOpenNI2.so;libusb::libusb)
[11.143s] [0m** WARNING ** io features related to pcap will be disabled[0m
[11.989s] -- Eigen found (include: /usr/include/eigen3, version: 3.4.0)
[12.017s] -- OpenNI found (version: 1.5.4.0, include: /usr/include/ni, lib: /usr/lib/libOpenNI.so;libusb::libusb)
[12.046s] -- OpenNI2 found (version: 2.2.0.33, include: /usr/include/openni2, lib: /usr/lib/aarch64-linux-gnu/libOpenNI2.so;libusb::libusb)
[12.855s] -- Found Qhull version 8.0.2
[13.686s] -- OpenNI found (version: 1.5.4.0, include: /usr/include/ni, lib: /usr/lib/libOpenNI.so;libusb::libusb)
[14.491s] -- looking for PCL_COMMON
[14.496s] -- Found PCL_COMMON: /usr/lib/aarch64-linux-gnu/libpcl_common.so  
[14.498s] -- looking for PCL_KDTREE
[14.503s] -- Found PCL_KDTREE: /usr/lib/aarch64-linux-gnu/libpcl_kdtree.so  
[14.504s] -- looking for PCL_OCTREE
[14.510s] -- Found PCL_OCTREE: /usr/lib/aarch64-linux-gnu/libpcl_octree.so  
[14.511s] -- looking for PCL_SEARCH
[14.516s] -- Found PCL_SEARCH: /usr/lib/aarch64-linux-gnu/libpcl_search.so  
[14.517s] -- looking for PCL_SAMPLE_CONSENSUS
[14.523s] -- Found PCL_SAMPLE_CONSENSUS: /usr/lib/aarch64-linux-gnu/libpcl_sample_consensus.so  
[14.524s] -- looking for PCL_FILTERS
[14.530s] -- Found PCL_FILTERS: /usr/lib/aarch64-linux-gnu/libpcl_filters.so  
[14.532s] -- looking for PCL_2D
[14.533s] -- Found PCL_2D: /usr/include/pcl-1.12  
[14.534s] -- looking for PCL_GEOMETRY
[14.536s] -- Found PCL_GEOMETRY: /usr/include/pcl-1.12  
[14.537s] -- looking for PCL_IO
[14.543s] -- Found PCL_IO: /usr/lib/aarch64-linux-gnu/libpcl_io.so  
[14.544s] -- looking for PCL_FEATURES
[14.550s] -- Found PCL_FEATURES: /usr/lib/aarch64-linux-gnu/libpcl_features.so  
[14.552s] -- looking for PCL_ML
[14.558s] -- Found PCL_ML: /usr/lib/aarch64-linux-gnu/libpcl_ml.so  
[14.559s] -- looking for PCL_SEGMENTATION
[14.565s] -- Found PCL_SEGMENTATION: /usr/lib/aarch64-linux-gnu/libpcl_segmentation.so  
[14.566s] -- looking for PCL_VISUALIZATION
[14.572s] -- Found PCL_VISUALIZATION: /usr/lib/aarch64-linux-gnu/libpcl_visualization.so  
[14.574s] -- looking for PCL_SURFACE
[14.580s] -- Found PCL_SURFACE: /usr/lib/aarch64-linux-gnu/libpcl_surface.so  
[14.581s] -- looking for PCL_REGISTRATION
[14.587s] -- Found PCL_REGISTRATION: /usr/lib/aarch64-linux-gnu/libpcl_registration.so  
[14.589s] -- looking for PCL_KEYPOINTS
[14.594s] -- Found PCL_KEYPOINTS: /usr/lib/aarch64-linux-gnu/libpcl_keypoints.so  
[14.596s] -- looking for PCL_TRACKING
[14.602s] -- Found PCL_TRACKING: /usr/lib/aarch64-linux-gnu/libpcl_tracking.so  
[14.603s] -- looking for PCL_RECOGNITION
[14.609s] -- Found PCL_RECOGNITION: /usr/lib/aarch64-linux-gnu/libpcl_recognition.so  
[14.611s] -- looking for PCL_STEREO
[14.617s] -- Found PCL_STEREO: /usr/lib/aarch64-linux-gnu/libpcl_stereo.so  
[14.618s] -- looking for PCL_APPS
[14.624s] -- Found PCL_APPS: /usr/lib/aarch64-linux-gnu/libpcl_apps.so  
[14.628s] -- looking for PCL_IN_HAND_SCANNER
[14.629s] -- Found PCL_IN_HAND_SCANNER: /usr/include/pcl-1.12  
[14.630s] -- looking for PCL_MODELER
[14.631s] -- Found PCL_MODELER: /usr/include/pcl-1.12  
[14.632s] -- looking for PCL_POINT_CLOUD_EDITOR
[14.634s] -- Found PCL_POINT_CLOUD_EDITOR: /usr/include/pcl-1.12  
[14.635s] -- looking for PCL_OUTOFCORE
[14.641s] -- Found PCL_OUTOFCORE: /usr/lib/aarch64-linux-gnu/libpcl_outofcore.so  
[14.642s] -- looking for PCL_PEOPLE
[14.648s] -- Found PCL_PEOPLE: /usr/lib/aarch64-linux-gnu/libpcl_people.so  
[14.653s] -- Found PCL: pcl_common;pcl_kdtree;pcl_octree;pcl_search;pcl_sample_consensus;pcl_filters;pcl_io;pcl_features;pcl_ml;pcl_segmentation;pcl_visualization;pcl_surface;pcl_registration;pcl_keypoints;pcl_tracking;pcl_recognition;pcl_stereo;pcl_apps;pcl_outofcore;pcl_people;Boost::system;Boost::filesystem;Boost::date_time;Boost::iostreams;Boost::serialization;/usr/lib/libOpenNI.so;libusb::libusb;/usr/lib/aarch64-linux-gnu/libOpenNI2.so;libusb::libusb;VTK::ChartsCore;VTK::CommonColor;VTK::CommonComputationalGeometry;VTK::CommonCore;VTK::CommonDataModel;VTK::CommonExecutionModel;VTK::CommonMath;VTK::CommonMisc;VTK::CommonTransforms;VTK::FiltersCore;VTK::FiltersExtraction;VTK::FiltersGeneral;VTK::FiltersGeometry;VTK::FiltersModeling;VTK::FiltersSources;VTK::ImagingCore;VTK::ImagingSources;VTK::InteractionImage;VTK::InteractionStyle;VTK::InteractionWidgets;VTK::IOCore;VTK::IOGeometry;VTK::IOImage;VTK::IOLegacy;VTK::IOPLY;VTK::RenderingAnnotation;VTK::RenderingCore;VTK::RenderingContext2D;VTK::RenderingLOD;VTK::RenderingFreeType;VTK::ViewsCore;VTK::ViewsContext2D;VTK::RenderingOpenGL2;VTK::GUISupportQt;FLANN::FLANN;QHULL::QHULL  
[14.659s] -- Found diagnostic_updater: 4.0.2 (/opt/ros/humble/share/diagnostic_updater/cmake)
[14.772s] -- Found lslidar_msgs: 1.2.0 (/home/sunrise/agri_robot_ws/install/lslidar_msgs/share/lslidar_msgs/cmake)
[14.862s] -- Found pluginlib: 5.1.0 (/opt/ros/humble/share/pluginlib/cmake)
[14.976s] -- Found pcl_conversions: 2.4.5 (/opt/ros/humble/share/pcl_conversions/cmake)
[15.812s] -- Configuring done
[16.121s] -- Generating done
[16.193s] -- Build files have been written to: /home/sunrise/agri_robot_ws/build/lslidar_driver
[16.322s] Invoked command in '/home/sunrise/agri_robot_ws/build/lslidar_driver' returned '0': AMENT_PREFIX_PATH=/home/sunrise/agri_robot_ws/install/lslidar_msgs:${AMENT_PREFIX_PATH} CMAKE_PREFIX_PATH=/home/sunrise/agri_robot_ws/install/lslidar_msgs:/opt/ros/humble LD_LIBRARY_PATH=/home/sunrise/agri_robot_ws/install/lslidar_msgs/lib:/opt/ros/humble/opt/rviz_ogre_vendor/lib:/opt/ros/humble/lib/aarch64-linux-gnu:/opt/ros/humble/lib:/usr/hobot/lib:/app/lib:/app/pub/lib:/middleware/lib:/middleware/pub/lib:/usr/hobot/lib/sensor:/system/lib:/system/usr/lib:/lib:/usr/local/lib PYTHONPATH=/home/sunrise/agri_robot_ws/install/lslidar_msgs/local/lib/python3.10/dist-packages:${PYTHONPATH} /usr/bin/cmake /home/sunrise/agri_robot_ws/src/LSLIDAR_X_ROS2-20240228/src/lslidar_driver -DAMENT_CMAKE_SYMLINK_INSTALL=1 -DCMAKE_INSTALL_PREFIX=/home/sunrise/agri_robot_ws/install/lslidar_driver
[16.330s] Invoking command in '/home/sunrise/agri_robot_ws/build/lslidar_driver': AMENT_PREFIX_PATH=/home/sunrise/agri_robot_ws/install/lslidar_msgs:${AMENT_PREFIX_PATH} CMAKE_PREFIX_PATH=/home/sunrise/agri_robot_ws/install/lslidar_msgs:/opt/ros/humble LD_LIBRARY_PATH=/home/sunrise/agri_robot_ws/install/lslidar_msgs/lib:/opt/ros/humble/opt/rviz_ogre_vendor/lib:/opt/ros/humble/lib/aarch64-linux-gnu:/opt/ros/humble/lib:/usr/hobot/lib:/app/lib:/app/pub/lib:/middleware/lib:/middleware/pub/lib:/usr/hobot/lib/sensor:/system/lib:/system/usr/lib:/lib:/usr/local/lib PYTHONPATH=/home/sunrise/agri_robot_ws/install/lslidar_msgs/local/lib/python3.10/dist-packages:${PYTHONPATH} /usr/bin/cmake --build /home/sunrise/agri_robot_ws/build/lslidar_driver
[16.569s] [ 20%] [32mBuilding CXX object CMakeFiles/lslidar_driver_node.dir/src/lslidar_driver_node.cc.o[0m
[65.449s] [ 40%] [32mBuilding CXX object CMakeFiles/lslidar_driver_node.dir/src/lslidar_driver.cc.o[0m
[153.076s] [ 60%] [32mBuilding CXX object CMakeFiles/lslidar_driver_node.dir/src/input.cc.o[0m
[169.991s] [ 80%] [32mBuilding CXX object CMakeFiles/lslidar_driver_node.dir/src/lsiosr.cpp.o[0m
[171.962s] [100%] [32m[1mLinking CXX executable lslidar_driver_node[0m
[187.143s] [100%] Built target lslidar_driver_node
[187.504s] Invoked command in '/home/sunrise/agri_robot_ws/build/lslidar_driver' returned '0': AMENT_PREFIX_PATH=/home/sunrise/agri_robot_ws/install/lslidar_msgs:${AMENT_PREFIX_PATH} CMAKE_PREFIX_PATH=/home/sunrise/agri_robot_ws/install/lslidar_msgs:/opt/ros/humble LD_LIBRARY_PATH=/home/sunrise/agri_robot_ws/install/lslidar_msgs/lib:/opt/ros/humble/opt/rviz_ogre_vendor/lib:/opt/ros/humble/lib/aarch64-linux-gnu:/opt/ros/humble/lib:/usr/hobot/lib:/app/lib:/app/pub/lib:/middleware/lib:/middleware/pub/lib:/usr/hobot/lib/sensor:/system/lib:/system/usr/lib:/lib:/usr/local/lib PYTHONPATH=/home/sunrise/agri_robot_ws/install/lslidar_msgs/local/lib/python3.10/dist-packages:${PYTHONPATH} /usr/bin/cmake --build /home/sunrise/agri_robot_ws/build/lslidar_driver
[187.675s] Invoking command in '/home/sunrise/agri_robot_ws/build/lslidar_driver': AMENT_PREFIX_PATH=/home/sunrise/agri_robot_ws/install/lslidar_msgs:${AMENT_PREFIX_PATH} CMAKE_PREFIX_PATH=/home/sunrise/agri_robot_ws/install/lslidar_msgs:/opt/ros/humble LD_LIBRARY_PATH=/home/sunrise/agri_robot_ws/install/lslidar_msgs/lib:/opt/ros/humble/opt/rviz_ogre_vendor/lib:/opt/ros/humble/lib/aarch64-linux-gnu:/opt/ros/humble/lib:/usr/hobot/lib:/app/lib:/app/pub/lib:/middleware/lib:/middleware/pub/lib:/usr/hobot/lib/sensor:/system/lib:/system/usr/lib:/lib:/usr/local/lib PYTHONPATH=/home/sunrise/agri_robot_ws/install/lslidar_msgs/local/lib/python3.10/dist-packages:${PYTHONPATH} /usr/bin/cmake --install /home/sunrise/agri_robot_ws/build/lslidar_driver
[187.744s] -- Install configuration: ""
[187.745s] -- Execute custom install script
[187.745s] -- Symlinking: /home/sunrise/agri_robot_ws/install/lslidar_driver/share/lslidar_driver/launch/lslidar_double_launch.py
[187.779s] -- Symlinking: /home/sunrise/agri_robot_ws/install/lslidar_driver/share/lslidar_driver/launch/lsm10_net_launch.py
[187.819s] -- Symlinking: /home/sunrise/agri_robot_ws/install/lslidar_driver/share/lslidar_driver/launch/lsm10_uart_launch.py
[187.867s] -- Symlinking: /home/sunrise/agri_robot_ws/install/lslidar_driver/share/lslidar_driver/launch/lsm10p_net_launch.py
[187.916s] -- Symlinking: /home/sunrise/agri_robot_ws/install/lslidar_driver/share/lslidar_driver/launch/lsm10p_uart_launch.py
[187.963s] -- Symlinking: /home/sunrise/agri_robot_ws/install/lslidar_driver/share/lslidar_driver/launch/lsn10_launch.py
[188.014s] -- Symlinking: /home/sunrise/agri_robot_ws/install/lslidar_driver/share/lslidar_driver/launch/lsn10_net_launch.py
[188.063s] -- Symlinking: /home/sunrise/agri_robot_ws/install/lslidar_driver/share/lslidar_driver/launch/lsn10p_launch.py
[188.112s] -- Symlinking: /home/sunrise/agri_robot_ws/install/lslidar_driver/share/lslidar_driver/launch/lsn10p_net_launch.py
[188.160s] -- Symlinking: /home/sunrise/agri_robot_ws/install/lslidar_driver/share/lslidar_driver/launch/viewer_scan_launch.py
[188.213s] -- Symlinking: /home/sunrise/agri_robot_ws/install/lslidar_driver/share/lslidar_driver/params/lidar_net_ros2/lsm10_net.yaml
[188.258s] -- Symlinking: /home/sunrise/agri_robot_ws/install/lslidar_driver/share/lslidar_driver/params/lidar_net_ros2/lsm10p_net.yaml
[188.305s] -- Symlinking: /home/sunrise/agri_robot_ws/install/lslidar_driver/share/lslidar_driver/params/lidar_net_ros2/lsn10_net.yaml
[188.355s] -- Symlinking: /home/sunrise/agri_robot_ws/install/lslidar_driver/share/lslidar_driver/params/lidar_net_ros2/lsn10p_net.yaml
[188.404s] -- Symlinking: /home/sunrise/agri_robot_ws/install/lslidar_driver/share/lslidar_driver/params/lidar_uart_ros2/lsm10.yaml
[188.454s] -- Symlinking: /home/sunrise/agri_robot_ws/install/lslidar_driver/share/lslidar_driver/params/lidar_uart_ros2/lsm10_p.yaml
[188.503s] -- Symlinking: /home/sunrise/agri_robot_ws/install/lslidar_driver/share/lslidar_driver/params/lidar_uart_ros2/lsn10.yaml
[188.553s] -- Symlinking: /home/sunrise/agri_robot_ws/install/lslidar_driver/share/lslidar_driver/params/lidar_uart_ros2/lsn10p.yaml
[188.605s] -- Symlinking: /home/sunrise/agri_robot_ws/install/lslidar_driver/share/lslidar_driver/rviz/lslidar.rviz
[188.656s] -- Symlinking: /home/sunrise/agri_robot_ws/install/lslidar_driver/lib/lslidar_driver/lslidar_driver_node
[188.715s] -- Symlinking: /home/sunrise/agri_robot_ws/install/lslidar_driver/share/ament_index/resource_index/package_run_dependencies/lslidar_driver
[188.763s] -- Symlinking: /home/sunrise/agri_robot_ws/install/lslidar_driver/share/ament_index/resource_index/parent_prefix_path/lslidar_driver
[188.812s] -- Symlinking: /home/sunrise/agri_robot_ws/install/lslidar_driver/share/lslidar_driver/environment/ament_prefix_path.sh
[188.855s] -- Symlinking: /home/sunrise/agri_robot_ws/install/lslidar_driver/share/lslidar_driver/environment/ament_prefix_path.dsv
[188.904s] -- Symlinking: /home/sunrise/agri_robot_ws/install/lslidar_driver/share/lslidar_driver/environment/path.sh
[188.956s] -- Symlinking: /home/sunrise/agri_robot_ws/install/lslidar_driver/share/lslidar_driver/environment/path.dsv
[189.007s] -- Symlinking: /home/sunrise/agri_robot_ws/install/lslidar_driver/share/lslidar_driver/local_setup.bash
[189.058s] -- Symlinking: /home/sunrise/agri_robot_ws/install/lslidar_driver/share/lslidar_driver/local_setup.sh
[189.108s] -- Symlinking: /home/sunrise/agri_robot_ws/install/lslidar_driver/share/lslidar_driver/local_setup.zsh
[189.155s] -- Symlinking: /home/sunrise/agri_robot_ws/install/lslidar_driver/share/lslidar_driver/local_setup.dsv
[189.198s] -- Symlinking: /home/sunrise/agri_robot_ws/install/lslidar_driver/share/lslidar_driver/package.dsv
[189.242s] -- Symlinking: /home/sunrise/agri_robot_ws/install/lslidar_driver/share/ament_index/resource_index/packages/lslidar_driver
[189.289s] -- Symlinking: /home/sunrise/agri_robot_ws/install/lslidar_driver/share/lslidar_driver/cmake/ament_cmake_export_dependencies-extras.cmake
[189.332s] -- Symlinking: /home/sunrise/agri_robot_ws/install/lslidar_driver/share/lslidar_driver/cmake/ament_cmake_export_include_directories-extras.cmake
[189.374s] -- Symlinking: /home/sunrise/agri_robot_ws/install/lslidar_driver/share/lslidar_driver/cmake/lslidar_driverConfig.cmake
[189.422s] -- Symlinking: /home/sunrise/agri_robot_ws/install/lslidar_driver/share/lslidar_driver/cmake/lslidar_driverConfig-version.cmake
[189.473s] -- Symlinking: /home/sunrise/agri_robot_ws/install/lslidar_driver/share/lslidar_driver/package.xml
[189.557s] Invoked command in '/home/sunrise/agri_robot_ws/build/lslidar_driver' returned '0': AMENT_PREFIX_PATH=/home/sunrise/agri_robot_ws/install/lslidar_msgs:${AMENT_PREFIX_PATH} CMAKE_PREFIX_PATH=/home/sunrise/agri_robot_ws/install/lslidar_msgs:/opt/ros/humble LD_LIBRARY_PATH=/home/sunrise/agri_robot_ws/install/lslidar_msgs/lib:/opt/ros/humble/opt/rviz_ogre_vendor/lib:/opt/ros/humble/lib/aarch64-linux-gnu:/opt/ros/humble/lib:/usr/hobot/lib:/app/lib:/app/pub/lib:/middleware/lib:/middleware/pub/lib:/usr/hobot/lib/sensor:/system/lib:/system/usr/lib:/lib:/usr/local/lib PYTHONPATH=/home/sunrise/agri_robot_ws/install/lslidar_msgs/local/lib/python3.10/dist-packages:${PYTHONPATH} /usr/bin/cmake --install /home/sunrise/agri_robot_ws/build/lslidar_driver
