[0.659s] DEBUG:colcon:Command line arguments: ['/usr/bin/colcon', 'build', '--packages-select', 'agri_imu_driver', '--symlink-install']
[0.659s] DEBUG:colcon:Parsed command line arguments: Namespace(log_base=None, log_level=None, verb_name='build', build_base='build', install_base='install', merge_install=False, symlink_install=True, test_result_base=None, continue_on_error=False, executor='parallel', parallel_workers=8, event_handlers=None, ignore_user_meta=False, metas=['./colcon.meta'], base_paths=['.'], packages_ignore=None, packages_ignore_regex=None, paths=None, packages_up_to=None, packages_up_to_regex=None, packages_above=None, packages_above_and_dependencies=None, packages_above_depth=None, packages_select_by_dep=None, packages_skip_by_dep=None, packages_skip_up_to=None, packages_select_build_failed=False, packages_skip_build_finished=False, packages_select_test_failures=False, packages_skip_test_passed=False, packages_select=['agri_imu_driver'], packages_skip=None, packages_select_regex=None, packages_skip_regex=None, packages_start=None, packages_end=None, allow_overriding=[], cmake_args=None, cmake_target=None, cmake_target_skip_unavailable=False, cmake_clean_cache=False, cmake_clean_first=False, cmake_force_configure=False, ament_cmake_args=None, catkin_cmake_args=None, catkin_skip_building_tests=False, verb_parser=<colcon_defaults.argument_parser.defaults.DefaultArgumentsDecorator object at 0xffff91cc33d0>, verb_extension=<colcon_core.verb.build.BuildVerb object at 0xffff91cc2f50>, main=<bound method BuildVerb.main of <colcon_core.verb.build.BuildVerb object at 0xffff91cc2f50>>)
[0.889s] Level 1:colcon.colcon_core.package_discovery:discover_packages(colcon_meta) check parameters
[0.890s] Level 1:colcon.colcon_core.package_discovery:discover_packages(recursive) check parameters
[0.890s] Level 1:colcon.colcon_core.package_discovery:discover_packages(ignore) check parameters
[0.890s] Level 1:colcon.colcon_core.package_discovery:discover_packages(path) check parameters
[0.890s] Level 1:colcon.colcon_core.package_discovery:discover_packages(colcon_meta) discover
[0.891s] Level 1:colcon.colcon_core.package_discovery:discover_packages(recursive) discover
[0.891s] INFO:colcon.colcon_core.package_discovery:Crawling recursively for packages in '/home/sunrise/agri_robot_ws'
[0.891s] Level 1:colcon.colcon_core.package_identification:_identify(.) by extensions ['ignore', 'ignore_ament_install']
[0.892s] Level 1:colcon.colcon_core.package_identification:_identify(.) by extension 'ignore'
[0.892s] Level 1:colcon.colcon_core.package_identification:_identify(.) by extension 'ignore_ament_install'
[0.893s] Level 1:colcon.colcon_core.package_identification:_identify(.) by extensions ['colcon_pkg']
[0.893s] Level 1:colcon.colcon_core.package_identification:_identify(.) by extension 'colcon_pkg'
[0.893s] Level 1:colcon.colcon_core.package_identification:_identify(.) by extensions ['colcon_meta']
[0.893s] Level 1:colcon.colcon_core.package_identification:_identify(.) by extension 'colcon_meta'
[0.893s] Level 1:colcon.colcon_core.package_identification:_identify(.) by extensions ['ros']
[0.894s] Level 1:colcon.colcon_core.package_identification:_identify(.) by extension 'ros'
[0.984s] Level 1:colcon.colcon_core.package_identification:_identify(.) by extensions ['cmake', 'python']
[0.984s] Level 1:colcon.colcon_core.package_identification:_identify(.) by extension 'cmake'
[0.984s] Level 1:colcon.colcon_core.package_identification:_identify(.) by extension 'python'
[0.985s] Level 1:colcon.colcon_core.package_identification:_identify(.) by extensions ['python_setup_py']
[0.985s] Level 1:colcon.colcon_core.package_identification:_identify(.) by extension 'python_setup_py'
[0.985s] Level 1:colcon.colcon_core.package_identification:_identify(build) by extensions ['ignore', 'ignore_ament_install']
[0.986s] Level 1:colcon.colcon_core.package_identification:_identify(build) by extension 'ignore'
[0.986s] Level 1:colcon.colcon_core.package_identification:_identify(build) ignored
[0.987s] Level 1:colcon.colcon_core.package_identification:_identify(config) by extensions ['ignore', 'ignore_ament_install']
[0.987s] Level 1:colcon.colcon_core.package_identification:_identify(config) by extension 'ignore'
[0.987s] Level 1:colcon.colcon_core.package_identification:_identify(config) by extension 'ignore_ament_install'
[0.988s] Level 1:colcon.colcon_core.package_identification:_identify(config) by extensions ['colcon_pkg']
[0.988s] Level 1:colcon.colcon_core.package_identification:_identify(config) by extension 'colcon_pkg'
[0.988s] Level 1:colcon.colcon_core.package_identification:_identify(config) by extensions ['colcon_meta']
[0.988s] Level 1:colcon.colcon_core.package_identification:_identify(config) by extension 'colcon_meta'
[0.989s] Level 1:colcon.colcon_core.package_identification:_identify(config) by extensions ['ros']
[0.989s] Level 1:colcon.colcon_core.package_identification:_identify(config) by extension 'ros'
[0.989s] Level 1:colcon.colcon_core.package_identification:_identify(config) by extensions ['cmake', 'python']
[0.989s] Level 1:colcon.colcon_core.package_identification:_identify(config) by extension 'cmake'
[0.990s] Level 1:colcon.colcon_core.package_identification:_identify(config) by extension 'python'
[0.990s] Level 1:colcon.colcon_core.package_identification:_identify(config) by extensions ['python_setup_py']
[0.990s] Level 1:colcon.colcon_core.package_identification:_identify(config) by extension 'python_setup_py'
[0.991s] Level 1:colcon.colcon_core.package_identification:_identify(images) by extensions ['ignore', 'ignore_ament_install']
[0.991s] Level 1:colcon.colcon_core.package_identification:_identify(images) by extension 'ignore'
[0.991s] Level 1:colcon.colcon_core.package_identification:_identify(images) by extension 'ignore_ament_install'
[0.992s] Level 1:colcon.colcon_core.package_identification:_identify(images) by extensions ['colcon_pkg']
[0.992s] Level 1:colcon.colcon_core.package_identification:_identify(images) by extension 'colcon_pkg'
[0.992s] Level 1:colcon.colcon_core.package_identification:_identify(images) by extensions ['colcon_meta']
[0.992s] Level 1:colcon.colcon_core.package_identification:_identify(images) by extension 'colcon_meta'
[0.992s] Level 1:colcon.colcon_core.package_identification:_identify(images) by extensions ['ros']
[0.993s] Level 1:colcon.colcon_core.package_identification:_identify(images) by extension 'ros'
[0.993s] Level 1:colcon.colcon_core.package_identification:_identify(images) by extensions ['cmake', 'python']
[0.993s] Level 1:colcon.colcon_core.package_identification:_identify(images) by extension 'cmake'
[0.993s] Level 1:colcon.colcon_core.package_identification:_identify(images) by extension 'python'
[0.994s] Level 1:colcon.colcon_core.package_identification:_identify(images) by extensions ['python_setup_py']
[0.994s] Level 1:colcon.colcon_core.package_identification:_identify(images) by extension 'python_setup_py'
[0.994s] Level 1:colcon.colcon_core.package_identification:_identify(install) by extensions ['ignore', 'ignore_ament_install']
[0.995s] Level 1:colcon.colcon_core.package_identification:_identify(install) by extension 'ignore'
[0.995s] Level 1:colcon.colcon_core.package_identification:_identify(install) ignored
[0.995s] Level 1:colcon.colcon_core.package_identification:_identify(local_capture) by extensions ['ignore', 'ignore_ament_install']
[0.996s] Level 1:colcon.colcon_core.package_identification:_identify(local_capture) by extension 'ignore'
[0.996s] Level 1:colcon.colcon_core.package_identification:_identify(local_capture) by extension 'ignore_ament_install'
[0.996s] Level 1:colcon.colcon_core.package_identification:_identify(local_capture) by extensions ['colcon_pkg']
[0.997s] Level 1:colcon.colcon_core.package_identification:_identify(local_capture) by extension 'colcon_pkg'
[0.997s] Level 1:colcon.colcon_core.package_identification:_identify(local_capture) by extensions ['colcon_meta']
[0.997s] Level 1:colcon.colcon_core.package_identification:_identify(local_capture) by extension 'colcon_meta'
[0.997s] Level 1:colcon.colcon_core.package_identification:_identify(local_capture) by extensions ['ros']
[0.997s] Level 1:colcon.colcon_core.package_identification:_identify(local_capture) by extension 'ros'
[0.998s] Level 1:colcon.colcon_core.package_identification:_identify(local_capture) by extensions ['cmake', 'python']
[0.998s] Level 1:colcon.colcon_core.package_identification:_identify(local_capture) by extension 'cmake'
[0.998s] Level 1:colcon.colcon_core.package_identification:_identify(local_capture) by extension 'python'
[0.999s] Level 1:colcon.colcon_core.package_identification:_identify(local_capture) by extensions ['python_setup_py']
[0.999s] Level 1:colcon.colcon_core.package_identification:_identify(local_capture) by extension 'python_setup_py'
[1.000s] Level 1:colcon.colcon_core.package_identification:_identify(local_capture/images) by extensions ['ignore', 'ignore_ament_install']
[1.000s] Level 1:colcon.colcon_core.package_identification:_identify(local_capture/images) by extension 'ignore'
[1.000s] Level 1:colcon.colcon_core.package_identification:_identify(local_capture/images) by extension 'ignore_ament_install'
[1.001s] Level 1:colcon.colcon_core.package_identification:_identify(local_capture/images) by extensions ['colcon_pkg']
[1.001s] Level 1:colcon.colcon_core.package_identification:_identify(local_capture/images) by extension 'colcon_pkg'
[1.001s] Level 1:colcon.colcon_core.package_identification:_identify(local_capture/images) by extensions ['colcon_meta']
[1.001s] Level 1:colcon.colcon_core.package_identification:_identify(local_capture/images) by extension 'colcon_meta'
[1.001s] Level 1:colcon.colcon_core.package_identification:_identify(local_capture/images) by extensions ['ros']
[1.002s] Level 1:colcon.colcon_core.package_identification:_identify(local_capture/images) by extension 'ros'
[1.002s] Level 1:colcon.colcon_core.package_identification:_identify(local_capture/images) by extensions ['cmake', 'python']
[1.002s] Level 1:colcon.colcon_core.package_identification:_identify(local_capture/images) by extension 'cmake'
[1.002s] Level 1:colcon.colcon_core.package_identification:_identify(local_capture/images) by extension 'python'
[1.003s] Level 1:colcon.colcon_core.package_identification:_identify(local_capture/images) by extensions ['python_setup_py']
[1.003s] Level 1:colcon.colcon_core.package_identification:_identify(local_capture/images) by extension 'python_setup_py'
[1.003s] Level 1:colcon.colcon_core.package_identification:_identify(local_capture/videos) by extensions ['ignore', 'ignore_ament_install']
[1.004s] Level 1:colcon.colcon_core.package_identification:_identify(local_capture/videos) by extension 'ignore'
[1.004s] Level 1:colcon.colcon_core.package_identification:_identify(local_capture/videos) by extension 'ignore_ament_install'
[1.004s] Level 1:colcon.colcon_core.package_identification:_identify(local_capture/videos) by extensions ['colcon_pkg']
[1.005s] Level 1:colcon.colcon_core.package_identification:_identify(local_capture/videos) by extension 'colcon_pkg'
[1.005s] Level 1:colcon.colcon_core.package_identification:_identify(local_capture/videos) by extensions ['colcon_meta']
[1.005s] Level 1:colcon.colcon_core.package_identification:_identify(local_capture/videos) by extension 'colcon_meta'
[1.005s] Level 1:colcon.colcon_core.package_identification:_identify(local_capture/videos) by extensions ['ros']
[1.006s] Level 1:colcon.colcon_core.package_identification:_identify(local_capture/videos) by extension 'ros'
[1.006s] Level 1:colcon.colcon_core.package_identification:_identify(local_capture/videos) by extensions ['cmake', 'python']
[1.006s] Level 1:colcon.colcon_core.package_identification:_identify(local_capture/videos) by extension 'cmake'
[1.006s] Level 1:colcon.colcon_core.package_identification:_identify(local_capture/videos) by extension 'python'
[1.007s] Level 1:colcon.colcon_core.package_identification:_identify(local_capture/videos) by extensions ['python_setup_py']
[1.007s] Level 1:colcon.colcon_core.package_identification:_identify(local_capture/videos) by extension 'python_setup_py'
[1.007s] Level 1:colcon.colcon_core.package_identification:_identify(log) by extensions ['ignore', 'ignore_ament_install']
[1.008s] Level 1:colcon.colcon_core.package_identification:_identify(log) by extension 'ignore'
[1.008s] Level 1:colcon.colcon_core.package_identification:_identify(log) ignored
[1.008s] Level 1:colcon.colcon_core.package_identification:_identify(logs) by extensions ['ignore', 'ignore_ament_install']
[1.009s] Level 1:colcon.colcon_core.package_identification:_identify(logs) by extension 'ignore'
[1.009s] Level 1:colcon.colcon_core.package_identification:_identify(logs) by extension 'ignore_ament_install'
[1.009s] Level 1:colcon.colcon_core.package_identification:_identify(logs) by extensions ['colcon_pkg']
[1.010s] Level 1:colcon.colcon_core.package_identification:_identify(logs) by extension 'colcon_pkg'
[1.010s] Level 1:colcon.colcon_core.package_identification:_identify(logs) by extensions ['colcon_meta']
[1.010s] Level 1:colcon.colcon_core.package_identification:_identify(logs) by extension 'colcon_meta'
[1.010s] Level 1:colcon.colcon_core.package_identification:_identify(logs) by extensions ['ros']
[1.010s] Level 1:colcon.colcon_core.package_identification:_identify(logs) by extension 'ros'
[1.011s] Level 1:colcon.colcon_core.package_identification:_identify(logs) by extensions ['cmake', 'python']
[1.011s] Level 1:colcon.colcon_core.package_identification:_identify(logs) by extension 'cmake'
[1.011s] Level 1:colcon.colcon_core.package_identification:_identify(logs) by extension 'python'
[1.012s] Level 1:colcon.colcon_core.package_identification:_identify(logs) by extensions ['python_setup_py']
[1.012s] Level 1:colcon.colcon_core.package_identification:_identify(logs) by extension 'python_setup_py'
[1.012s] Level 1:colcon.colcon_core.package_identification:_identify(maps) by extensions ['ignore', 'ignore_ament_install']
[1.013s] Level 1:colcon.colcon_core.package_identification:_identify(maps) by extension 'ignore'
[1.013s] Level 1:colcon.colcon_core.package_identification:_identify(maps) by extension 'ignore_ament_install'
[1.013s] Level 1:colcon.colcon_core.package_identification:_identify(maps) by extensions ['colcon_pkg']
[1.013s] Level 1:colcon.colcon_core.package_identification:_identify(maps) by extension 'colcon_pkg'
[1.014s] Level 1:colcon.colcon_core.package_identification:_identify(maps) by extensions ['colcon_meta']
[1.014s] Level 1:colcon.colcon_core.package_identification:_identify(maps) by extension 'colcon_meta'
[1.014s] Level 1:colcon.colcon_core.package_identification:_identify(maps) by extensions ['ros']
[1.014s] Level 1:colcon.colcon_core.package_identification:_identify(maps) by extension 'ros'
[1.015s] Level 1:colcon.colcon_core.package_identification:_identify(maps) by extensions ['cmake', 'python']
[1.015s] Level 1:colcon.colcon_core.package_identification:_identify(maps) by extension 'cmake'
[1.015s] Level 1:colcon.colcon_core.package_identification:_identify(maps) by extension 'python'
[1.015s] Level 1:colcon.colcon_core.package_identification:_identify(maps) by extensions ['python_setup_py']
[1.016s] Level 1:colcon.colcon_core.package_identification:_identify(maps) by extension 'python_setup_py'
[1.016s] Level 1:colcon.colcon_core.package_identification:_identify(scripts) by extensions ['ignore', 'ignore_ament_install']
[1.016s] Level 1:colcon.colcon_core.package_identification:_identify(scripts) by extension 'ignore'
[1.017s] Level 1:colcon.colcon_core.package_identification:_identify(scripts) by extension 'ignore_ament_install'
[1.017s] Level 1:colcon.colcon_core.package_identification:_identify(scripts) by extensions ['colcon_pkg']
[1.017s] Level 1:colcon.colcon_core.package_identification:_identify(scripts) by extension 'colcon_pkg'
[1.017s] Level 1:colcon.colcon_core.package_identification:_identify(scripts) by extensions ['colcon_meta']
[1.018s] Level 1:colcon.colcon_core.package_identification:_identify(scripts) by extension 'colcon_meta'
[1.018s] Level 1:colcon.colcon_core.package_identification:_identify(scripts) by extensions ['ros']
[1.018s] Level 1:colcon.colcon_core.package_identification:_identify(scripts) by extension 'ros'
[1.019s] Level 1:colcon.colcon_core.package_identification:_identify(scripts) by extensions ['cmake', 'python']
[1.019s] Level 1:colcon.colcon_core.package_identification:_identify(scripts) by extension 'cmake'
[1.019s] Level 1:colcon.colcon_core.package_identification:_identify(scripts) by extension 'python'
[1.019s] Level 1:colcon.colcon_core.package_identification:_identify(scripts) by extensions ['python_setup_py']
[1.019s] Level 1:colcon.colcon_core.package_identification:_identify(scripts) by extension 'python_setup_py'
[1.020s] Level 1:colcon.colcon_core.package_identification:_identify(src) by extensions ['ignore', 'ignore_ament_install']
[1.020s] Level 1:colcon.colcon_core.package_identification:_identify(src) by extension 'ignore'
[1.021s] Level 1:colcon.colcon_core.package_identification:_identify(src) by extension 'ignore_ament_install'
[1.021s] Level 1:colcon.colcon_core.package_identification:_identify(src) by extensions ['colcon_pkg']
[1.021s] Level 1:colcon.colcon_core.package_identification:_identify(src) by extension 'colcon_pkg'
[1.021s] Level 1:colcon.colcon_core.package_identification:_identify(src) by extensions ['colcon_meta']
[1.022s] Level 1:colcon.colcon_core.package_identification:_identify(src) by extension 'colcon_meta'
[1.022s] Level 1:colcon.colcon_core.package_identification:_identify(src) by extensions ['ros']
[1.022s] Level 1:colcon.colcon_core.package_identification:_identify(src) by extension 'ros'
[1.022s] Level 1:colcon.colcon_core.package_identification:_identify(src) by extensions ['cmake', 'python']
[1.023s] Level 1:colcon.colcon_core.package_identification:_identify(src) by extension 'cmake'
[1.023s] Level 1:colcon.colcon_core.package_identification:_identify(src) by extension 'python'
[1.023s] Level 1:colcon.colcon_core.package_identification:_identify(src) by extensions ['python_setup_py']
[1.023s] Level 1:colcon.colcon_core.package_identification:_identify(src) by extension 'python_setup_py'
[1.024s] Level 1:colcon.colcon_core.package_identification:_identify(src/LSLIDAR_X_ROS2-20240228) by extensions ['ignore', 'ignore_ament_install']
[1.024s] Level 1:colcon.colcon_core.package_identification:_identify(src/LSLIDAR_X_ROS2-20240228) by extension 'ignore'
[1.024s] Level 1:colcon.colcon_core.package_identification:_identify(src/LSLIDAR_X_ROS2-20240228) by extension 'ignore_ament_install'
[1.025s] Level 1:colcon.colcon_core.package_identification:_identify(src/LSLIDAR_X_ROS2-20240228) by extensions ['colcon_pkg']
[1.025s] Level 1:colcon.colcon_core.package_identification:_identify(src/LSLIDAR_X_ROS2-20240228) by extension 'colcon_pkg'
[1.025s] Level 1:colcon.colcon_core.package_identification:_identify(src/LSLIDAR_X_ROS2-20240228) by extensions ['colcon_meta']
[1.025s] Level 1:colcon.colcon_core.package_identification:_identify(src/LSLIDAR_X_ROS2-20240228) by extension 'colcon_meta'
[1.026s] Level 1:colcon.colcon_core.package_identification:_identify(src/LSLIDAR_X_ROS2-20240228) by extensions ['ros']
[1.026s] Level 1:colcon.colcon_core.package_identification:_identify(src/LSLIDAR_X_ROS2-20240228) by extension 'ros'
[1.026s] Level 1:colcon.colcon_core.package_identification:_identify(src/LSLIDAR_X_ROS2-20240228) by extensions ['cmake', 'python']
[1.026s] Level 1:colcon.colcon_core.package_identification:_identify(src/LSLIDAR_X_ROS2-20240228) by extension 'cmake'
[1.027s] Level 1:colcon.colcon_core.package_identification:_identify(src/LSLIDAR_X_ROS2-20240228) by extension 'python'
[1.027s] Level 1:colcon.colcon_core.package_identification:_identify(src/LSLIDAR_X_ROS2-20240228) by extensions ['python_setup_py']
[1.027s] Level 1:colcon.colcon_core.package_identification:_identify(src/LSLIDAR_X_ROS2-20240228) by extension 'python_setup_py'
[1.028s] Level 1:colcon.colcon_core.package_identification:_identify(src/LSLIDAR_X_ROS2-20240228/src) by extensions ['ignore', 'ignore_ament_install']
[1.028s] Level 1:colcon.colcon_core.package_identification:_identify(src/LSLIDAR_X_ROS2-20240228/src) by extension 'ignore'
[1.028s] Level 1:colcon.colcon_core.package_identification:_identify(src/LSLIDAR_X_ROS2-20240228/src) by extension 'ignore_ament_install'
[1.029s] Level 1:colcon.colcon_core.package_identification:_identify(src/LSLIDAR_X_ROS2-20240228/src) by extensions ['colcon_pkg']
[1.029s] Level 1:colcon.colcon_core.package_identification:_identify(src/LSLIDAR_X_ROS2-20240228/src) by extension 'colcon_pkg'
[1.029s] Level 1:colcon.colcon_core.package_identification:_identify(src/LSLIDAR_X_ROS2-20240228/src) by extensions ['colcon_meta']
[1.029s] Level 1:colcon.colcon_core.package_identification:_identify(src/LSLIDAR_X_ROS2-20240228/src) by extension 'colcon_meta'
[1.030s] Level 1:colcon.colcon_core.package_identification:_identify(src/LSLIDAR_X_ROS2-20240228/src) by extensions ['ros']
[1.030s] Level 1:colcon.colcon_core.package_identification:_identify(src/LSLIDAR_X_ROS2-20240228/src) by extension 'ros'
[1.030s] Level 1:colcon.colcon_core.package_identification:_identify(src/LSLIDAR_X_ROS2-20240228/src) by extensions ['cmake', 'python']
[1.030s] Level 1:colcon.colcon_core.package_identification:_identify(src/LSLIDAR_X_ROS2-20240228/src) by extension 'cmake'
[1.031s] Level 1:colcon.colcon_core.package_identification:_identify(src/LSLIDAR_X_ROS2-20240228/src) by extension 'python'
[1.031s] Level 1:colcon.colcon_core.package_identification:_identify(src/LSLIDAR_X_ROS2-20240228/src) by extensions ['python_setup_py']
[1.031s] Level 1:colcon.colcon_core.package_identification:_identify(src/LSLIDAR_X_ROS2-20240228/src) by extension 'python_setup_py'
[1.032s] Level 1:colcon.colcon_core.package_identification:_identify(src/LSLIDAR_X_ROS2-20240228/src/lslidar_driver) by extensions ['ignore', 'ignore_ament_install']
[1.032s] Level 1:colcon.colcon_core.package_identification:_identify(src/LSLIDAR_X_ROS2-20240228/src/lslidar_driver) by extension 'ignore'
[1.032s] Level 1:colcon.colcon_core.package_identification:_identify(src/LSLIDAR_X_ROS2-20240228/src/lslidar_driver) by extension 'ignore_ament_install'
[1.033s] Level 1:colcon.colcon_core.package_identification:_identify(src/LSLIDAR_X_ROS2-20240228/src/lslidar_driver) by extensions ['colcon_pkg']
[1.033s] Level 1:colcon.colcon_core.package_identification:_identify(src/LSLIDAR_X_ROS2-20240228/src/lslidar_driver) by extension 'colcon_pkg'
[1.033s] Level 1:colcon.colcon_core.package_identification:_identify(src/LSLIDAR_X_ROS2-20240228/src/lslidar_driver) by extensions ['colcon_meta']
[1.033s] Level 1:colcon.colcon_core.package_identification:_identify(src/LSLIDAR_X_ROS2-20240228/src/lslidar_driver) by extension 'colcon_meta'
[1.034s] Level 1:colcon.colcon_core.package_identification:_identify(src/LSLIDAR_X_ROS2-20240228/src/lslidar_driver) by extensions ['ros']
[1.034s] Level 1:colcon.colcon_core.package_identification:_identify(src/LSLIDAR_X_ROS2-20240228/src/lslidar_driver) by extension 'ros'
[1.049s] DEBUG:colcon.colcon_core.package_identification:Package 'src/LSLIDAR_X_ROS2-20240228/src/lslidar_driver' with type 'ros.ament_cmake' and name 'lslidar_driver'
[1.050s] Level 1:colcon.colcon_core.package_identification:_identify(src/LSLIDAR_X_ROS2-20240228/src/lslidar_msgs) by extensions ['ignore', 'ignore_ament_install']
[1.050s] Level 1:colcon.colcon_core.package_identification:_identify(src/LSLIDAR_X_ROS2-20240228/src/lslidar_msgs) by extension 'ignore'
[1.050s] Level 1:colcon.colcon_core.package_identification:_identify(src/LSLIDAR_X_ROS2-20240228/src/lslidar_msgs) by extension 'ignore_ament_install'
[1.051s] Level 1:colcon.colcon_core.package_identification:_identify(src/LSLIDAR_X_ROS2-20240228/src/lslidar_msgs) by extensions ['colcon_pkg']
[1.051s] Level 1:colcon.colcon_core.package_identification:_identify(src/LSLIDAR_X_ROS2-20240228/src/lslidar_msgs) by extension 'colcon_pkg'
[1.051s] Level 1:colcon.colcon_core.package_identification:_identify(src/LSLIDAR_X_ROS2-20240228/src/lslidar_msgs) by extensions ['colcon_meta']
[1.051s] Level 1:colcon.colcon_core.package_identification:_identify(src/LSLIDAR_X_ROS2-20240228/src/lslidar_msgs) by extension 'colcon_meta'
[1.052s] Level 1:colcon.colcon_core.package_identification:_identify(src/LSLIDAR_X_ROS2-20240228/src/lslidar_msgs) by extensions ['ros']
[1.052s] Level 1:colcon.colcon_core.package_identification:_identify(src/LSLIDAR_X_ROS2-20240228/src/lslidar_msgs) by extension 'ros'
[1.056s] DEBUG:colcon.colcon_core.package_identification:Package 'src/LSLIDAR_X_ROS2-20240228/src/lslidar_msgs' with type 'ros.ament_cmake' and name 'lslidar_msgs'
[1.056s] Level 1:colcon.colcon_core.package_identification:_identify(src/agri_bringup) by extensions ['ignore', 'ignore_ament_install']
[1.057s] Level 1:colcon.colcon_core.package_identification:_identify(src/agri_bringup) by extension 'ignore'
[1.057s] Level 1:colcon.colcon_core.package_identification:_identify(src/agri_bringup) by extension 'ignore_ament_install'
[1.057s] Level 1:colcon.colcon_core.package_identification:_identify(src/agri_bringup) by extensions ['colcon_pkg']
[1.058s] Level 1:colcon.colcon_core.package_identification:_identify(src/agri_bringup) by extension 'colcon_pkg'
[1.058s] Level 1:colcon.colcon_core.package_identification:_identify(src/agri_bringup) by extensions ['colcon_meta']
[1.058s] Level 1:colcon.colcon_core.package_identification:_identify(src/agri_bringup) by extension 'colcon_meta'
[1.058s] Level 1:colcon.colcon_core.package_identification:_identify(src/agri_bringup) by extensions ['ros']
[1.059s] Level 1:colcon.colcon_core.package_identification:_identify(src/agri_bringup) by extension 'ros'
[1.061s] DEBUG:colcon.colcon_core.package_identification:Package 'src/agri_bringup' with type 'ros.ament_cmake' and name 'agri_bringup'
[1.062s] Level 1:colcon.colcon_core.package_identification:_identify(src/agri_car_bringup) by extensions ['ignore', 'ignore_ament_install']
[1.062s] Level 1:colcon.colcon_core.package_identification:_identify(src/agri_car_bringup) by extension 'ignore'
[1.062s] Level 1:colcon.colcon_core.package_identification:_identify(src/agri_car_bringup) by extension 'ignore_ament_install'
[1.063s] Level 1:colcon.colcon_core.package_identification:_identify(src/agri_car_bringup) by extensions ['colcon_pkg']
[1.063s] Level 1:colcon.colcon_core.package_identification:_identify(src/agri_car_bringup) by extension 'colcon_pkg'
[1.063s] Level 1:colcon.colcon_core.package_identification:_identify(src/agri_car_bringup) by extensions ['colcon_meta']
[1.063s] Level 1:colcon.colcon_core.package_identification:_identify(src/agri_car_bringup) by extension 'colcon_meta'
[1.064s] Level 1:colcon.colcon_core.package_identification:_identify(src/agri_car_bringup) by extensions ['ros']
[1.064s] Level 1:colcon.colcon_core.package_identification:_identify(src/agri_car_bringup) by extension 'ros'
[1.064s] Level 1:colcon.colcon_core.package_identification:_identify(src/agri_car_bringup) by extensions ['cmake', 'python']
[1.065s] Level 1:colcon.colcon_core.package_identification:_identify(src/agri_car_bringup) by extension 'cmake'
[1.065s] Level 1:colcon.colcon_core.package_identification:_identify(src/agri_car_bringup) by extension 'python'
[1.065s] Level 1:colcon.colcon_core.package_identification:_identify(src/agri_car_bringup) by extensions ['python_setup_py']
[1.065s] Level 1:colcon.colcon_core.package_identification:_identify(src/agri_car_bringup) by extension 'python_setup_py'
[1.066s] Level 1:colcon.colcon_core.package_identification:_identify(src/agri_car_driver) by extensions ['ignore', 'ignore_ament_install']
[1.066s] Level 1:colcon.colcon_core.package_identification:_identify(src/agri_car_driver) by extension 'ignore'
[1.066s] Level 1:colcon.colcon_core.package_identification:_identify(src/agri_car_driver) by extension 'ignore_ament_install'
[1.067s] Level 1:colcon.colcon_core.package_identification:_identify(src/agri_car_driver) by extensions ['colcon_pkg']
[1.067s] Level 1:colcon.colcon_core.package_identification:_identify(src/agri_car_driver) by extension 'colcon_pkg'
[1.067s] Level 1:colcon.colcon_core.package_identification:_identify(src/agri_car_driver) by extensions ['colcon_meta']
[1.067s] Level 1:colcon.colcon_core.package_identification:_identify(src/agri_car_driver) by extension 'colcon_meta'
[1.068s] Level 1:colcon.colcon_core.package_identification:_identify(src/agri_car_driver) by extensions ['ros']
[1.068s] Level 1:colcon.colcon_core.package_identification:_identify(src/agri_car_driver) by extension 'ros'
[1.071s] DEBUG:colcon.colcon_core.package_identification:Package 'src/agri_car_driver' with type 'ros.ament_cmake' and name 'agri_car_driver'
[1.071s] Level 1:colcon.colcon_core.package_identification:_identify(src/agri_car_serial) by extensions ['ignore', 'ignore_ament_install']
[1.072s] Level 1:colcon.colcon_core.package_identification:_identify(src/agri_car_serial) by extension 'ignore'
[1.072s] Level 1:colcon.colcon_core.package_identification:_identify(src/agri_car_serial) by extension 'ignore_ament_install'
[1.072s] Level 1:colcon.colcon_core.package_identification:_identify(src/agri_car_serial) by extensions ['colcon_pkg']
[1.072s] Level 1:colcon.colcon_core.package_identification:_identify(src/agri_car_serial) by extension 'colcon_pkg'
[1.073s] Level 1:colcon.colcon_core.package_identification:_identify(src/agri_car_serial) by extensions ['colcon_meta']
[1.073s] Level 1:colcon.colcon_core.package_identification:_identify(src/agri_car_serial) by extension 'colcon_meta'
[1.073s] Level 1:colcon.colcon_core.package_identification:_identify(src/agri_car_serial) by extensions ['ros']
[1.073s] Level 1:colcon.colcon_core.package_identification:_identify(src/agri_car_serial) by extension 'ros'
[1.074s] Level 1:colcon.colcon_core.package_identification:_identify(src/agri_car_serial) by extensions ['cmake', 'python']
[1.074s] Level 1:colcon.colcon_core.package_identification:_identify(src/agri_car_serial) by extension 'cmake'
[1.074s] Level 1:colcon.colcon_core.package_identification:_identify(src/agri_car_serial) by extension 'python'
[1.074s] Level 1:colcon.colcon_core.package_identification:_identify(src/agri_car_serial) by extensions ['python_setup_py']
[1.075s] Level 1:colcon.colcon_core.package_identification:_identify(src/agri_car_serial) by extension 'python_setup_py'
[1.075s] Level 1:colcon.colcon_core.package_identification:_identify(src/agri_car_station_client) by extensions ['ignore', 'ignore_ament_install']
[1.076s] Level 1:colcon.colcon_core.package_identification:_identify(src/agri_car_station_client) by extension 'ignore'
[1.076s] Level 1:colcon.colcon_core.package_identification:_identify(src/agri_car_station_client) by extension 'ignore_ament_install'
[1.076s] Level 1:colcon.colcon_core.package_identification:_identify(src/agri_car_station_client) by extensions ['colcon_pkg']
[1.076s] Level 1:colcon.colcon_core.package_identification:_identify(src/agri_car_station_client) by extension 'colcon_pkg'
[1.077s] Level 1:colcon.colcon_core.package_identification:_identify(src/agri_car_station_client) by extensions ['colcon_meta']
[1.077s] Level 1:colcon.colcon_core.package_identification:_identify(src/agri_car_station_client) by extension 'colcon_meta'
[1.077s] Level 1:colcon.colcon_core.package_identification:_identify(src/agri_car_station_client) by extensions ['ros']
[1.077s] Level 1:colcon.colcon_core.package_identification:_identify(src/agri_car_station_client) by extension 'ros'
[1.078s] Level 1:colcon.colcon_core.package_identification:_identify(src/agri_car_station_client) by extensions ['cmake', 'python']
[1.078s] Level 1:colcon.colcon_core.package_identification:_identify(src/agri_car_station_client) by extension 'cmake'
[1.078s] Level 1:colcon.colcon_core.package_identification:_identify(src/agri_car_station_client) by extension 'python'
[1.078s] Level 1:colcon.colcon_core.package_identification:_identify(src/agri_car_station_client) by extensions ['python_setup_py']
[1.079s] Level 1:colcon.colcon_core.package_identification:_identify(src/agri_car_station_client) by extension 'python_setup_py'
[1.079s] Level 1:colcon.colcon_core.package_identification:_identify(src/agri_car_task) by extensions ['ignore', 'ignore_ament_install']
[1.080s] Level 1:colcon.colcon_core.package_identification:_identify(src/agri_car_task) by extension 'ignore'
[1.080s] Level 1:colcon.colcon_core.package_identification:_identify(src/agri_car_task) by extension 'ignore_ament_install'
[1.080s] Level 1:colcon.colcon_core.package_identification:_identify(src/agri_car_task) by extensions ['colcon_pkg']
[1.080s] Level 1:colcon.colcon_core.package_identification:_identify(src/agri_car_task) by extension 'colcon_pkg'
[1.081s] Level 1:colcon.colcon_core.package_identification:_identify(src/agri_car_task) by extensions ['colcon_meta']
[1.081s] Level 1:colcon.colcon_core.package_identification:_identify(src/agri_car_task) by extension 'colcon_meta'
[1.081s] Level 1:colcon.colcon_core.package_identification:_identify(src/agri_car_task) by extensions ['ros']
[1.081s] Level 1:colcon.colcon_core.package_identification:_identify(src/agri_car_task) by extension 'ros'
[1.082s] Level 1:colcon.colcon_core.package_identification:_identify(src/agri_car_task) by extensions ['cmake', 'python']
[1.082s] Level 1:colcon.colcon_core.package_identification:_identify(src/agri_car_task) by extension 'cmake'
[1.082s] Level 1:colcon.colcon_core.package_identification:_identify(src/agri_car_task) by extension 'python'
[1.082s] Level 1:colcon.colcon_core.package_identification:_identify(src/agri_car_task) by extensions ['python_setup_py']
[1.082s] Level 1:colcon.colcon_core.package_identification:_identify(src/agri_car_task) by extension 'python_setup_py'
[1.083s] Level 1:colcon.colcon_core.package_identification:_identify(src/agri_car_vision) by extensions ['ignore', 'ignore_ament_install']
[1.083s] Level 1:colcon.colcon_core.package_identification:_identify(src/agri_car_vision) by extension 'ignore'
[1.084s] Level 1:colcon.colcon_core.package_identification:_identify(src/agri_car_vision) by extension 'ignore_ament_install'
[1.084s] Level 1:colcon.colcon_core.package_identification:_identify(src/agri_car_vision) by extensions ['colcon_pkg']
[1.084s] Level 1:colcon.colcon_core.package_identification:_identify(src/agri_car_vision) by extension 'colcon_pkg'
[1.084s] Level 1:colcon.colcon_core.package_identification:_identify(src/agri_car_vision) by extensions ['colcon_meta']
[1.085s] Level 1:colcon.colcon_core.package_identification:_identify(src/agri_car_vision) by extension 'colcon_meta'
[1.085s] Level 1:colcon.colcon_core.package_identification:_identify(src/agri_car_vision) by extensions ['ros']
[1.085s] Level 1:colcon.colcon_core.package_identification:_identify(src/agri_car_vision) by extension 'ros'
[1.085s] Level 1:colcon.colcon_core.package_identification:_identify(src/agri_car_vision) by extensions ['cmake', 'python']
[1.086s] Level 1:colcon.colcon_core.package_identification:_identify(src/agri_car_vision) by extension 'cmake'
[1.086s] Level 1:colcon.colcon_core.package_identification:_identify(src/agri_car_vision) by extension 'python'
[1.086s] Level 1:colcon.colcon_core.package_identification:_identify(src/agri_car_vision) by extensions ['python_setup_py']
[1.086s] Level 1:colcon.colcon_core.package_identification:_identify(src/agri_car_vision) by extension 'python_setup_py'
[1.087s] Level 1:colcon.colcon_core.package_identification:_identify(src/agri_control) by extensions ['ignore', 'ignore_ament_install']
[1.087s] Level 1:colcon.colcon_core.package_identification:_identify(src/agri_control) by extension 'ignore'
[1.087s] Level 1:colcon.colcon_core.package_identification:_identify(src/agri_control) by extension 'ignore_ament_install'
[1.088s] Level 1:colcon.colcon_core.package_identification:_identify(src/agri_control) by extensions ['colcon_pkg']
[1.088s] Level 1:colcon.colcon_core.package_identification:_identify(src/agri_control) by extension 'colcon_pkg'
[1.088s] Level 1:colcon.colcon_core.package_identification:_identify(src/agri_control) by extensions ['colcon_meta']
[1.088s] Level 1:colcon.colcon_core.package_identification:_identify(src/agri_control) by extension 'colcon_meta'
[1.089s] Level 1:colcon.colcon_core.package_identification:_identify(src/agri_control) by extensions ['ros']
[1.089s] Level 1:colcon.colcon_core.package_identification:_identify(src/agri_control) by extension 'ros'
[1.092s] DEBUG:colcon.colcon_core.package_identification:Package 'src/agri_control' with type 'ros.ament_cmake' and name 'agri_control'
[1.092s] Level 1:colcon.colcon_core.package_identification:_identify(src/agri_imu_driver) by extensions ['ignore', 'ignore_ament_install']
[1.093s] Level 1:colcon.colcon_core.package_identification:_identify(src/agri_imu_driver) by extension 'ignore'
[1.093s] Level 1:colcon.colcon_core.package_identification:_identify(src/agri_imu_driver) by extension 'ignore_ament_install'
[1.093s] Level 1:colcon.colcon_core.package_identification:_identify(src/agri_imu_driver) by extensions ['colcon_pkg']
[1.093s] Level 1:colcon.colcon_core.package_identification:_identify(src/agri_imu_driver) by extension 'colcon_pkg'
[1.094s] Level 1:colcon.colcon_core.package_identification:_identify(src/agri_imu_driver) by extensions ['colcon_meta']
[1.094s] Level 1:colcon.colcon_core.package_identification:_identify(src/agri_imu_driver) by extension 'colcon_meta'
[1.094s] Level 1:colcon.colcon_core.package_identification:_identify(src/agri_imu_driver) by extensions ['ros']
[1.094s] Level 1:colcon.colcon_core.package_identification:_identify(src/agri_imu_driver) by extension 'ros'
[1.097s] DEBUG:colcon.colcon_core.package_identification:Package 'src/agri_imu_driver' with type 'ros.ament_cmake' and name 'agri_imu_driver'
[1.097s] Level 1:colcon.colcon_core.package_identification:_identify(src/agri_interfaces) by extensions ['ignore', 'ignore_ament_install']
[1.098s] Level 1:colcon.colcon_core.package_identification:_identify(src/agri_interfaces) by extension 'ignore'
[1.098s] Level 1:colcon.colcon_core.package_identification:_identify(src/agri_interfaces) by extension 'ignore_ament_install'
[1.099s] Level 1:colcon.colcon_core.package_identification:_identify(src/agri_interfaces) by extensions ['colcon_pkg']
[1.099s] Level 1:colcon.colcon_core.package_identification:_identify(src/agri_interfaces) by extension 'colcon_pkg'
[1.099s] Level 1:colcon.colcon_core.package_identification:_identify(src/agri_interfaces) by extensions ['colcon_meta']
[1.099s] Level 1:colcon.colcon_core.package_identification:_identify(src/agri_interfaces) by extension 'colcon_meta'
[1.100s] Level 1:colcon.colcon_core.package_identification:_identify(src/agri_interfaces) by extensions ['ros']
[1.100s] Level 1:colcon.colcon_core.package_identification:_identify(src/agri_interfaces) by extension 'ros'
[1.100s] Level 1:colcon.colcon_core.package_identification:_identify(src/agri_interfaces) by extensions ['cmake', 'python']
[1.100s] Level 1:colcon.colcon_core.package_identification:_identify(src/agri_interfaces) by extension 'cmake'
[1.101s] Level 1:colcon.colcon_core.package_identification:_identify(src/agri_interfaces) by extension 'python'
[1.101s] Level 1:colcon.colcon_core.package_identification:_identify(src/agri_interfaces) by extensions ['python_setup_py']
[1.101s] Level 1:colcon.colcon_core.package_identification:_identify(src/agri_interfaces) by extension 'python_setup_py'
[1.101s] Level 1:colcon.colcon_core.package_discovery:discover_packages(recursive) using defaults
[1.102s] Level 1:colcon.colcon_core.package_discovery:discover_packages(ignore) discover
[1.102s] Level 1:colcon.colcon_core.package_discovery:discover_packages(ignore) using defaults
[1.102s] Level 1:colcon.colcon_core.package_discovery:discover_packages(path) discover
[1.102s] Level 1:colcon.colcon_core.package_discovery:discover_packages(path) using defaults
[1.218s] INFO:colcon.colcon_core.package_selection:Skipping not selected package 'agri_bringup' in 'src/agri_bringup'
[1.218s] INFO:colcon.colcon_core.package_selection:Skipping not selected package 'agri_car_driver' in 'src/agri_car_driver'
[1.218s] INFO:colcon.colcon_core.package_selection:Skipping not selected package 'agri_control' in 'src/agri_control'
[1.219s] INFO:colcon.colcon_core.package_selection:Skipping not selected package 'lslidar_msgs' in 'src/LSLIDAR_X_ROS2-20240228/src/lslidar_msgs'
[1.219s] INFO:colcon.colcon_core.package_selection:Skipping not selected package 'lslidar_driver' in 'src/LSLIDAR_X_ROS2-20240228/src/lslidar_driver'
[1.221s] Level 1:colcon.colcon_core.package_discovery:discover_packages(prefix_path) check parameters
[1.221s] Level 1:colcon.colcon_core.package_discovery:discover_packages(prefix_path) discover
[1.234s] DEBUG:colcon.colcon_installed_package_information.package_discovery:Found 186 installed packages in /opt/ros/humble
[1.242s] Level 1:colcon.colcon_core.package_discovery:discover_packages(prefix_path) using defaults
[1.417s] Level 5:colcon.colcon_core.verb:set package 'agri_imu_driver' build argument 'cmake_args' from command line to 'None'
[1.417s] Level 5:colcon.colcon_core.verb:set package 'agri_imu_driver' build argument 'cmake_target' from command line to 'None'
[1.417s] Level 5:colcon.colcon_core.verb:set package 'agri_imu_driver' build argument 'cmake_target_skip_unavailable' from command line to 'False'
[1.418s] Level 5:colcon.colcon_core.verb:set package 'agri_imu_driver' build argument 'cmake_clean_cache' from command line to 'False'
[1.418s] Level 5:colcon.colcon_core.verb:set package 'agri_imu_driver' build argument 'cmake_clean_first' from command line to 'False'
[1.418s] Level 5:colcon.colcon_core.verb:set package 'agri_imu_driver' build argument 'cmake_force_configure' from command line to 'False'
[1.418s] Level 5:colcon.colcon_core.verb:set package 'agri_imu_driver' build argument 'ament_cmake_args' from command line to 'None'
[1.418s] Level 5:colcon.colcon_core.verb:set package 'agri_imu_driver' build argument 'catkin_cmake_args' from command line to 'None'
[1.419s] Level 5:colcon.colcon_core.verb:set package 'agri_imu_driver' build argument 'catkin_skip_building_tests' from command line to 'False'
[1.419s] DEBUG:colcon.colcon_core.verb:Building package 'agri_imu_driver' with the following arguments: {'ament_cmake_args': None, 'build_base': '/home/sunrise/agri_robot_ws/build/agri_imu_driver', 'catkin_cmake_args': None, 'catkin_skip_building_tests': False, 'cmake_args': None, 'cmake_clean_cache': False, 'cmake_clean_first': False, 'cmake_force_configure': False, 'cmake_target': None, 'cmake_target_skip_unavailable': False, 'install_base': '/home/sunrise/agri_robot_ws/install/agri_imu_driver', 'merge_install': False, 'path': '/home/sunrise/agri_robot_ws/src/agri_imu_driver', 'symlink_install': True, 'test_result_base': None}
[1.420s] INFO:colcon.colcon_core.executor:Executing jobs using 'parallel' executor
[1.425s] DEBUG:colcon.colcon_parallel_executor.executor.parallel:run_until_complete
[1.426s] INFO:colcon.colcon_ros.task.ament_cmake.build:Building ROS package in '/home/sunrise/agri_robot_ws/src/agri_imu_driver' with build type 'ament_cmake'
[1.427s] INFO:colcon.colcon_cmake.task.cmake.build:Building CMake package in '/home/sunrise/agri_robot_ws/src/agri_imu_driver'
[1.438s] INFO:colcon.colcon_core.plugin_system:Skipping extension 'colcon_core.shell.bat': Not used on non-Windows systems
[1.439s] INFO:colcon.colcon_core.shell:Skip shell extension 'powershell' for command environment: Not usable outside of PowerShell
[1.439s] DEBUG:colcon.colcon_core.shell:Skip shell extension 'dsv' for command environment
[1.465s] DEBUG:colcon.colcon_core.event_handler.log_command:Invoking command in '/home/sunrise/agri_robot_ws/build/agri_imu_driver': CMAKE_PREFIX_PATH=/opt/ros/humble /usr/bin/cmake /home/sunrise/agri_robot_ws/src/agri_imu_driver -DAMENT_CMAKE_SYMLINK_INSTALL=1 -DCMAKE_INSTALL_PREFIX=/home/sunrise/agri_robot_ws/install/agri_imu_driver
[4.676s] DEBUG:colcon.colcon_core.event_handler.log_command:Invoked command in '/home/sunrise/agri_robot_ws/build/agri_imu_driver' returned '0': CMAKE_PREFIX_PATH=/opt/ros/humble /usr/bin/cmake /home/sunrise/agri_robot_ws/src/agri_imu_driver -DAMENT_CMAKE_SYMLINK_INSTALL=1 -DCMAKE_INSTALL_PREFIX=/home/sunrise/agri_robot_ws/install/agri_imu_driver
[4.701s] DEBUG:colcon.colcon_core.event_handler.log_command:Invoking command in '/home/sunrise/agri_robot_ws/build/agri_imu_driver': CMAKE_PREFIX_PATH=/opt/ros/humble /usr/bin/cmake --build /home/sunrise/agri_robot_ws/build/agri_imu_driver -- -j8 -l8
[4.894s] DEBUG:colcon.colcon_core.event_handler.log_command:Invoked command in '/home/sunrise/agri_robot_ws/build/agri_imu_driver' returned '0': CMAKE_PREFIX_PATH=/opt/ros/humble /usr/bin/cmake --build /home/sunrise/agri_robot_ws/build/agri_imu_driver -- -j8 -l8
[4.948s] DEBUG:colcon.colcon_core.event_handler.log_command:Invoking command in '/home/sunrise/agri_robot_ws/build/agri_imu_driver': CMAKE_PREFIX_PATH=/opt/ros/humble /usr/bin/cmake --install /home/sunrise/agri_robot_ws/build/agri_imu_driver
[5.837s] Level 1:colcon.colcon_core.environment:create_environment_scripts_only(agri_imu_driver)
[5.840s] DEBUG:colcon.colcon_core.event_handler.log_command:Invoked command in '/home/sunrise/agri_robot_ws/build/agri_imu_driver' returned '0': CMAKE_PREFIX_PATH=/opt/ros/humble /usr/bin/cmake --install /home/sunrise/agri_robot_ws/build/agri_imu_driver
[5.862s] Level 1:colcon.colcon_core.environment:checking '/home/sunrise/agri_robot_ws/install/agri_imu_driver' for CMake module files
[5.873s] Level 1:colcon.colcon_core.environment:checking '/home/sunrise/agri_robot_ws/install/agri_imu_driver' for CMake config files
[5.876s] Level 1:colcon.colcon_core.shell:create_environment_hook('agri_imu_driver', 'cmake_prefix_path')
[5.879s] INFO:colcon.colcon_core.shell:Creating environment hook '/home/sunrise/agri_robot_ws/install/agri_imu_driver/share/agri_imu_driver/hook/cmake_prefix_path.ps1'
[5.886s] INFO:colcon.colcon_core.shell:Creating environment descriptor '/home/sunrise/agri_robot_ws/install/agri_imu_driver/share/agri_imu_driver/hook/cmake_prefix_path.dsv'
[5.890s] INFO:colcon.colcon_core.shell:Creating environment hook '/home/sunrise/agri_robot_ws/install/agri_imu_driver/share/agri_imu_driver/hook/cmake_prefix_path.sh'
[5.896s] Level 1:colcon.colcon_core.environment:checking '/home/sunrise/agri_robot_ws/install/agri_imu_driver/lib'
[5.897s] Level 1:colcon.colcon_core.environment:checking '/home/sunrise/agri_robot_ws/install/agri_imu_driver/bin'
[5.897s] Level 1:colcon.colcon_core.environment:checking '/home/sunrise/agri_robot_ws/install/agri_imu_driver/lib/pkgconfig/agri_imu_driver.pc'
[5.899s] Level 1:colcon.colcon_core.environment:checking '/home/sunrise/agri_robot_ws/install/agri_imu_driver/lib/python3.10/site-packages'
[5.905s] Level 1:colcon.colcon_core.environment:checking '/home/sunrise/agri_robot_ws/install/agri_imu_driver/bin'
[5.908s] INFO:colcon.colcon_core.shell:Creating package script '/home/sunrise/agri_robot_ws/install/agri_imu_driver/share/agri_imu_driver/package.ps1'
[5.917s] INFO:colcon.colcon_core.shell:Creating package descriptor '/home/sunrise/agri_robot_ws/install/agri_imu_driver/share/agri_imu_driver/package.dsv'
[5.920s] INFO:colcon.colcon_core.shell:Creating package script '/home/sunrise/agri_robot_ws/install/agri_imu_driver/share/agri_imu_driver/package.sh'
[5.926s] INFO:colcon.colcon_core.shell:Creating package script '/home/sunrise/agri_robot_ws/install/agri_imu_driver/share/agri_imu_driver/package.bash'
[5.931s] INFO:colcon.colcon_core.shell:Creating package script '/home/sunrise/agri_robot_ws/install/agri_imu_driver/share/agri_imu_driver/package.zsh'
[5.936s] Level 1:colcon.colcon_core.environment:create_file_with_runtime_dependencies(/home/sunrise/agri_robot_ws/install/agri_imu_driver/share/colcon-core/packages/agri_imu_driver)
[5.939s] Level 1:colcon.colcon_core.environment:create_environment_scripts_only(agri_imu_driver)
[5.941s] Level 1:colcon.colcon_core.environment:checking '/home/sunrise/agri_robot_ws/install/agri_imu_driver' for CMake module files
[5.945s] Level 1:colcon.colcon_core.environment:checking '/home/sunrise/agri_robot_ws/install/agri_imu_driver' for CMake config files
[5.946s] Level 1:colcon.colcon_core.shell:create_environment_hook('agri_imu_driver', 'cmake_prefix_path')
[5.948s] INFO:colcon.colcon_core.shell:Creating environment hook '/home/sunrise/agri_robot_ws/install/agri_imu_driver/share/agri_imu_driver/hook/cmake_prefix_path.ps1'
[5.950s] INFO:colcon.colcon_core.shell:Creating environment descriptor '/home/sunrise/agri_robot_ws/install/agri_imu_driver/share/agri_imu_driver/hook/cmake_prefix_path.dsv'
[5.952s] INFO:colcon.colcon_core.shell:Creating environment hook '/home/sunrise/agri_robot_ws/install/agri_imu_driver/share/agri_imu_driver/hook/cmake_prefix_path.sh'
[5.955s] Level 1:colcon.colcon_core.environment:checking '/home/sunrise/agri_robot_ws/install/agri_imu_driver/lib'
[5.956s] Level 1:colcon.colcon_core.environment:checking '/home/sunrise/agri_robot_ws/install/agri_imu_driver/bin'
[5.956s] Level 1:colcon.colcon_core.environment:checking '/home/sunrise/agri_robot_ws/install/agri_imu_driver/lib/pkgconfig/agri_imu_driver.pc'
[5.957s] Level 1:colcon.colcon_core.environment:checking '/home/sunrise/agri_robot_ws/install/agri_imu_driver/lib/python3.10/site-packages'
[5.960s] Level 1:colcon.colcon_core.environment:checking '/home/sunrise/agri_robot_ws/install/agri_imu_driver/bin'
[5.961s] INFO:colcon.colcon_core.shell:Creating package script '/home/sunrise/agri_robot_ws/install/agri_imu_driver/share/agri_imu_driver/package.ps1'
[5.965s] INFO:colcon.colcon_core.shell:Creating package descriptor '/home/sunrise/agri_robot_ws/install/agri_imu_driver/share/agri_imu_driver/package.dsv'
[5.968s] INFO:colcon.colcon_core.shell:Creating package script '/home/sunrise/agri_robot_ws/install/agri_imu_driver/share/agri_imu_driver/package.sh'
[5.971s] INFO:colcon.colcon_core.shell:Creating package script '/home/sunrise/agri_robot_ws/install/agri_imu_driver/share/agri_imu_driver/package.bash'
[5.974s] INFO:colcon.colcon_core.shell:Creating package script '/home/sunrise/agri_robot_ws/install/agri_imu_driver/share/agri_imu_driver/package.zsh'
[5.976s] Level 1:colcon.colcon_core.environment:create_file_with_runtime_dependencies(/home/sunrise/agri_robot_ws/install/agri_imu_driver/share/colcon-core/packages/agri_imu_driver)
[5.977s] DEBUG:colcon.colcon_parallel_executor.executor.parallel:closing loop
[5.978s] DEBUG:colcon.colcon_parallel_executor.executor.parallel:loop closed
[5.978s] DEBUG:colcon.colcon_parallel_executor.executor.parallel:run_until_complete finished with '0'
[5.979s] DEBUG:colcon.colcon_core.event_reactor:joining thread
[5.981s] DEBUG:colcon.colcon_core.event_reactor:joined thread
[5.983s] INFO:colcon.colcon_core.shell:Creating prefix script '/home/sunrise/agri_robot_ws/install/local_setup.ps1'
[5.988s] INFO:colcon.colcon_core.shell:Creating prefix util module '/home/sunrise/agri_robot_ws/install/_local_setup_util_ps1.py'
[5.997s] INFO:colcon.colcon_core.shell:Creating prefix chain script '/home/sunrise/agri_robot_ws/install/setup.ps1'
[6.003s] INFO:colcon.colcon_core.shell:Creating prefix script '/home/sunrise/agri_robot_ws/install/local_setup.sh'
[6.006s] INFO:colcon.colcon_core.shell:Creating prefix util module '/home/sunrise/agri_robot_ws/install/_local_setup_util_sh.py'
[6.010s] INFO:colcon.colcon_core.shell:Creating prefix chain script '/home/sunrise/agri_robot_ws/install/setup.sh'
[6.015s] INFO:colcon.colcon_core.shell:Creating prefix script '/home/sunrise/agri_robot_ws/install/local_setup.bash'
[6.018s] INFO:colcon.colcon_core.shell:Creating prefix chain script '/home/sunrise/agri_robot_ws/install/setup.bash'
[6.023s] INFO:colcon.colcon_core.shell:Creating prefix script '/home/sunrise/agri_robot_ws/install/local_setup.zsh'
[6.026s] INFO:colcon.colcon_core.shell:Creating prefix chain script '/home/sunrise/agri_robot_ws/install/setup.zsh'
