[0.054s] Invoking command in '/home/sunrise/agri_robot_ws/build/agri_bringup': CMAKE_PREFIX_PATH=${CMAKE_PREFIX_PATH}:/opt/ros/humble /usr/bin/cmake --build /home/sunrise/agri_robot_ws/build/agri_bringup -- -j8 -l8
[0.389s] Invoked command in '/home/sunrise/agri_robot_ws/build/agri_bringup' returned '0': CMAKE_PREFIX_PATH=${CMAKE_PREFIX_PATH}:/opt/ros/humble /usr/bin/cmake --build /home/sunrise/agri_robot_ws/build/agri_bringup -- -j8 -l8
[0.452s] Invoking command in '/home/sunrise/agri_robot_ws/build/agri_bringup': CMAKE_PREFIX_PATH=${CMAKE_PREFIX_PATH}:/opt/ros/humble /usr/bin/cmake --install /home/sunrise/agri_robot_ws/build/agri_bringup
[0.488s] -- Install configuration: ""
[0.491s] -- Execute custom install script
[0.496s] -- Up-to-date symlink: /home/sunrise/agri_robot_ws/install/agri_bringup/share/agri_bringup/launch/cartographer_mapping.launch.py
[0.497s] -- Up-to-date symlink: /home/sunrise/agri_robot_ws/install/agri_bringup/share/agri_bringup/launch/lidar.launch.py
[0.498s] -- Up-to-date symlink: /home/sunrise/agri_robot_ws/install/agri_bringup/share/agri_bringup/launch/start.launch.py
[0.499s] -- Up-to-date symlink: /home/sunrise/agri_robot_ws/install/agri_bringup/share/ament_index/resource_index/package_run_dependencies/agri_bringup
[0.500s] -- Up-to-date symlink: /home/sunrise/agri_robot_ws/install/agri_bringup/share/ament_index/resource_index/parent_prefix_path/agri_bringup
[0.501s] -- Up-to-date symlink: /home/sunrise/agri_robot_ws/install/agri_bringup/share/agri_bringup/environment/ament_prefix_path.sh
[0.502s] -- Up-to-date symlink: /home/sunrise/agri_robot_ws/install/agri_bringup/share/agri_bringup/environment/ament_prefix_path.dsv
[0.503s] -- Up-to-date symlink: /home/sunrise/agri_robot_ws/install/agri_bringup/share/agri_bringup/environment/path.sh
[0.504s] -- Up-to-date symlink: /home/sunrise/agri_robot_ws/install/agri_bringup/share/agri_bringup/environment/path.dsv
[0.505s] -- Up-to-date symlink: /home/sunrise/agri_robot_ws/install/agri_bringup/share/agri_bringup/local_setup.bash
[0.506s] -- Up-to-date symlink: /home/sunrise/agri_robot_ws/install/agri_bringup/share/agri_bringup/local_setup.sh
[0.507s] -- Up-to-date symlink: /home/sunrise/agri_robot_ws/install/agri_bringup/share/agri_bringup/local_setup.zsh
[0.508s] -- Up-to-date symlink: /home/sunrise/agri_robot_ws/install/agri_bringup/share/agri_bringup/local_setup.dsv
[0.508s] -- Symlinking: /home/sunrise/agri_robot_ws/install/agri_bringup/share/agri_bringup/package.dsv
[0.549s] -- Up-to-date symlink: /home/sunrise/agri_robot_ws/install/agri_bringup/share/ament_index/resource_index/packages/agri_bringup
[0.550s] -- Up-to-date symlink: /home/sunrise/agri_robot_ws/install/agri_bringup/share/agri_bringup/cmake/agri_bringupConfig.cmake
[0.551s] -- Up-to-date symlink: /home/sunrise/agri_robot_ws/install/agri_bringup/share/agri_bringup/cmake/agri_bringupConfig-version.cmake
[0.552s] -- Up-to-date symlink: /home/sunrise/agri_robot_ws/install/agri_bringup/share/agri_bringup/package.xml
[0.570s] Invoked command in '/home/sunrise/agri_robot_ws/build/agri_bringup' returned '0': CMAKE_PREFIX_PATH=${CMAKE_PREFIX_PATH}:/opt/ros/humble /usr/bin/cmake --install /home/sunrise/agri_robot_ws/build/agri_bringup
