[0.057s] Invoking command in '/home/sunrise/agri_robot_ws/build/agri_bringup': CMAKE_PREFIX_PATH=${CMAKE_PREFIX_PATH}:/opt/ros/humble /usr/bin/cmake --build /home/sunrise/agri_robot_ws/build/agri_bringup -- -j8 -l8
[0.387s] Invoked command in '/home/sunrise/agri_robot_ws/build/agri_bringup' returned '0': CMAKE_PREFIX_PATH=${CMAKE_PREFIX_PATH}:/opt/ros/humble /usr/bin/cmake --build /home/sunrise/agri_robot_ws/build/agri_bringup -- -j8 -l8
[0.451s] Invoking command in '/home/sunrise/agri_robot_ws/build/agri_bringup': CMAKE_PREFIX_PATH=${CMAKE_PREFIX_PATH}:/opt/ros/humble /usr/bin/cmake --install /home/sunrise/agri_robot_ws/build/agri_bringup
[0.487s] -- Install configuration: ""
[0.490s] -- Execute custom install script
[0.494s] -- Up-to-date symlink: /home/sunrise/agri_robot_ws/install/agri_bringup/share/agri_bringup/launch/lidar.launch.py
[0.495s] -- Up-to-date symlink: /home/sunrise/agri_robot_ws/install/agri_bringup/share/agri_bringup/launch/start.launch.py
[0.495s] -- Up-to-date symlink: /home/sunrise/agri_robot_ws/install/agri_bringup/share/ament_index/resource_index/package_run_dependencies/agri_bringup
[0.496s] -- Up-to-date symlink: /home/sunrise/agri_robot_ws/install/agri_bringup/share/ament_index/resource_index/parent_prefix_path/agri_bringup
[0.497s] -- Up-to-date symlink: /home/sunrise/agri_robot_ws/install/agri_bringup/share/agri_bringup/environment/ament_prefix_path.sh
[0.498s] -- Up-to-date symlink: /home/sunrise/agri_robot_ws/install/agri_bringup/share/agri_bringup/environment/ament_prefix_path.dsv
[0.499s] -- Up-to-date symlink: /home/sunrise/agri_robot_ws/install/agri_bringup/share/agri_bringup/environment/path.sh
[0.499s] -- Up-to-date symlink: /home/sunrise/agri_robot_ws/install/agri_bringup/share/agri_bringup/environment/path.dsv
[0.500s] -- Up-to-date symlink: /home/sunrise/agri_robot_ws/install/agri_bringup/share/agri_bringup/local_setup.bash
[0.501s] -- Up-to-date symlink: /home/sunrise/agri_robot_ws/install/agri_bringup/share/agri_bringup/local_setup.sh
[0.502s] -- Up-to-date symlink: /home/sunrise/agri_robot_ws/install/agri_bringup/share/agri_bringup/local_setup.zsh
[0.503s] -- Up-to-date symlink: /home/sunrise/agri_robot_ws/install/agri_bringup/share/agri_bringup/local_setup.dsv
[0.503s] -- Symlinking: /home/sunrise/agri_robot_ws/install/agri_bringup/share/agri_bringup/package.dsv
[0.544s] -- Up-to-date symlink: /home/sunrise/agri_robot_ws/install/agri_bringup/share/ament_index/resource_index/packages/agri_bringup
[0.545s] -- Up-to-date symlink: /home/sunrise/agri_robot_ws/install/agri_bringup/share/agri_bringup/cmake/agri_bringupConfig.cmake
[0.546s] -- Up-to-date symlink: /home/sunrise/agri_robot_ws/install/agri_bringup/share/agri_bringup/cmake/agri_bringupConfig-version.cmake
[0.546s] -- Up-to-date symlink: /home/sunrise/agri_robot_ws/install/agri_bringup/share/agri_bringup/package.xml
[0.564s] Invoked command in '/home/sunrise/agri_robot_ws/build/agri_bringup' returned '0': CMAKE_PREFIX_PATH=${CMAKE_PREFIX_PATH}:/opt/ros/humble /usr/bin/cmake --install /home/sunrise/agri_robot_ws/build/agri_bringup
