[0.627s] DEBUG:colcon:Command line arguments: ['/usr/bin/colcon', 'build', '--symlink-install', '--packages-select', 'lslidar_msgs', 'lslidar_driver', '--parallel-workers', '1']
[0.628s] DEBUG:colcon:Parsed command line arguments: Namespace(log_base=None, log_level=None, verb_name='build', build_base='build', install_base='install', merge_install=False, symlink_install=True, test_result_base=None, continue_on_error=False, executor='parallel', parallel_workers=1, event_handlers=None, ignore_user_meta=False, metas=['./colcon.meta'], base_paths=['.'], packages_ignore=None, packages_ignore_regex=None, paths=None, packages_up_to=None, packages_up_to_regex=None, packages_above=None, packages_above_and_dependencies=None, packages_above_depth=None, packages_select_by_dep=None, packages_skip_by_dep=None, packages_skip_up_to=None, packages_select_build_failed=False, packages_skip_build_finished=False, packages_select_test_failures=False, packages_skip_test_passed=False, packages_select=['lslidar_msgs', 'lslidar_driver'], packages_skip=None, packages_select_regex=None, packages_skip_regex=None, packages_start=None, packages_end=None, allow_overriding=[], cmake_args=None, cmake_target=None, cmake_target_skip_unavailable=False, cmake_clean_cache=False, cmake_clean_first=False, cmake_force_configure=False, ament_cmake_args=None, catkin_cmake_args=None, catkin_skip_building_tests=False, verb_parser=<colcon_defaults.argument_parser.defaults.DefaultArgumentsDecorator object at 0xffffa73c3340>, verb_extension=<colcon_core.verb.build.BuildVerb object at 0xffffa73c2ec0>, main=<bound method BuildVerb.main of <colcon_core.verb.build.BuildVerb object at 0xffffa73c2ec0>>)
[0.859s] Level 1:colcon.colcon_core.package_discovery:discover_packages(colcon_meta) check parameters
[0.859s] Level 1:colcon.colcon_core.package_discovery:discover_packages(recursive) check parameters
[0.860s] Level 1:colcon.colcon_core.package_discovery:discover_packages(ignore) check parameters
[0.860s] Level 1:colcon.colcon_core.package_discovery:discover_packages(path) check parameters
[0.860s] Level 1:colcon.colcon_core.package_discovery:discover_packages(colcon_meta) discover
[0.860s] Level 1:colcon.colcon_core.package_discovery:discover_packages(recursive) discover
[0.861s] INFO:colcon.colcon_core.package_discovery:Crawling recursively for packages in '/home/sunrise/agri_robot_ws'
[0.861s] Level 1:colcon.colcon_core.package_identification:_identify(.) by extensions ['ignore', 'ignore_ament_install']
[0.862s] Level 1:colcon.colcon_core.package_identification:_identify(.) by extension 'ignore'
[0.862s] Level 1:colcon.colcon_core.package_identification:_identify(.) by extension 'ignore_ament_install'
[0.862s] Level 1:colcon.colcon_core.package_identification:_identify(.) by extensions ['colcon_pkg']
[0.862s] Level 1:colcon.colcon_core.package_identification:_identify(.) by extension 'colcon_pkg'
[0.863s] Level 1:colcon.colcon_core.package_identification:_identify(.) by extensions ['colcon_meta']
[0.863s] Level 1:colcon.colcon_core.package_identification:_identify(.) by extension 'colcon_meta'
[0.863s] Level 1:colcon.colcon_core.package_identification:_identify(.) by extensions ['ros']
[0.863s] Level 1:colcon.colcon_core.package_identification:_identify(.) by extension 'ros'
[0.955s] Level 1:colcon.colcon_core.package_identification:_identify(.) by extensions ['cmake', 'python']
[0.955s] Level 1:colcon.colcon_core.package_identification:_identify(.) by extension 'cmake'
[0.955s] Level 1:colcon.colcon_core.package_identification:_identify(.) by extension 'python'
[0.956s] Level 1:colcon.colcon_core.package_identification:_identify(.) by extensions ['python_setup_py']
[0.956s] Level 1:colcon.colcon_core.package_identification:_identify(.) by extension 'python_setup_py'
[0.957s] Level 1:colcon.colcon_core.package_identification:_identify(build) by extensions ['ignore', 'ignore_ament_install']
[0.957s] Level 1:colcon.colcon_core.package_identification:_identify(build) by extension 'ignore'
[0.957s] Level 1:colcon.colcon_core.package_identification:_identify(build) ignored
[0.958s] Level 1:colcon.colcon_core.package_identification:_identify(config) by extensions ['ignore', 'ignore_ament_install']
[0.958s] Level 1:colcon.colcon_core.package_identification:_identify(config) by extension 'ignore'
[0.959s] Level 1:colcon.colcon_core.package_identification:_identify(config) by extension 'ignore_ament_install'
[0.959s] Level 1:colcon.colcon_core.package_identification:_identify(config) by extensions ['colcon_pkg']
[0.959s] Level 1:colcon.colcon_core.package_identification:_identify(config) by extension 'colcon_pkg'
[0.959s] Level 1:colcon.colcon_core.package_identification:_identify(config) by extensions ['colcon_meta']
[0.960s] Level 1:colcon.colcon_core.package_identification:_identify(config) by extension 'colcon_meta'
[0.960s] Level 1:colcon.colcon_core.package_identification:_identify(config) by extensions ['ros']
[0.960s] Level 1:colcon.colcon_core.package_identification:_identify(config) by extension 'ros'
[0.961s] Level 1:colcon.colcon_core.package_identification:_identify(config) by extensions ['cmake', 'python']
[0.961s] Level 1:colcon.colcon_core.package_identification:_identify(config) by extension 'cmake'
[0.961s] Level 1:colcon.colcon_core.package_identification:_identify(config) by extension 'python'
[0.961s] Level 1:colcon.colcon_core.package_identification:_identify(config) by extensions ['python_setup_py']
[0.962s] Level 1:colcon.colcon_core.package_identification:_identify(config) by extension 'python_setup_py'
[0.962s] Level 1:colcon.colcon_core.package_identification:_identify(images) by extensions ['ignore', 'ignore_ament_install']
[0.962s] Level 1:colcon.colcon_core.package_identification:_identify(images) by extension 'ignore'
[0.963s] Level 1:colcon.colcon_core.package_identification:_identify(images) by extension 'ignore_ament_install'
[0.963s] Level 1:colcon.colcon_core.package_identification:_identify(images) by extensions ['colcon_pkg']
[0.963s] Level 1:colcon.colcon_core.package_identification:_identify(images) by extension 'colcon_pkg'
[0.964s] Level 1:colcon.colcon_core.package_identification:_identify(images) by extensions ['colcon_meta']
[0.964s] Level 1:colcon.colcon_core.package_identification:_identify(images) by extension 'colcon_meta'
[0.964s] Level 1:colcon.colcon_core.package_identification:_identify(images) by extensions ['ros']
[0.964s] Level 1:colcon.colcon_core.package_identification:_identify(images) by extension 'ros'
[0.965s] Level 1:colcon.colcon_core.package_identification:_identify(images) by extensions ['cmake', 'python']
[0.965s] Level 1:colcon.colcon_core.package_identification:_identify(images) by extension 'cmake'
[0.965s] Level 1:colcon.colcon_core.package_identification:_identify(images) by extension 'python'
[0.965s] Level 1:colcon.colcon_core.package_identification:_identify(images) by extensions ['python_setup_py']
[0.965s] Level 1:colcon.colcon_core.package_identification:_identify(images) by extension 'python_setup_py'
[0.966s] Level 1:colcon.colcon_core.package_identification:_identify(install) by extensions ['ignore', 'ignore_ament_install']
[0.966s] Level 1:colcon.colcon_core.package_identification:_identify(install) by extension 'ignore'
[0.967s] Level 1:colcon.colcon_core.package_identification:_identify(install) ignored
[0.967s] Level 1:colcon.colcon_core.package_identification:_identify(local_capture) by extensions ['ignore', 'ignore_ament_install']
[0.968s] Level 1:colcon.colcon_core.package_identification:_identify(local_capture) by extension 'ignore'
[0.968s] Level 1:colcon.colcon_core.package_identification:_identify(local_capture) by extension 'ignore_ament_install'
[0.968s] Level 1:colcon.colcon_core.package_identification:_identify(local_capture) by extensions ['colcon_pkg']
[0.968s] Level 1:colcon.colcon_core.package_identification:_identify(local_capture) by extension 'colcon_pkg'
[0.969s] Level 1:colcon.colcon_core.package_identification:_identify(local_capture) by extensions ['colcon_meta']
[0.969s] Level 1:colcon.colcon_core.package_identification:_identify(local_capture) by extension 'colcon_meta'
[0.969s] Level 1:colcon.colcon_core.package_identification:_identify(local_capture) by extensions ['ros']
[0.969s] Level 1:colcon.colcon_core.package_identification:_identify(local_capture) by extension 'ros'
[0.970s] Level 1:colcon.colcon_core.package_identification:_identify(local_capture) by extensions ['cmake', 'python']
[0.970s] Level 1:colcon.colcon_core.package_identification:_identify(local_capture) by extension 'cmake'
[0.970s] Level 1:colcon.colcon_core.package_identification:_identify(local_capture) by extension 'python'
[0.970s] Level 1:colcon.colcon_core.package_identification:_identify(local_capture) by extensions ['python_setup_py']
[0.971s] Level 1:colcon.colcon_core.package_identification:_identify(local_capture) by extension 'python_setup_py'
[0.971s] Level 1:colcon.colcon_core.package_identification:_identify(local_capture/images) by extensions ['ignore', 'ignore_ament_install']
[0.972s] Level 1:colcon.colcon_core.package_identification:_identify(local_capture/images) by extension 'ignore'
[0.972s] Level 1:colcon.colcon_core.package_identification:_identify(local_capture/images) by extension 'ignore_ament_install'
[0.972s] Level 1:colcon.colcon_core.package_identification:_identify(local_capture/images) by extensions ['colcon_pkg']
[0.973s] Level 1:colcon.colcon_core.package_identification:_identify(local_capture/images) by extension 'colcon_pkg'
[0.973s] Level 1:colcon.colcon_core.package_identification:_identify(local_capture/images) by extensions ['colcon_meta']
[0.973s] Level 1:colcon.colcon_core.package_identification:_identify(local_capture/images) by extension 'colcon_meta'
[0.973s] Level 1:colcon.colcon_core.package_identification:_identify(local_capture/images) by extensions ['ros']
[0.973s] Level 1:colcon.colcon_core.package_identification:_identify(local_capture/images) by extension 'ros'
[0.974s] Level 1:colcon.colcon_core.package_identification:_identify(local_capture/images) by extensions ['cmake', 'python']
[0.974s] Level 1:colcon.colcon_core.package_identification:_identify(local_capture/images) by extension 'cmake'
[0.974s] Level 1:colcon.colcon_core.package_identification:_identify(local_capture/images) by extension 'python'
[0.975s] Level 1:colcon.colcon_core.package_identification:_identify(local_capture/images) by extensions ['python_setup_py']
[0.975s] Level 1:colcon.colcon_core.package_identification:_identify(local_capture/images) by extension 'python_setup_py'
[0.975s] Level 1:colcon.colcon_core.package_identification:_identify(local_capture/videos) by extensions ['ignore', 'ignore_ament_install']
[0.976s] Level 1:colcon.colcon_core.package_identification:_identify(local_capture/videos) by extension 'ignore'
[0.976s] Level 1:colcon.colcon_core.package_identification:_identify(local_capture/videos) by extension 'ignore_ament_install'
[0.976s] Level 1:colcon.colcon_core.package_identification:_identify(local_capture/videos) by extensions ['colcon_pkg']
[0.977s] Level 1:colcon.colcon_core.package_identification:_identify(local_capture/videos) by extension 'colcon_pkg'
[0.977s] Level 1:colcon.colcon_core.package_identification:_identify(local_capture/videos) by extensions ['colcon_meta']
[0.977s] Level 1:colcon.colcon_core.package_identification:_identify(local_capture/videos) by extension 'colcon_meta'
[0.977s] Level 1:colcon.colcon_core.package_identification:_identify(local_capture/videos) by extensions ['ros']
[0.977s] Level 1:colcon.colcon_core.package_identification:_identify(local_capture/videos) by extension 'ros'
[0.978s] Level 1:colcon.colcon_core.package_identification:_identify(local_capture/videos) by extensions ['cmake', 'python']
[0.978s] Level 1:colcon.colcon_core.package_identification:_identify(local_capture/videos) by extension 'cmake'
[0.978s] Level 1:colcon.colcon_core.package_identification:_identify(local_capture/videos) by extension 'python'
[0.979s] Level 1:colcon.colcon_core.package_identification:_identify(local_capture/videos) by extensions ['python_setup_py']
[0.979s] Level 1:colcon.colcon_core.package_identification:_identify(local_capture/videos) by extension 'python_setup_py'
[0.979s] Level 1:colcon.colcon_core.package_identification:_identify(log) by extensions ['ignore', 'ignore_ament_install']
[0.980s] Level 1:colcon.colcon_core.package_identification:_identify(log) by extension 'ignore'
[0.980s] Level 1:colcon.colcon_core.package_identification:_identify(log) ignored
[0.980s] Level 1:colcon.colcon_core.package_identification:_identify(logs) by extensions ['ignore', 'ignore_ament_install']
[0.981s] Level 1:colcon.colcon_core.package_identification:_identify(logs) by extension 'ignore'
[0.981s] Level 1:colcon.colcon_core.package_identification:_identify(logs) by extension 'ignore_ament_install'
[0.981s] Level 1:colcon.colcon_core.package_identification:_identify(logs) by extensions ['colcon_pkg']
[0.982s] Level 1:colcon.colcon_core.package_identification:_identify(logs) by extension 'colcon_pkg'
[0.982s] Level 1:colcon.colcon_core.package_identification:_identify(logs) by extensions ['colcon_meta']
[0.982s] Level 1:colcon.colcon_core.package_identification:_identify(logs) by extension 'colcon_meta'
[0.982s] Level 1:colcon.colcon_core.package_identification:_identify(logs) by extensions ['ros']
[0.983s] Level 1:colcon.colcon_core.package_identification:_identify(logs) by extension 'ros'
[0.983s] Level 1:colcon.colcon_core.package_identification:_identify(logs) by extensions ['cmake', 'python']
[0.983s] Level 1:colcon.colcon_core.package_identification:_identify(logs) by extension 'cmake'
[0.983s] Level 1:colcon.colcon_core.package_identification:_identify(logs) by extension 'python'
[0.984s] Level 1:colcon.colcon_core.package_identification:_identify(logs) by extensions ['python_setup_py']
[0.984s] Level 1:colcon.colcon_core.package_identification:_identify(logs) by extension 'python_setup_py'
[0.984s] Level 1:colcon.colcon_core.package_identification:_identify(maps) by extensions ['ignore', 'ignore_ament_install']
[0.985s] Level 1:colcon.colcon_core.package_identification:_identify(maps) by extension 'ignore'
[0.985s] Level 1:colcon.colcon_core.package_identification:_identify(maps) by extension 'ignore_ament_install'
[0.985s] Level 1:colcon.colcon_core.package_identification:_identify(maps) by extensions ['colcon_pkg']
[0.985s] Level 1:colcon.colcon_core.package_identification:_identify(maps) by extension 'colcon_pkg'
[0.986s] Level 1:colcon.colcon_core.package_identification:_identify(maps) by extensions ['colcon_meta']
[0.986s] Level 1:colcon.colcon_core.package_identification:_identify(maps) by extension 'colcon_meta'
[0.986s] Level 1:colcon.colcon_core.package_identification:_identify(maps) by extensions ['ros']
[0.986s] Level 1:colcon.colcon_core.package_identification:_identify(maps) by extension 'ros'
[0.987s] Level 1:colcon.colcon_core.package_identification:_identify(maps) by extensions ['cmake', 'python']
[0.987s] Level 1:colcon.colcon_core.package_identification:_identify(maps) by extension 'cmake'
[0.987s] Level 1:colcon.colcon_core.package_identification:_identify(maps) by extension 'python'
[0.987s] Level 1:colcon.colcon_core.package_identification:_identify(maps) by extensions ['python_setup_py']
[0.988s] Level 1:colcon.colcon_core.package_identification:_identify(maps) by extension 'python_setup_py'
[0.988s] Level 1:colcon.colcon_core.package_identification:_identify(scripts) by extensions ['ignore', 'ignore_ament_install']
[0.989s] Level 1:colcon.colcon_core.package_identification:_identify(scripts) by extension 'ignore'
[0.989s] Level 1:colcon.colcon_core.package_identification:_identify(scripts) by extension 'ignore_ament_install'
[0.989s] Level 1:colcon.colcon_core.package_identification:_identify(scripts) by extensions ['colcon_pkg']
[0.989s] Level 1:colcon.colcon_core.package_identification:_identify(scripts) by extension 'colcon_pkg'
[0.990s] Level 1:colcon.colcon_core.package_identification:_identify(scripts) by extensions ['colcon_meta']
[0.990s] Level 1:colcon.colcon_core.package_identification:_identify(scripts) by extension 'colcon_meta'
[0.990s] Level 1:colcon.colcon_core.package_identification:_identify(scripts) by extensions ['ros']
[0.990s] Level 1:colcon.colcon_core.package_identification:_identify(scripts) by extension 'ros'
[0.991s] Level 1:colcon.colcon_core.package_identification:_identify(scripts) by extensions ['cmake', 'python']
[0.991s] Level 1:colcon.colcon_core.package_identification:_identify(scripts) by extension 'cmake'
[0.991s] Level 1:colcon.colcon_core.package_identification:_identify(scripts) by extension 'python'
[0.991s] Level 1:colcon.colcon_core.package_identification:_identify(scripts) by extensions ['python_setup_py']
[0.992s] Level 1:colcon.colcon_core.package_identification:_identify(scripts) by extension 'python_setup_py'
[0.992s] Level 1:colcon.colcon_core.package_identification:_identify(src) by extensions ['ignore', 'ignore_ament_install']
[0.992s] Level 1:colcon.colcon_core.package_identification:_identify(src) by extension 'ignore'
[0.993s] Level 1:colcon.colcon_core.package_identification:_identify(src) by extension 'ignore_ament_install'
[0.993s] Level 1:colcon.colcon_core.package_identification:_identify(src) by extensions ['colcon_pkg']
[0.993s] Level 1:colcon.colcon_core.package_identification:_identify(src) by extension 'colcon_pkg'
[0.993s] Level 1:colcon.colcon_core.package_identification:_identify(src) by extensions ['colcon_meta']
[0.994s] Level 1:colcon.colcon_core.package_identification:_identify(src) by extension 'colcon_meta'
[0.994s] Level 1:colcon.colcon_core.package_identification:_identify(src) by extensions ['ros']
[0.994s] Level 1:colcon.colcon_core.package_identification:_identify(src) by extension 'ros'
[0.995s] Level 1:colcon.colcon_core.package_identification:_identify(src) by extensions ['cmake', 'python']
[0.995s] Level 1:colcon.colcon_core.package_identification:_identify(src) by extension 'cmake'
[0.995s] Level 1:colcon.colcon_core.package_identification:_identify(src) by extension 'python'
[0.995s] Level 1:colcon.colcon_core.package_identification:_identify(src) by extensions ['python_setup_py']
[0.995s] Level 1:colcon.colcon_core.package_identification:_identify(src) by extension 'python_setup_py'
[0.996s] Level 1:colcon.colcon_core.package_identification:_identify(src/LSLIDAR_X_ROS2-20240228) by extensions ['ignore', 'ignore_ament_install']
[0.996s] Level 1:colcon.colcon_core.package_identification:_identify(src/LSLIDAR_X_ROS2-20240228) by extension 'ignore'
[0.997s] Level 1:colcon.colcon_core.package_identification:_identify(src/LSLIDAR_X_ROS2-20240228) by extension 'ignore_ament_install'
[0.997s] Level 1:colcon.colcon_core.package_identification:_identify(src/LSLIDAR_X_ROS2-20240228) by extensions ['colcon_pkg']
[0.997s] Level 1:colcon.colcon_core.package_identification:_identify(src/LSLIDAR_X_ROS2-20240228) by extension 'colcon_pkg'
[0.997s] Level 1:colcon.colcon_core.package_identification:_identify(src/LSLIDAR_X_ROS2-20240228) by extensions ['colcon_meta']
[0.998s] Level 1:colcon.colcon_core.package_identification:_identify(src/LSLIDAR_X_ROS2-20240228) by extension 'colcon_meta'
[0.998s] Level 1:colcon.colcon_core.package_identification:_identify(src/LSLIDAR_X_ROS2-20240228) by extensions ['ros']
[0.998s] Level 1:colcon.colcon_core.package_identification:_identify(src/LSLIDAR_X_ROS2-20240228) by extension 'ros'
[0.998s] Level 1:colcon.colcon_core.package_identification:_identify(src/LSLIDAR_X_ROS2-20240228) by extensions ['cmake', 'python']
[0.999s] Level 1:colcon.colcon_core.package_identification:_identify(src/LSLIDAR_X_ROS2-20240228) by extension 'cmake'
[0.999s] Level 1:colcon.colcon_core.package_identification:_identify(src/LSLIDAR_X_ROS2-20240228) by extension 'python'
[0.999s] Level 1:colcon.colcon_core.package_identification:_identify(src/LSLIDAR_X_ROS2-20240228) by extensions ['python_setup_py']
[0.999s] Level 1:colcon.colcon_core.package_identification:_identify(src/LSLIDAR_X_ROS2-20240228) by extension 'python_setup_py'
[1.000s] Level 1:colcon.colcon_core.package_identification:_identify(src/LSLIDAR_X_ROS2-20240228/src) by extensions ['ignore', 'ignore_ament_install']
[1.000s] Level 1:colcon.colcon_core.package_identification:_identify(src/LSLIDAR_X_ROS2-20240228/src) by extension 'ignore'
[1.001s] Level 1:colcon.colcon_core.package_identification:_identify(src/LSLIDAR_X_ROS2-20240228/src) by extension 'ignore_ament_install'
[1.001s] Level 1:colcon.colcon_core.package_identification:_identify(src/LSLIDAR_X_ROS2-20240228/src) by extensions ['colcon_pkg']
[1.001s] Level 1:colcon.colcon_core.package_identification:_identify(src/LSLIDAR_X_ROS2-20240228/src) by extension 'colcon_pkg'
[1.001s] Level 1:colcon.colcon_core.package_identification:_identify(src/LSLIDAR_X_ROS2-20240228/src) by extensions ['colcon_meta']
[1.002s] Level 1:colcon.colcon_core.package_identification:_identify(src/LSLIDAR_X_ROS2-20240228/src) by extension 'colcon_meta'
[1.002s] Level 1:colcon.colcon_core.package_identification:_identify(src/LSLIDAR_X_ROS2-20240228/src) by extensions ['ros']
[1.002s] Level 1:colcon.colcon_core.package_identification:_identify(src/LSLIDAR_X_ROS2-20240228/src) by extension 'ros'
[1.003s] Level 1:colcon.colcon_core.package_identification:_identify(src/LSLIDAR_X_ROS2-20240228/src) by extensions ['cmake', 'python']
[1.003s] Level 1:colcon.colcon_core.package_identification:_identify(src/LSLIDAR_X_ROS2-20240228/src) by extension 'cmake'
[1.003s] Level 1:colcon.colcon_core.package_identification:_identify(src/LSLIDAR_X_ROS2-20240228/src) by extension 'python'
[1.003s] Level 1:colcon.colcon_core.package_identification:_identify(src/LSLIDAR_X_ROS2-20240228/src) by extensions ['python_setup_py']
[1.003s] Level 1:colcon.colcon_core.package_identification:_identify(src/LSLIDAR_X_ROS2-20240228/src) by extension 'python_setup_py'
[1.004s] Level 1:colcon.colcon_core.package_identification:_identify(src/LSLIDAR_X_ROS2-20240228/src/lslidar_driver) by extensions ['ignore', 'ignore_ament_install']
[1.004s] Level 1:colcon.colcon_core.package_identification:_identify(src/LSLIDAR_X_ROS2-20240228/src/lslidar_driver) by extension 'ignore'
[1.005s] Level 1:colcon.colcon_core.package_identification:_identify(src/LSLIDAR_X_ROS2-20240228/src/lslidar_driver) by extension 'ignore_ament_install'
[1.005s] Level 1:colcon.colcon_core.package_identification:_identify(src/LSLIDAR_X_ROS2-20240228/src/lslidar_driver) by extensions ['colcon_pkg']
[1.005s] Level 1:colcon.colcon_core.package_identification:_identify(src/LSLIDAR_X_ROS2-20240228/src/lslidar_driver) by extension 'colcon_pkg'
[1.005s] Level 1:colcon.colcon_core.package_identification:_identify(src/LSLIDAR_X_ROS2-20240228/src/lslidar_driver) by extensions ['colcon_meta']
[1.006s] Level 1:colcon.colcon_core.package_identification:_identify(src/LSLIDAR_X_ROS2-20240228/src/lslidar_driver) by extension 'colcon_meta'
[1.006s] Level 1:colcon.colcon_core.package_identification:_identify(src/LSLIDAR_X_ROS2-20240228/src/lslidar_driver) by extensions ['ros']
[1.006s] Level 1:colcon.colcon_core.package_identification:_identify(src/LSLIDAR_X_ROS2-20240228/src/lslidar_driver) by extension 'ros'
[1.022s] DEBUG:colcon.colcon_core.package_identification:Package 'src/LSLIDAR_X_ROS2-20240228/src/lslidar_driver' with type 'ros.ament_cmake' and name 'lslidar_driver'
[1.022s] Level 1:colcon.colcon_core.package_identification:_identify(src/LSLIDAR_X_ROS2-20240228/src/lslidar_msgs) by extensions ['ignore', 'ignore_ament_install']
[1.023s] Level 1:colcon.colcon_core.package_identification:_identify(src/LSLIDAR_X_ROS2-20240228/src/lslidar_msgs) by extension 'ignore'
[1.023s] Level 1:colcon.colcon_core.package_identification:_identify(src/LSLIDAR_X_ROS2-20240228/src/lslidar_msgs) by extension 'ignore_ament_install'
[1.024s] Level 1:colcon.colcon_core.package_identification:_identify(src/LSLIDAR_X_ROS2-20240228/src/lslidar_msgs) by extensions ['colcon_pkg']
[1.024s] Level 1:colcon.colcon_core.package_identification:_identify(src/LSLIDAR_X_ROS2-20240228/src/lslidar_msgs) by extension 'colcon_pkg'
[1.024s] Level 1:colcon.colcon_core.package_identification:_identify(src/LSLIDAR_X_ROS2-20240228/src/lslidar_msgs) by extensions ['colcon_meta']
[1.024s] Level 1:colcon.colcon_core.package_identification:_identify(src/LSLIDAR_X_ROS2-20240228/src/lslidar_msgs) by extension 'colcon_meta'
[1.025s] Level 1:colcon.colcon_core.package_identification:_identify(src/LSLIDAR_X_ROS2-20240228/src/lslidar_msgs) by extensions ['ros']
[1.025s] Level 1:colcon.colcon_core.package_identification:_identify(src/LSLIDAR_X_ROS2-20240228/src/lslidar_msgs) by extension 'ros'
[1.029s] DEBUG:colcon.colcon_core.package_identification:Package 'src/LSLIDAR_X_ROS2-20240228/src/lslidar_msgs' with type 'ros.ament_cmake' and name 'lslidar_msgs'
[1.030s] Level 1:colcon.colcon_core.package_identification:_identify(src/agri_bringup) by extensions ['ignore', 'ignore_ament_install']
[1.030s] Level 1:colcon.colcon_core.package_identification:_identify(src/agri_bringup) by extension 'ignore'
[1.030s] Level 1:colcon.colcon_core.package_identification:_identify(src/agri_bringup) by extension 'ignore_ament_install'
[1.031s] Level 1:colcon.colcon_core.package_identification:_identify(src/agri_bringup) by extensions ['colcon_pkg']
[1.031s] Level 1:colcon.colcon_core.package_identification:_identify(src/agri_bringup) by extension 'colcon_pkg'
[1.031s] Level 1:colcon.colcon_core.package_identification:_identify(src/agri_bringup) by extensions ['colcon_meta']
[1.031s] Level 1:colcon.colcon_core.package_identification:_identify(src/agri_bringup) by extension 'colcon_meta'
[1.032s] Level 1:colcon.colcon_core.package_identification:_identify(src/agri_bringup) by extensions ['ros']
[1.032s] Level 1:colcon.colcon_core.package_identification:_identify(src/agri_bringup) by extension 'ros'
[1.035s] DEBUG:colcon.colcon_core.package_identification:Package 'src/agri_bringup' with type 'ros.ament_cmake' and name 'agri_bringup'
[1.035s] Level 1:colcon.colcon_core.package_identification:_identify(src/agri_car_bringup) by extensions ['ignore', 'ignore_ament_install']
[1.036s] Level 1:colcon.colcon_core.package_identification:_identify(src/agri_car_bringup) by extension 'ignore'
[1.036s] Level 1:colcon.colcon_core.package_identification:_identify(src/agri_car_bringup) by extension 'ignore_ament_install'
[1.036s] Level 1:colcon.colcon_core.package_identification:_identify(src/agri_car_bringup) by extensions ['colcon_pkg']
[1.037s] Level 1:colcon.colcon_core.package_identification:_identify(src/agri_car_bringup) by extension 'colcon_pkg'
[1.037s] Level 1:colcon.colcon_core.package_identification:_identify(src/agri_car_bringup) by extensions ['colcon_meta']
[1.037s] Level 1:colcon.colcon_core.package_identification:_identify(src/agri_car_bringup) by extension 'colcon_meta'
[1.037s] Level 1:colcon.colcon_core.package_identification:_identify(src/agri_car_bringup) by extensions ['ros']
[1.037s] Level 1:colcon.colcon_core.package_identification:_identify(src/agri_car_bringup) by extension 'ros'
[1.038s] Level 1:colcon.colcon_core.package_identification:_identify(src/agri_car_bringup) by extensions ['cmake', 'python']
[1.038s] Level 1:colcon.colcon_core.package_identification:_identify(src/agri_car_bringup) by extension 'cmake'
[1.038s] Level 1:colcon.colcon_core.package_identification:_identify(src/agri_car_bringup) by extension 'python'
[1.039s] Level 1:colcon.colcon_core.package_identification:_identify(src/agri_car_bringup) by extensions ['python_setup_py']
[1.039s] Level 1:colcon.colcon_core.package_identification:_identify(src/agri_car_bringup) by extension 'python_setup_py'
[1.039s] Level 1:colcon.colcon_core.package_identification:_identify(src/agri_car_driver) by extensions ['ignore', 'ignore_ament_install']
[1.040s] Level 1:colcon.colcon_core.package_identification:_identify(src/agri_car_driver) by extension 'ignore'
[1.040s] Level 1:colcon.colcon_core.package_identification:_identify(src/agri_car_driver) by extension 'ignore_ament_install'
[1.040s] Level 1:colcon.colcon_core.package_identification:_identify(src/agri_car_driver) by extensions ['colcon_pkg']
[1.041s] Level 1:colcon.colcon_core.package_identification:_identify(src/agri_car_driver) by extension 'colcon_pkg'
[1.041s] Level 1:colcon.colcon_core.package_identification:_identify(src/agri_car_driver) by extensions ['colcon_meta']
[1.041s] Level 1:colcon.colcon_core.package_identification:_identify(src/agri_car_driver) by extension 'colcon_meta'
[1.041s] Level 1:colcon.colcon_core.package_identification:_identify(src/agri_car_driver) by extensions ['ros']
[1.042s] Level 1:colcon.colcon_core.package_identification:_identify(src/agri_car_driver) by extension 'ros'
[1.045s] DEBUG:colcon.colcon_core.package_identification:Package 'src/agri_car_driver' with type 'ros.ament_cmake' and name 'agri_car_driver'
[1.046s] Level 1:colcon.colcon_core.package_identification:_identify(src/agri_car_serial) by extensions ['ignore', 'ignore_ament_install']
[1.047s] Level 1:colcon.colcon_core.package_identification:_identify(src/agri_car_serial) by extension 'ignore'
[1.048s] Level 1:colcon.colcon_core.package_identification:_identify(src/agri_car_serial) by extension 'ignore_ament_install'
[1.048s] Level 1:colcon.colcon_core.package_identification:_identify(src/agri_car_serial) by extensions ['colcon_pkg']
[1.049s] Level 1:colcon.colcon_core.package_identification:_identify(src/agri_car_serial) by extension 'colcon_pkg'
[1.049s] Level 1:colcon.colcon_core.package_identification:_identify(src/agri_car_serial) by extensions ['colcon_meta']
[1.049s] Level 1:colcon.colcon_core.package_identification:_identify(src/agri_car_serial) by extension 'colcon_meta'
[1.050s] Level 1:colcon.colcon_core.package_identification:_identify(src/agri_car_serial) by extensions ['ros']
[1.050s] Level 1:colcon.colcon_core.package_identification:_identify(src/agri_car_serial) by extension 'ros'
[1.051s] Level 1:colcon.colcon_core.package_identification:_identify(src/agri_car_serial) by extensions ['cmake', 'python']
[1.051s] Level 1:colcon.colcon_core.package_identification:_identify(src/agri_car_serial) by extension 'cmake'
[1.051s] Level 1:colcon.colcon_core.package_identification:_identify(src/agri_car_serial) by extension 'python'
[1.051s] Level 1:colcon.colcon_core.package_identification:_identify(src/agri_car_serial) by extensions ['python_setup_py']
[1.052s] Level 1:colcon.colcon_core.package_identification:_identify(src/agri_car_serial) by extension 'python_setup_py'
[1.052s] Level 1:colcon.colcon_core.package_identification:_identify(src/agri_car_station_client) by extensions ['ignore', 'ignore_ament_install']
[1.053s] Level 1:colcon.colcon_core.package_identification:_identify(src/agri_car_station_client) by extension 'ignore'
[1.053s] Level 1:colcon.colcon_core.package_identification:_identify(src/agri_car_station_client) by extension 'ignore_ament_install'
[1.054s] Level 1:colcon.colcon_core.package_identification:_identify(src/agri_car_station_client) by extensions ['colcon_pkg']
[1.054s] Level 1:colcon.colcon_core.package_identification:_identify(src/agri_car_station_client) by extension 'colcon_pkg'
[1.054s] Level 1:colcon.colcon_core.package_identification:_identify(src/agri_car_station_client) by extensions ['colcon_meta']
[1.054s] Level 1:colcon.colcon_core.package_identification:_identify(src/agri_car_station_client) by extension 'colcon_meta'
[1.055s] Level 1:colcon.colcon_core.package_identification:_identify(src/agri_car_station_client) by extensions ['ros']
[1.055s] Level 1:colcon.colcon_core.package_identification:_identify(src/agri_car_station_client) by extension 'ros'
[1.055s] Level 1:colcon.colcon_core.package_identification:_identify(src/agri_car_station_client) by extensions ['cmake', 'python']
[1.056s] Level 1:colcon.colcon_core.package_identification:_identify(src/agri_car_station_client) by extension 'cmake'
[1.056s] Level 1:colcon.colcon_core.package_identification:_identify(src/agri_car_station_client) by extension 'python'
[1.056s] Level 1:colcon.colcon_core.package_identification:_identify(src/agri_car_station_client) by extensions ['python_setup_py']
[1.056s] Level 1:colcon.colcon_core.package_identification:_identify(src/agri_car_station_client) by extension 'python_setup_py'
[1.057s] Level 1:colcon.colcon_core.package_identification:_identify(src/agri_car_task) by extensions ['ignore', 'ignore_ament_install']
[1.057s] Level 1:colcon.colcon_core.package_identification:_identify(src/agri_car_task) by extension 'ignore'
[1.058s] Level 1:colcon.colcon_core.package_identification:_identify(src/agri_car_task) by extension 'ignore_ament_install'
[1.058s] Level 1:colcon.colcon_core.package_identification:_identify(src/agri_car_task) by extensions ['colcon_pkg']
[1.058s] Level 1:colcon.colcon_core.package_identification:_identify(src/agri_car_task) by extension 'colcon_pkg'
[1.058s] Level 1:colcon.colcon_core.package_identification:_identify(src/agri_car_task) by extensions ['colcon_meta']
[1.059s] Level 1:colcon.colcon_core.package_identification:_identify(src/agri_car_task) by extension 'colcon_meta'
[1.059s] Level 1:colcon.colcon_core.package_identification:_identify(src/agri_car_task) by extensions ['ros']
[1.059s] Level 1:colcon.colcon_core.package_identification:_identify(src/agri_car_task) by extension 'ros'
[1.060s] Level 1:colcon.colcon_core.package_identification:_identify(src/agri_car_task) by extensions ['cmake', 'python']
[1.060s] Level 1:colcon.colcon_core.package_identification:_identify(src/agri_car_task) by extension 'cmake'
[1.060s] Level 1:colcon.colcon_core.package_identification:_identify(src/agri_car_task) by extension 'python'
[1.060s] Level 1:colcon.colcon_core.package_identification:_identify(src/agri_car_task) by extensions ['python_setup_py']
[1.060s] Level 1:colcon.colcon_core.package_identification:_identify(src/agri_car_task) by extension 'python_setup_py'
[1.061s] Level 1:colcon.colcon_core.package_identification:_identify(src/agri_car_vision) by extensions ['ignore', 'ignore_ament_install']
[1.061s] Level 1:colcon.colcon_core.package_identification:_identify(src/agri_car_vision) by extension 'ignore'
[1.062s] Level 1:colcon.colcon_core.package_identification:_identify(src/agri_car_vision) by extension 'ignore_ament_install'
[1.062s] Level 1:colcon.colcon_core.package_identification:_identify(src/agri_car_vision) by extensions ['colcon_pkg']
[1.062s] Level 1:colcon.colcon_core.package_identification:_identify(src/agri_car_vision) by extension 'colcon_pkg'
[1.063s] Level 1:colcon.colcon_core.package_identification:_identify(src/agri_car_vision) by extensions ['colcon_meta']
[1.063s] Level 1:colcon.colcon_core.package_identification:_identify(src/agri_car_vision) by extension 'colcon_meta'
[1.063s] Level 1:colcon.colcon_core.package_identification:_identify(src/agri_car_vision) by extensions ['ros']
[1.063s] Level 1:colcon.colcon_core.package_identification:_identify(src/agri_car_vision) by extension 'ros'
[1.064s] Level 1:colcon.colcon_core.package_identification:_identify(src/agri_car_vision) by extensions ['cmake', 'python']
[1.064s] Level 1:colcon.colcon_core.package_identification:_identify(src/agri_car_vision) by extension 'cmake'
[1.064s] Level 1:colcon.colcon_core.package_identification:_identify(src/agri_car_vision) by extension 'python'
[1.064s] Level 1:colcon.colcon_core.package_identification:_identify(src/agri_car_vision) by extensions ['python_setup_py']
[1.065s] Level 1:colcon.colcon_core.package_identification:_identify(src/agri_car_vision) by extension 'python_setup_py'
[1.065s] Level 1:colcon.colcon_core.package_identification:_identify(src/agri_control) by extensions ['ignore', 'ignore_ament_install']
[1.066s] Level 1:colcon.colcon_core.package_identification:_identify(src/agri_control) by extension 'ignore'
[1.066s] Level 1:colcon.colcon_core.package_identification:_identify(src/agri_control) by extension 'ignore_ament_install'
[1.066s] Level 1:colcon.colcon_core.package_identification:_identify(src/agri_control) by extensions ['colcon_pkg']
[1.066s] Level 1:colcon.colcon_core.package_identification:_identify(src/agri_control) by extension 'colcon_pkg'
[1.067s] Level 1:colcon.colcon_core.package_identification:_identify(src/agri_control) by extensions ['colcon_meta']
[1.067s] Level 1:colcon.colcon_core.package_identification:_identify(src/agri_control) by extension 'colcon_meta'
[1.067s] Level 1:colcon.colcon_core.package_identification:_identify(src/agri_control) by extensions ['ros']
[1.067s] Level 1:colcon.colcon_core.package_identification:_identify(src/agri_control) by extension 'ros'
[1.070s] DEBUG:colcon.colcon_core.package_identification:Package 'src/agri_control' with type 'ros.ament_cmake' and name 'agri_control'
[1.071s] Level 1:colcon.colcon_core.package_identification:_identify(src/agri_imu_driver) by extensions ['ignore', 'ignore_ament_install']
[1.071s] Level 1:colcon.colcon_core.package_identification:_identify(src/agri_imu_driver) by extension 'ignore'
[1.072s] Level 1:colcon.colcon_core.package_identification:_identify(src/agri_imu_driver) by extension 'ignore_ament_install'
[1.072s] Level 1:colcon.colcon_core.package_identification:_identify(src/agri_imu_driver) by extensions ['colcon_pkg']
[1.072s] Level 1:colcon.colcon_core.package_identification:_identify(src/agri_imu_driver) by extension 'colcon_pkg'
[1.072s] Level 1:colcon.colcon_core.package_identification:_identify(src/agri_imu_driver) by extensions ['colcon_meta']
[1.073s] Level 1:colcon.colcon_core.package_identification:_identify(src/agri_imu_driver) by extension 'colcon_meta'
[1.073s] Level 1:colcon.colcon_core.package_identification:_identify(src/agri_imu_driver) by extensions ['ros']
[1.073s] Level 1:colcon.colcon_core.package_identification:_identify(src/agri_imu_driver) by extension 'ros'
[1.076s] DEBUG:colcon.colcon_core.package_identification:Package 'src/agri_imu_driver' with type 'ros.ament_cmake' and name 'agri_imu_driver'
[1.076s] Level 1:colcon.colcon_core.package_identification:_identify(src/agri_interfaces) by extensions ['ignore', 'ignore_ament_install']
[1.077s] Level 1:colcon.colcon_core.package_identification:_identify(src/agri_interfaces) by extension 'ignore'
[1.077s] Level 1:colcon.colcon_core.package_identification:_identify(src/agri_interfaces) by extension 'ignore_ament_install'
[1.077s] Level 1:colcon.colcon_core.package_identification:_identify(src/agri_interfaces) by extensions ['colcon_pkg']
[1.078s] Level 1:colcon.colcon_core.package_identification:_identify(src/agri_interfaces) by extension 'colcon_pkg'
[1.078s] Level 1:colcon.colcon_core.package_identification:_identify(src/agri_interfaces) by extensions ['colcon_meta']
[1.078s] Level 1:colcon.colcon_core.package_identification:_identify(src/agri_interfaces) by extension 'colcon_meta'
[1.078s] Level 1:colcon.colcon_core.package_identification:_identify(src/agri_interfaces) by extensions ['ros']
[1.079s] Level 1:colcon.colcon_core.package_identification:_identify(src/agri_interfaces) by extension 'ros'
[1.079s] Level 1:colcon.colcon_core.package_identification:_identify(src/agri_interfaces) by extensions ['cmake', 'python']
[1.079s] Level 1:colcon.colcon_core.package_identification:_identify(src/agri_interfaces) by extension 'cmake'
[1.079s] Level 1:colcon.colcon_core.package_identification:_identify(src/agri_interfaces) by extension 'python'
[1.080s] Level 1:colcon.colcon_core.package_identification:_identify(src/agri_interfaces) by extensions ['python_setup_py']
[1.080s] Level 1:colcon.colcon_core.package_identification:_identify(src/agri_interfaces) by extension 'python_setup_py'
[1.080s] Level 1:colcon.colcon_core.package_discovery:discover_packages(recursive) using defaults
[1.081s] Level 1:colcon.colcon_core.package_discovery:discover_packages(ignore) discover
[1.081s] Level 1:colcon.colcon_core.package_discovery:discover_packages(ignore) using defaults
[1.081s] Level 1:colcon.colcon_core.package_discovery:discover_packages(path) discover
[1.081s] Level 1:colcon.colcon_core.package_discovery:discover_packages(path) using defaults
[1.198s] INFO:colcon.colcon_core.package_selection:Skipping not selected package 'agri_bringup' in 'src/agri_bringup'
[1.198s] INFO:colcon.colcon_core.package_selection:Skipping not selected package 'agri_car_driver' in 'src/agri_car_driver'
[1.198s] INFO:colcon.colcon_core.package_selection:Skipping not selected package 'agri_control' in 'src/agri_control'
[1.199s] INFO:colcon.colcon_core.package_selection:Skipping not selected package 'agri_imu_driver' in 'src/agri_imu_driver'
[1.202s] Level 1:colcon.colcon_core.package_discovery:discover_packages(prefix_path) check parameters
[1.202s] Level 1:colcon.colcon_core.package_discovery:discover_packages(prefix_path) discover
[1.216s] DEBUG:colcon.colcon_installed_package_information.package_discovery:Found 5 installed packages in /home/sunrise/agri_robot_ws/install
[1.222s] DEBUG:colcon.colcon_installed_package_information.package_discovery:Found 186 installed packages in /opt/ros/humble
[1.229s] Level 1:colcon.colcon_core.package_discovery:discover_packages(prefix_path) using defaults
[1.412s] Level 5:colcon.colcon_core.verb:set package 'lslidar_msgs' build argument 'cmake_args' from command line to 'None'
[1.413s] Level 5:colcon.colcon_core.verb:set package 'lslidar_msgs' build argument 'cmake_target' from command line to 'None'
[1.413s] Level 5:colcon.colcon_core.verb:set package 'lslidar_msgs' build argument 'cmake_target_skip_unavailable' from command line to 'False'
[1.413s] Level 5:colcon.colcon_core.verb:set package 'lslidar_msgs' build argument 'cmake_clean_cache' from command line to 'False'
[1.413s] Level 5:colcon.colcon_core.verb:set package 'lslidar_msgs' build argument 'cmake_clean_first' from command line to 'False'
[1.414s] Level 5:colcon.colcon_core.verb:set package 'lslidar_msgs' build argument 'cmake_force_configure' from command line to 'False'
[1.414s] Level 5:colcon.colcon_core.verb:set package 'lslidar_msgs' build argument 'ament_cmake_args' from command line to 'None'
[1.414s] Level 5:colcon.colcon_core.verb:set package 'lslidar_msgs' build argument 'catkin_cmake_args' from command line to 'None'
[1.414s] Level 5:colcon.colcon_core.verb:set package 'lslidar_msgs' build argument 'catkin_skip_building_tests' from command line to 'False'
[1.414s] DEBUG:colcon.colcon_core.verb:Building package 'lslidar_msgs' with the following arguments: {'ament_cmake_args': None, 'build_base': '/home/sunrise/agri_robot_ws/build/lslidar_msgs', 'catkin_cmake_args': None, 'catkin_skip_building_tests': False, 'cmake_args': None, 'cmake_clean_cache': False, 'cmake_clean_first': False, 'cmake_force_configure': False, 'cmake_target': None, 'cmake_target_skip_unavailable': False, 'install_base': '/home/sunrise/agri_robot_ws/install/lslidar_msgs', 'merge_install': False, 'path': '/home/sunrise/agri_robot_ws/src/LSLIDAR_X_ROS2-20240228/src/lslidar_msgs', 'symlink_install': True, 'test_result_base': None}
[1.417s] Level 5:colcon.colcon_core.verb:set package 'lslidar_driver' build argument 'cmake_args' from command line to 'None'
[1.417s] Level 5:colcon.colcon_core.verb:set package 'lslidar_driver' build argument 'cmake_target' from command line to 'None'
[1.418s] Level 5:colcon.colcon_core.verb:set package 'lslidar_driver' build argument 'cmake_target_skip_unavailable' from command line to 'False'
[1.418s] Level 5:colcon.colcon_core.verb:set package 'lslidar_driver' build argument 'cmake_clean_cache' from command line to 'False'
[1.418s] Level 5:colcon.colcon_core.verb:set package 'lslidar_driver' build argument 'cmake_clean_first' from command line to 'False'
[1.418s] Level 5:colcon.colcon_core.verb:set package 'lslidar_driver' build argument 'cmake_force_configure' from command line to 'False'
[1.418s] Level 5:colcon.colcon_core.verb:set package 'lslidar_driver' build argument 'ament_cmake_args' from command line to 'None'
[1.418s] Level 5:colcon.colcon_core.verb:set package 'lslidar_driver' build argument 'catkin_cmake_args' from command line to 'None'
[1.419s] Level 5:colcon.colcon_core.verb:set package 'lslidar_driver' build argument 'catkin_skip_building_tests' from command line to 'False'
[1.419s] DEBUG:colcon.colcon_core.verb:Building package 'lslidar_driver' with the following arguments: {'ament_cmake_args': None, 'build_base': '/home/sunrise/agri_robot_ws/build/lslidar_driver', 'catkin_cmake_args': None, 'catkin_skip_building_tests': False, 'cmake_args': None, 'cmake_clean_cache': False, 'cmake_clean_first': False, 'cmake_force_configure': False, 'cmake_target': None, 'cmake_target_skip_unavailable': False, 'install_base': '/home/sunrise/agri_robot_ws/install/lslidar_driver', 'merge_install': False, 'path': '/home/sunrise/agri_robot_ws/src/LSLIDAR_X_ROS2-20240228/src/lslidar_driver', 'symlink_install': True, 'test_result_base': None}
[1.420s] INFO:colcon.colcon_core.executor:Executing jobs using 'parallel' executor
[1.425s] DEBUG:colcon.colcon_parallel_executor.executor.parallel:run_until_complete
[1.426s] INFO:colcon.colcon_ros.task.ament_cmake.build:Building ROS package in '/home/sunrise/agri_robot_ws/src/LSLIDAR_X_ROS2-20240228/src/lslidar_msgs' with build type 'ament_cmake'
[1.427s] INFO:colcon.colcon_cmake.task.cmake.build:Building CMake package in '/home/sunrise/agri_robot_ws/src/LSLIDAR_X_ROS2-20240228/src/lslidar_msgs'
[1.445s] INFO:colcon.colcon_core.plugin_system:Skipping extension 'colcon_core.shell.bat': Not used on non-Windows systems
[1.446s] INFO:colcon.colcon_core.shell:Skip shell extension 'powershell' for command environment: Not usable outside of PowerShell
[1.447s] DEBUG:colcon.colcon_core.shell:Skip shell extension 'dsv' for command environment
[1.476s] DEBUG:colcon.colcon_core.event_handler.log_command:Invoking command in '/home/sunrise/agri_robot_ws/build/lslidar_msgs': CMAKE_PREFIX_PATH=${CMAKE_PREFIX_PATH}:/opt/ros/humble /usr/bin/cmake /home/sunrise/agri_robot_ws/src/LSLIDAR_X_ROS2-20240228/src/lslidar_msgs -DAMENT_CMAKE_SYMLINK_INSTALL=1 -DCMAKE_INSTALL_PREFIX=/home/sunrise/agri_robot_ws/install/lslidar_msgs
[13.593s] DEBUG:colcon.colcon_core.event_handler.log_command:Invoked command in '/home/sunrise/agri_robot_ws/build/lslidar_msgs' returned '0': CMAKE_PREFIX_PATH=${CMAKE_PREFIX_PATH}:/opt/ros/humble /usr/bin/cmake /home/sunrise/agri_robot_ws/src/LSLIDAR_X_ROS2-20240228/src/lslidar_msgs -DAMENT_CMAKE_SYMLINK_INSTALL=1 -DCMAKE_INSTALL_PREFIX=/home/sunrise/agri_robot_ws/install/lslidar_msgs
[13.609s] DEBUG:colcon.colcon_core.event_handler.log_command:Invoking command in '/home/sunrise/agri_robot_ws/build/lslidar_msgs': CMAKE_PREFIX_PATH=${CMAKE_PREFIX_PATH}:/opt/ros/humble /usr/bin/cmake --build /home/sunrise/agri_robot_ws/build/lslidar_msgs -- -j8 -l8
[37.487s] DEBUG:colcon.colcon_core.event_handler.log_command:Invoked command in '/home/sunrise/agri_robot_ws/build/lslidar_msgs' returned '0': CMAKE_PREFIX_PATH=${CMAKE_PREFIX_PATH}:/opt/ros/humble /usr/bin/cmake --build /home/sunrise/agri_robot_ws/build/lslidar_msgs -- -j8 -l8
[37.544s] DEBUG:colcon.colcon_core.event_handler.log_command:Invoking command in '/home/sunrise/agri_robot_ws/build/lslidar_msgs': CMAKE_PREFIX_PATH=${CMAKE_PREFIX_PATH}:/opt/ros/humble /usr/bin/cmake --install /home/sunrise/agri_robot_ws/build/lslidar_msgs
[44.625s] Level 1:colcon.colcon_core.environment:create_environment_scripts_only(lslidar_msgs)
[44.629s] DEBUG:colcon.colcon_core.event_handler.log_command:Invoked command in '/home/sunrise/agri_robot_ws/build/lslidar_msgs' returned '0': CMAKE_PREFIX_PATH=${CMAKE_PREFIX_PATH}:/opt/ros/humble /usr/bin/cmake --install /home/sunrise/agri_robot_ws/build/lslidar_msgs
[44.662s] Level 1:colcon.colcon_core.environment:checking '/home/sunrise/agri_robot_ws/install/lslidar_msgs' for CMake module files
[44.670s] Level 1:colcon.colcon_core.environment:checking '/home/sunrise/agri_robot_ws/install/lslidar_msgs' for CMake config files
[44.672s] Level 1:colcon.colcon_core.shell:create_environment_hook('lslidar_msgs', 'cmake_prefix_path')
[44.674s] INFO:colcon.colcon_core.shell:Creating environment hook '/home/sunrise/agri_robot_ws/install/lslidar_msgs/share/lslidar_msgs/hook/cmake_prefix_path.ps1'
[44.678s] INFO:colcon.colcon_core.shell:Creating environment descriptor '/home/sunrise/agri_robot_ws/install/lslidar_msgs/share/lslidar_msgs/hook/cmake_prefix_path.dsv'
[44.681s] INFO:colcon.colcon_core.shell:Creating environment hook '/home/sunrise/agri_robot_ws/install/lslidar_msgs/share/lslidar_msgs/hook/cmake_prefix_path.sh'
[44.687s] Level 1:colcon.colcon_core.environment:checking '/home/sunrise/agri_robot_ws/install/lslidar_msgs/lib'
[44.688s] Level 1:colcon.colcon_core.shell:create_environment_hook('lslidar_msgs', 'ld_library_path_lib')
[44.690s] INFO:colcon.colcon_core.shell:Creating environment hook '/home/sunrise/agri_robot_ws/install/lslidar_msgs/share/lslidar_msgs/hook/ld_library_path_lib.ps1'
[44.692s] INFO:colcon.colcon_core.shell:Creating environment descriptor '/home/sunrise/agri_robot_ws/install/lslidar_msgs/share/lslidar_msgs/hook/ld_library_path_lib.dsv'
[44.694s] INFO:colcon.colcon_core.shell:Creating environment hook '/home/sunrise/agri_robot_ws/install/lslidar_msgs/share/lslidar_msgs/hook/ld_library_path_lib.sh'
[44.696s] Level 1:colcon.colcon_core.environment:checking '/home/sunrise/agri_robot_ws/install/lslidar_msgs/bin'
[44.696s] Level 1:colcon.colcon_core.environment:checking '/home/sunrise/agri_robot_ws/install/lslidar_msgs/lib/pkgconfig/lslidar_msgs.pc'
[44.697s] Level 1:colcon.colcon_core.environment:checking '/home/sunrise/agri_robot_ws/install/lslidar_msgs/lib/python3.10/site-packages'
[44.700s] Level 1:colcon.colcon_core.environment:checking '/home/sunrise/agri_robot_ws/install/lslidar_msgs/bin'
[44.702s] INFO:colcon.colcon_core.shell:Creating package script '/home/sunrise/agri_robot_ws/install/lslidar_msgs/share/lslidar_msgs/package.ps1'
[44.711s] INFO:colcon.colcon_core.shell:Creating package descriptor '/home/sunrise/agri_robot_ws/install/lslidar_msgs/share/lslidar_msgs/package.dsv'
[44.716s] INFO:colcon.colcon_core.shell:Creating package script '/home/sunrise/agri_robot_ws/install/lslidar_msgs/share/lslidar_msgs/package.sh'
[44.721s] INFO:colcon.colcon_core.shell:Creating package script '/home/sunrise/agri_robot_ws/install/lslidar_msgs/share/lslidar_msgs/package.bash'
[44.726s] INFO:colcon.colcon_core.shell:Creating package script '/home/sunrise/agri_robot_ws/install/lslidar_msgs/share/lslidar_msgs/package.zsh'
[44.732s] Level 1:colcon.colcon_core.environment:create_file_with_runtime_dependencies(/home/sunrise/agri_robot_ws/install/lslidar_msgs/share/colcon-core/packages/lslidar_msgs)
[44.735s] Level 1:colcon.colcon_core.environment:create_environment_scripts_only(lslidar_msgs)
[44.737s] Level 1:colcon.colcon_core.environment:checking '/home/sunrise/agri_robot_ws/install/lslidar_msgs' for CMake module files
[44.741s] Level 1:colcon.colcon_core.environment:checking '/home/sunrise/agri_robot_ws/install/lslidar_msgs' for CMake config files
[44.743s] Level 1:colcon.colcon_core.shell:create_environment_hook('lslidar_msgs', 'cmake_prefix_path')
[44.744s] INFO:colcon.colcon_core.shell:Creating environment hook '/home/sunrise/agri_robot_ws/install/lslidar_msgs/share/lslidar_msgs/hook/cmake_prefix_path.ps1'
[44.746s] INFO:colcon.colcon_core.shell:Creating environment descriptor '/home/sunrise/agri_robot_ws/install/lslidar_msgs/share/lslidar_msgs/hook/cmake_prefix_path.dsv'
[44.748s] INFO:colcon.colcon_core.shell:Creating environment hook '/home/sunrise/agri_robot_ws/install/lslidar_msgs/share/lslidar_msgs/hook/cmake_prefix_path.sh'
[44.751s] Level 1:colcon.colcon_core.environment:checking '/home/sunrise/agri_robot_ws/install/lslidar_msgs/lib'
[44.752s] Level 1:colcon.colcon_core.shell:create_environment_hook('lslidar_msgs', 'ld_library_path_lib')
[44.753s] INFO:colcon.colcon_core.shell:Creating environment hook '/home/sunrise/agri_robot_ws/install/lslidar_msgs/share/lslidar_msgs/hook/ld_library_path_lib.ps1'
[44.756s] INFO:colcon.colcon_core.shell:Creating environment descriptor '/home/sunrise/agri_robot_ws/install/lslidar_msgs/share/lslidar_msgs/hook/ld_library_path_lib.dsv'
[44.758s] INFO:colcon.colcon_core.shell:Creating environment hook '/home/sunrise/agri_robot_ws/install/lslidar_msgs/share/lslidar_msgs/hook/ld_library_path_lib.sh'
[44.760s] Level 1:colcon.colcon_core.environment:checking '/home/sunrise/agri_robot_ws/install/lslidar_msgs/bin'
[44.760s] Level 1:colcon.colcon_core.environment:checking '/home/sunrise/agri_robot_ws/install/lslidar_msgs/lib/pkgconfig/lslidar_msgs.pc'
[44.762s] Level 1:colcon.colcon_core.environment:checking '/home/sunrise/agri_robot_ws/install/lslidar_msgs/lib/python3.10/site-packages'
[44.764s] Level 1:colcon.colcon_core.environment:checking '/home/sunrise/agri_robot_ws/install/lslidar_msgs/bin'
[44.766s] INFO:colcon.colcon_core.shell:Creating package script '/home/sunrise/agri_robot_ws/install/lslidar_msgs/share/lslidar_msgs/package.ps1'
[44.770s] INFO:colcon.colcon_core.shell:Creating package descriptor '/home/sunrise/agri_robot_ws/install/lslidar_msgs/share/lslidar_msgs/package.dsv'
[44.774s] INFO:colcon.colcon_core.shell:Creating package script '/home/sunrise/agri_robot_ws/install/lslidar_msgs/share/lslidar_msgs/package.sh'
[44.776s] INFO:colcon.colcon_core.shell:Creating package script '/home/sunrise/agri_robot_ws/install/lslidar_msgs/share/lslidar_msgs/package.bash'
[44.779s] INFO:colcon.colcon_core.shell:Creating package script '/home/sunrise/agri_robot_ws/install/lslidar_msgs/share/lslidar_msgs/package.zsh'
[44.781s] Level 1:colcon.colcon_core.environment:create_file_with_runtime_dependencies(/home/sunrise/agri_robot_ws/install/lslidar_msgs/share/colcon-core/packages/lslidar_msgs)
[44.783s] INFO:colcon.colcon_ros.task.ament_cmake.build:Building ROS package in '/home/sunrise/agri_robot_ws/src/LSLIDAR_X_ROS2-20240228/src/lslidar_driver' with build type 'ament_cmake'
[44.783s] INFO:colcon.colcon_cmake.task.cmake.build:Building CMake package in '/home/sunrise/agri_robot_ws/src/LSLIDAR_X_ROS2-20240228/src/lslidar_driver'
[44.785s] INFO:colcon.colcon_core.shell:Skip shell extension 'powershell' for command environment: Not usable outside of PowerShell
[44.785s] DEBUG:colcon.colcon_core.shell:Skip shell extension 'dsv' for command environment
[44.823s] DEBUG:colcon.colcon_core.event_handler.log_command:Invoking command in '/home/sunrise/agri_robot_ws/build/lslidar_driver': AMENT_PREFIX_PATH=/home/sunrise/agri_robot_ws/install/lslidar_msgs:${AMENT_PREFIX_PATH} CMAKE_PREFIX_PATH=/home/sunrise/agri_robot_ws/install/lslidar_msgs:/home/sunrise/agri_robot_ws/install/agri_imu_driver:/home/sunrise/agri_robot_ws/install/agri_control:/opt/ros/humble LD_LIBRARY_PATH=/home/sunrise/agri_robot_ws/install/lslidar_msgs/lib:/opt/ros/humble/lib/aarch64-linux-gnu:/opt/ros/humble/lib:/usr/hobot/lib:/app/lib:/app/pub/lib:/middleware/lib:/middleware/pub/lib:/usr/hobot/lib/sensor:/system/lib:/system/usr/lib:/lib PYTHONPATH=/home/sunrise/agri_robot_ws/install/lslidar_msgs/local/lib/python3.10/dist-packages:${PYTHONPATH} /usr/bin/cmake /home/sunrise/agri_robot_ws/src/LSLIDAR_X_ROS2-20240228/src/lslidar_driver -DAMENT_CMAKE_SYMLINK_INSTALL=1 -DCMAKE_INSTALL_PREFIX=/home/sunrise/agri_robot_ws/install/lslidar_driver
[63.945s] DEBUG:colcon.colcon_core.event_handler.log_command:Invoked command in '/home/sunrise/agri_robot_ws/build/lslidar_driver' returned '0': AMENT_PREFIX_PATH=/home/sunrise/agri_robot_ws/install/lslidar_msgs:${AMENT_PREFIX_PATH} CMAKE_PREFIX_PATH=/home/sunrise/agri_robot_ws/install/lslidar_msgs:/home/sunrise/agri_robot_ws/install/agri_imu_driver:/home/sunrise/agri_robot_ws/install/agri_control:/opt/ros/humble LD_LIBRARY_PATH=/home/sunrise/agri_robot_ws/install/lslidar_msgs/lib:/opt/ros/humble/lib/aarch64-linux-gnu:/opt/ros/humble/lib:/usr/hobot/lib:/app/lib:/app/pub/lib:/middleware/lib:/middleware/pub/lib:/usr/hobot/lib/sensor:/system/lib:/system/usr/lib:/lib PYTHONPATH=/home/sunrise/agri_robot_ws/install/lslidar_msgs/local/lib/python3.10/dist-packages:${PYTHONPATH} /usr/bin/cmake /home/sunrise/agri_robot_ws/src/LSLIDAR_X_ROS2-20240228/src/lslidar_driver -DAMENT_CMAKE_SYMLINK_INSTALL=1 -DCMAKE_INSTALL_PREFIX=/home/sunrise/agri_robot_ws/install/lslidar_driver
[63.954s] DEBUG:colcon.colcon_core.event_handler.log_command:Invoking command in '/home/sunrise/agri_robot_ws/build/lslidar_driver': AMENT_PREFIX_PATH=/home/sunrise/agri_robot_ws/install/lslidar_msgs:${AMENT_PREFIX_PATH} CMAKE_PREFIX_PATH=/home/sunrise/agri_robot_ws/install/lslidar_msgs:/home/sunrise/agri_robot_ws/install/agri_imu_driver:/home/sunrise/agri_robot_ws/install/agri_control:/opt/ros/humble LD_LIBRARY_PATH=/home/sunrise/agri_robot_ws/install/lslidar_msgs/lib:/opt/ros/humble/lib/aarch64-linux-gnu:/opt/ros/humble/lib:/usr/hobot/lib:/app/lib:/app/pub/lib:/middleware/lib:/middleware/pub/lib:/usr/hobot/lib/sensor:/system/lib:/system/usr/lib:/lib PYTHONPATH=/home/sunrise/agri_robot_ws/install/lslidar_msgs/local/lib/python3.10/dist-packages:${PYTHONPATH} /usr/bin/cmake --build /home/sunrise/agri_robot_ws/build/lslidar_driver -- -j8 -l8
[170.668s] DEBUG:colcon.colcon_core.event_handler.log_command:Invoked command in '/home/sunrise/agri_robot_ws/build/lslidar_driver' returned '0': AMENT_PREFIX_PATH=/home/sunrise/agri_robot_ws/install/lslidar_msgs:${AMENT_PREFIX_PATH} CMAKE_PREFIX_PATH=/home/sunrise/agri_robot_ws/install/lslidar_msgs:/home/sunrise/agri_robot_ws/install/agri_imu_driver:/home/sunrise/agri_robot_ws/install/agri_control:/opt/ros/humble LD_LIBRARY_PATH=/home/sunrise/agri_robot_ws/install/lslidar_msgs/lib:/opt/ros/humble/lib/aarch64-linux-gnu:/opt/ros/humble/lib:/usr/hobot/lib:/app/lib:/app/pub/lib:/middleware/lib:/middleware/pub/lib:/usr/hobot/lib/sensor:/system/lib:/system/usr/lib:/lib PYTHONPATH=/home/sunrise/agri_robot_ws/install/lslidar_msgs/local/lib/python3.10/dist-packages:${PYTHONPATH} /usr/bin/cmake --build /home/sunrise/agri_robot_ws/build/lslidar_driver -- -j8 -l8
[170.689s] DEBUG:colcon.colcon_core.event_handler.log_command:Invoking command in '/home/sunrise/agri_robot_ws/build/lslidar_driver': AMENT_PREFIX_PATH=/home/sunrise/agri_robot_ws/install/lslidar_msgs:${AMENT_PREFIX_PATH} CMAKE_PREFIX_PATH=/home/sunrise/agri_robot_ws/install/lslidar_msgs:/home/sunrise/agri_robot_ws/install/agri_imu_driver:/home/sunrise/agri_robot_ws/install/agri_control:/opt/ros/humble LD_LIBRARY_PATH=/home/sunrise/agri_robot_ws/install/lslidar_msgs/lib:/opt/ros/humble/lib/aarch64-linux-gnu:/opt/ros/humble/lib:/usr/hobot/lib:/app/lib:/app/pub/lib:/middleware/lib:/middleware/pub/lib:/usr/hobot/lib/sensor:/system/lib:/system/usr/lib:/lib PYTHONPATH=/home/sunrise/agri_robot_ws/install/lslidar_msgs/local/lib/python3.10/dist-packages:${PYTHONPATH} /usr/bin/cmake --install /home/sunrise/agri_robot_ws/build/lslidar_driver
[172.507s] Level 1:colcon.colcon_core.environment:create_environment_scripts_only(lslidar_driver)
[172.509s] Level 1:colcon.colcon_core.environment:checking '/home/sunrise/agri_robot_ws/install/lslidar_driver' for CMake module files
[172.512s] DEBUG:colcon.colcon_core.event_handler.log_command:Invoked command in '/home/sunrise/agri_robot_ws/build/lslidar_driver' returned '0': AMENT_PREFIX_PATH=/home/sunrise/agri_robot_ws/install/lslidar_msgs:${AMENT_PREFIX_PATH} CMAKE_PREFIX_PATH=/home/sunrise/agri_robot_ws/install/lslidar_msgs:/home/sunrise/agri_robot_ws/install/agri_imu_driver:/home/sunrise/agri_robot_ws/install/agri_control:/opt/ros/humble LD_LIBRARY_PATH=/home/sunrise/agri_robot_ws/install/lslidar_msgs/lib:/opt/ros/humble/lib/aarch64-linux-gnu:/opt/ros/humble/lib:/usr/hobot/lib:/app/lib:/app/pub/lib:/middleware/lib:/middleware/pub/lib:/usr/hobot/lib/sensor:/system/lib:/system/usr/lib:/lib PYTHONPATH=/home/sunrise/agri_robot_ws/install/lslidar_msgs/local/lib/python3.10/dist-packages:${PYTHONPATH} /usr/bin/cmake --install /home/sunrise/agri_robot_ws/build/lslidar_driver
[172.515s] Level 1:colcon.colcon_core.environment:checking '/home/sunrise/agri_robot_ws/install/lslidar_driver' for CMake config files
[172.518s] Level 1:colcon.colcon_core.shell:create_environment_hook('lslidar_driver', 'cmake_prefix_path')
[172.519s] INFO:colcon.colcon_core.shell:Creating environment hook '/home/sunrise/agri_robot_ws/install/lslidar_driver/share/lslidar_driver/hook/cmake_prefix_path.ps1'
[172.524s] INFO:colcon.colcon_core.shell:Creating environment descriptor '/home/sunrise/agri_robot_ws/install/lslidar_driver/share/lslidar_driver/hook/cmake_prefix_path.dsv'
[172.531s] INFO:colcon.colcon_core.shell:Creating environment hook '/home/sunrise/agri_robot_ws/install/lslidar_driver/share/lslidar_driver/hook/cmake_prefix_path.sh'
[172.537s] Level 1:colcon.colcon_core.environment:checking '/home/sunrise/agri_robot_ws/install/lslidar_driver/lib'
[172.538s] Level 1:colcon.colcon_core.environment:checking '/home/sunrise/agri_robot_ws/install/lslidar_driver/bin'
[172.538s] Level 1:colcon.colcon_core.environment:checking '/home/sunrise/agri_robot_ws/install/lslidar_driver/lib/pkgconfig/lslidar_driver.pc'
[172.541s] Level 1:colcon.colcon_core.environment:checking '/home/sunrise/agri_robot_ws/install/lslidar_driver/lib/python3.10/site-packages'
[172.547s] Level 1:colcon.colcon_core.environment:checking '/home/sunrise/agri_robot_ws/install/lslidar_driver/bin'
[172.551s] INFO:colcon.colcon_core.shell:Creating package script '/home/sunrise/agri_robot_ws/install/lslidar_driver/share/lslidar_driver/package.ps1'
[172.557s] INFO:colcon.colcon_core.shell:Creating package descriptor '/home/sunrise/agri_robot_ws/install/lslidar_driver/share/lslidar_driver/package.dsv'
[172.561s] INFO:colcon.colcon_core.shell:Creating package script '/home/sunrise/agri_robot_ws/install/lslidar_driver/share/lslidar_driver/package.sh'
[172.563s] INFO:colcon.colcon_core.shell:Creating package script '/home/sunrise/agri_robot_ws/install/lslidar_driver/share/lslidar_driver/package.bash'
[172.566s] INFO:colcon.colcon_core.shell:Creating package script '/home/sunrise/agri_robot_ws/install/lslidar_driver/share/lslidar_driver/package.zsh'
[172.568s] Level 1:colcon.colcon_core.environment:create_file_with_runtime_dependencies(/home/sunrise/agri_robot_ws/install/lslidar_driver/share/colcon-core/packages/lslidar_driver)
[172.571s] Level 1:colcon.colcon_core.environment:create_environment_scripts_only(lslidar_driver)
[172.573s] Level 1:colcon.colcon_core.environment:checking '/home/sunrise/agri_robot_ws/install/lslidar_driver' for CMake module files
[172.576s] Level 1:colcon.colcon_core.environment:checking '/home/sunrise/agri_robot_ws/install/lslidar_driver' for CMake config files
[172.579s] Level 1:colcon.colcon_core.shell:create_environment_hook('lslidar_driver', 'cmake_prefix_path')
[172.580s] INFO:colcon.colcon_core.shell:Creating environment hook '/home/sunrise/agri_robot_ws/install/lslidar_driver/share/lslidar_driver/hook/cmake_prefix_path.ps1'
[172.583s] INFO:colcon.colcon_core.shell:Creating environment descriptor '/home/sunrise/agri_robot_ws/install/lslidar_driver/share/lslidar_driver/hook/cmake_prefix_path.dsv'
[172.585s] INFO:colcon.colcon_core.shell:Creating environment hook '/home/sunrise/agri_robot_ws/install/lslidar_driver/share/lslidar_driver/hook/cmake_prefix_path.sh'
[172.588s] Level 1:colcon.colcon_core.environment:checking '/home/sunrise/agri_robot_ws/install/lslidar_driver/lib'
[172.589s] Level 1:colcon.colcon_core.environment:checking '/home/sunrise/agri_robot_ws/install/lslidar_driver/bin'
[172.589s] Level 1:colcon.colcon_core.environment:checking '/home/sunrise/agri_robot_ws/install/lslidar_driver/lib/pkgconfig/lslidar_driver.pc'
[172.591s] Level 1:colcon.colcon_core.environment:checking '/home/sunrise/agri_robot_ws/install/lslidar_driver/lib/python3.10/site-packages'
[172.594s] Level 1:colcon.colcon_core.environment:checking '/home/sunrise/agri_robot_ws/install/lslidar_driver/bin'
[172.596s] INFO:colcon.colcon_core.shell:Creating package script '/home/sunrise/agri_robot_ws/install/lslidar_driver/share/lslidar_driver/package.ps1'
[172.600s] INFO:colcon.colcon_core.shell:Creating package descriptor '/home/sunrise/agri_robot_ws/install/lslidar_driver/share/lslidar_driver/package.dsv'
[172.603s] INFO:colcon.colcon_core.shell:Creating package script '/home/sunrise/agri_robot_ws/install/lslidar_driver/share/lslidar_driver/package.sh'
[172.606s] INFO:colcon.colcon_core.shell:Creating package script '/home/sunrise/agri_robot_ws/install/lslidar_driver/share/lslidar_driver/package.bash'
[172.608s] INFO:colcon.colcon_core.shell:Creating package script '/home/sunrise/agri_robot_ws/install/lslidar_driver/share/lslidar_driver/package.zsh'
[172.610s] Level 1:colcon.colcon_core.environment:create_file_with_runtime_dependencies(/home/sunrise/agri_robot_ws/install/lslidar_driver/share/colcon-core/packages/lslidar_driver)
[172.612s] DEBUG:colcon.colcon_parallel_executor.executor.parallel:closing loop
[172.613s] DEBUG:colcon.colcon_parallel_executor.executor.parallel:loop closed
[172.613s] DEBUG:colcon.colcon_parallel_executor.executor.parallel:run_until_complete finished with '0'
[172.614s] DEBUG:colcon.colcon_core.event_reactor:joining thread
[172.617s] DEBUG:colcon.colcon_core.event_reactor:joined thread
[172.619s] INFO:colcon.colcon_core.shell:Creating prefix script '/home/sunrise/agri_robot_ws/install/local_setup.ps1'
[172.626s] INFO:colcon.colcon_core.shell:Creating prefix util module '/home/sunrise/agri_robot_ws/install/_local_setup_util_ps1.py'
[172.638s] INFO:colcon.colcon_core.shell:Creating prefix chain script '/home/sunrise/agri_robot_ws/install/setup.ps1'
[172.647s] INFO:colcon.colcon_core.shell:Creating prefix script '/home/sunrise/agri_robot_ws/install/local_setup.sh'
[172.651s] INFO:colcon.colcon_core.shell:Creating prefix util module '/home/sunrise/agri_robot_ws/install/_local_setup_util_sh.py'
[172.655s] INFO:colcon.colcon_core.shell:Creating prefix chain script '/home/sunrise/agri_robot_ws/install/setup.sh'
[172.662s] INFO:colcon.colcon_core.shell:Creating prefix script '/home/sunrise/agri_robot_ws/install/local_setup.bash'
[172.665s] INFO:colcon.colcon_core.shell:Creating prefix chain script '/home/sunrise/agri_robot_ws/install/setup.bash'
[172.672s] INFO:colcon.colcon_core.shell:Creating prefix script '/home/sunrise/agri_robot_ws/install/local_setup.zsh'
[172.676s] INFO:colcon.colcon_core.shell:Creating prefix chain script '/home/sunrise/agri_robot_ws/install/setup.zsh'
