[0.045s] Invoking command in '/home/sunrise/agri_robot_ws/build/lslidar_msgs': CMAKE_PREFIX_PATH=/opt/ros/humble /usr/bin/cmake --build /home/sunrise/agri_robot_ws/build/lslidar_msgs
[0.270s] [  1%] Built target lslidar_msgs__cpp
[0.319s] [35m[1mConsolidate compiler generated dependencies of target lslidar_msgs__rosidl_typesupport_cpp[0m
[0.391s] [ 12%] Built target lslidar_msgs__rosidl_typesupport_cpp
[0.440s] [35m[1mConsolidate compiler generated dependencies of target lslidar_msgs__rosidl_generator_c[0m
[0.496s] [ 23%] Built target lslidar_msgs__rosidl_generator_c
[0.550s] [35m[1mConsolidate compiler generated dependencies of target lslidar_msgs__rosidl_typesupport_fastrtps_c[0m
[0.623s] [ 34%] Built target lslidar_msgs__rosidl_typesupport_fastrtps_c
[0.675s] [35m[1mConsolidate compiler generated dependencies of target lslidar_msgs__rosidl_typesupport_fastrtps_cpp[0m
[0.753s] [ 46%] Built target lslidar_msgs__rosidl_typesupport_fastrtps_cpp
[0.800s] [35m[1mConsolidate compiler generated dependencies of target lslidar_msgs__rosidl_typesupport_introspection_c[0m
[0.856s] [ 57%] Built target lslidar_msgs__rosidl_typesupport_introspection_c
[0.902s] [35m[1mConsolidate compiler generated dependencies of target lslidar_msgs__rosidl_typesupport_c[0m
[0.955s] [ 68%] Built target lslidar_msgs__rosidl_typesupport_c
[1.007s] [35m[1mConsolidate compiler generated dependencies of target lslidar_msgs__rosidl_typesupport_introspection_cpp[0m
[1.078s] [ 79%] Built target lslidar_msgs__rosidl_typesupport_introspection_cpp
[1.166s] [ 79%] Built target lslidar_msgs
[1.284s] [ 79%] Built target ament_cmake_python_symlink_lslidar_msgs
[2.975s] running egg_info
[2.979s] writing lslidar_msgs.egg-info/PKG-INFO
[2.980s] writing dependency_links to lslidar_msgs.egg-info/dependency_links.txt
[2.982s] writing top-level names to lslidar_msgs.egg-info/top_level.txt
[2.996s] reading manifest file 'lslidar_msgs.egg-info/SOURCES.txt'
[3.000s] writing manifest file 'lslidar_msgs.egg-info/SOURCES.txt'
[3.212s] [ 79%] Built target ament_cmake_python_build_lslidar_msgs_egg
[3.299s] [ 80%] Built target lslidar_msgs__py
[3.349s] [35m[1mConsolidate compiler generated dependencies of target lslidar_msgs__rosidl_generator_py[0m
[3.426s] [ 90%] Built target lslidar_msgs__rosidl_generator_py
[3.470s] [35m[1mConsolidate compiler generated dependencies of target lslidar_msgs__rosidl_typesupport_fastrtps_c__pyext[0m
[3.528s] [ 93%] Built target lslidar_msgs__rosidl_typesupport_fastrtps_c__pyext
[3.574s] [35m[1mConsolidate compiler generated dependencies of target lslidar_msgs__rosidl_typesupport_introspection_c__pyext[0m
[3.631s] [ 96%] Built target lslidar_msgs__rosidl_typesupport_introspection_c__pyext
[3.675s] [35m[1mConsolidate compiler generated dependencies of target lslidar_msgs__rosidl_typesupport_c__pyext[0m
[3.734s] [100%] Built target lslidar_msgs__rosidl_typesupport_c__pyext
[3.789s] Invoked command in '/home/sunrise/agri_robot_ws/build/lslidar_msgs' returned '0': CMAKE_PREFIX_PATH=/opt/ros/humble /usr/bin/cmake --build /home/sunrise/agri_robot_ws/build/lslidar_msgs
[3.832s] Invoking command in '/home/sunrise/agri_robot_ws/build/lslidar_msgs': CMAKE_PREFIX_PATH=/opt/ros/humble /usr/bin/cmake --install /home/sunrise/agri_robot_ws/build/lslidar_msgs
[3.866s] -- Install configuration: ""
[3.869s] -- Execute custom install script
[3.870s] -- Up-to-date symlink: /home/sunrise/agri_robot_ws/install/lslidar_msgs/share/ament_index/resource_index/rosidl_interfaces/lslidar_msgs
[3.872s] -- Up-to-date symlink: /home/sunrise/agri_robot_ws/install/lslidar_msgs/include/lslidar_msgs/lslidar_msgs/msg/detail/lslidar_difop__functions.h
[3.873s] -- Up-to-date symlink: /home/sunrise/agri_robot_ws/install/lslidar_msgs/include/lslidar_msgs/lslidar_msgs/msg/detail/lslidar_difop__struct.h
[3.874s] -- Up-to-date symlink: /home/sunrise/agri_robot_ws/install/lslidar_msgs/include/lslidar_msgs/lslidar_msgs/msg/detail/lslidar_difop__type_support.h
[3.874s] -- Up-to-date symlink: /home/sunrise/agri_robot_ws/install/lslidar_msgs/include/lslidar_msgs/lslidar_msgs/msg/detail/lslidar_packet__functions.h
[3.875s] -- Up-to-date symlink: /home/sunrise/agri_robot_ws/install/lslidar_msgs/include/lslidar_msgs/lslidar_msgs/msg/detail/lslidar_packet__struct.h
[3.876s] -- Up-to-date symlink: /home/sunrise/agri_robot_ws/install/lslidar_msgs/include/lslidar_msgs/lslidar_msgs/msg/detail/lslidar_packet__type_support.h
[3.876s] -- Up-to-date symlink: /home/sunrise/agri_robot_ws/install/lslidar_msgs/include/lslidar_msgs/lslidar_msgs/msg/detail/lslidar_point__functions.h
[3.877s] -- Up-to-date symlink: /home/sunrise/agri_robot_ws/install/lslidar_msgs/include/lslidar_msgs/lslidar_msgs/msg/detail/lslidar_point__struct.h
[3.877s] -- Up-to-date symlink: /home/sunrise/agri_robot_ws/install/lslidar_msgs/include/lslidar_msgs/lslidar_msgs/msg/detail/lslidar_point__type_support.h
[3.878s] -- Up-to-date symlink: /home/sunrise/agri_robot_ws/install/lslidar_msgs/include/lslidar_msgs/lslidar_msgs/msg/detail/lslidar_scan__functions.h
[3.878s] -- Up-to-date symlink: /home/sunrise/agri_robot_ws/install/lslidar_msgs/include/lslidar_msgs/lslidar_msgs/msg/detail/lslidar_scan__struct.h
[3.879s] -- Up-to-date symlink: /home/sunrise/agri_robot_ws/install/lslidar_msgs/include/lslidar_msgs/lslidar_msgs/msg/detail/lslidar_scan__type_support.h
[3.879s] -- Up-to-date symlink: /home/sunrise/agri_robot_ws/install/lslidar_msgs/include/lslidar_msgs/lslidar_msgs/msg/detail/lslidar_sweep__functions.h
[3.880s] -- Up-to-date symlink: /home/sunrise/agri_robot_ws/install/lslidar_msgs/include/lslidar_msgs/lslidar_msgs/msg/detail/lslidar_sweep__struct.h
[3.880s] -- Up-to-date symlink: /home/sunrise/agri_robot_ws/install/lslidar_msgs/include/lslidar_msgs/lslidar_msgs/msg/detail/lslidar_sweep__type_support.h
[3.881s] -- Up-to-date symlink: /home/sunrise/agri_robot_ws/install/lslidar_msgs/include/lslidar_msgs/lslidar_msgs/msg/lslidar_difop.h
[3.881s] -- Up-to-date symlink: /home/sunrise/agri_robot_ws/install/lslidar_msgs/include/lslidar_msgs/lslidar_msgs/msg/lslidar_packet.h
[3.882s] -- Up-to-date symlink: /home/sunrise/agri_robot_ws/install/lslidar_msgs/include/lslidar_msgs/lslidar_msgs/msg/lslidar_point.h
[3.883s] -- Up-to-date symlink: /home/sunrise/agri_robot_ws/install/lslidar_msgs/include/lslidar_msgs/lslidar_msgs/msg/lslidar_scan.h
[3.883s] -- Up-to-date symlink: /home/sunrise/agri_robot_ws/install/lslidar_msgs/include/lslidar_msgs/lslidar_msgs/msg/lslidar_sweep.h
[3.884s] -- Up-to-date symlink: /home/sunrise/agri_robot_ws/install/lslidar_msgs/include/lslidar_msgs/lslidar_msgs/msg/rosidl_generator_c__visibility_control.h
[3.885s] -- Up-to-date symlink: /home/sunrise/agri_robot_ws/install/lslidar_msgs/share/lslidar_msgs/environment/library_path.sh
[3.886s] -- Up-to-date symlink: /home/sunrise/agri_robot_ws/install/lslidar_msgs/share/lslidar_msgs/environment/library_path.dsv
[3.888s] -- Up-to-date symlink: /home/sunrise/agri_robot_ws/install/lslidar_msgs/include/lslidar_msgs/lslidar_msgs/msg/detail/lslidar_difop__rosidl_typesupport_fastrtps_c.h
[3.889s] -- Up-to-date symlink: /home/sunrise/agri_robot_ws/install/lslidar_msgs/include/lslidar_msgs/lslidar_msgs/msg/detail/lslidar_packet__rosidl_typesupport_fastrtps_c.h
[3.890s] -- Up-to-date symlink: /home/sunrise/agri_robot_ws/install/lslidar_msgs/include/lslidar_msgs/lslidar_msgs/msg/detail/lslidar_point__rosidl_typesupport_fastrtps_c.h
[3.890s] -- Up-to-date symlink: /home/sunrise/agri_robot_ws/install/lslidar_msgs/include/lslidar_msgs/lslidar_msgs/msg/detail/lslidar_scan__rosidl_typesupport_fastrtps_c.h
[3.891s] -- Up-to-date symlink: /home/sunrise/agri_robot_ws/install/lslidar_msgs/include/lslidar_msgs/lslidar_msgs/msg/detail/lslidar_sweep__rosidl_typesupport_fastrtps_c.h
[3.891s] -- Up-to-date symlink: /home/sunrise/agri_robot_ws/install/lslidar_msgs/include/lslidar_msgs/lslidar_msgs/msg/rosidl_typesupport_fastrtps_c__visibility_control.h
[3.894s] -- Up-to-date symlink: /home/sunrise/agri_robot_ws/install/lslidar_msgs/include/lslidar_msgs/lslidar_msgs/msg/detail/lslidar_difop__builder.hpp
[3.895s] -- Up-to-date symlink: /home/sunrise/agri_robot_ws/install/lslidar_msgs/include/lslidar_msgs/lslidar_msgs/msg/detail/lslidar_difop__struct.hpp
[3.895s] -- Up-to-date symlink: /home/sunrise/agri_robot_ws/install/lslidar_msgs/include/lslidar_msgs/lslidar_msgs/msg/detail/lslidar_difop__traits.hpp
[3.896s] -- Up-to-date symlink: /home/sunrise/agri_robot_ws/install/lslidar_msgs/include/lslidar_msgs/lslidar_msgs/msg/detail/lslidar_difop__type_support.hpp
[3.896s] -- Up-to-date symlink: /home/sunrise/agri_robot_ws/install/lslidar_msgs/include/lslidar_msgs/lslidar_msgs/msg/detail/lslidar_packet__builder.hpp
[3.897s] -- Up-to-date symlink: /home/sunrise/agri_robot_ws/install/lslidar_msgs/include/lslidar_msgs/lslidar_msgs/msg/detail/lslidar_packet__struct.hpp
[3.897s] -- Up-to-date symlink: /home/sunrise/agri_robot_ws/install/lslidar_msgs/include/lslidar_msgs/lslidar_msgs/msg/detail/lslidar_packet__traits.hpp
[3.898s] -- Up-to-date symlink: /home/sunrise/agri_robot_ws/install/lslidar_msgs/include/lslidar_msgs/lslidar_msgs/msg/detail/lslidar_packet__type_support.hpp
[3.899s] -- Up-to-date symlink: /home/sunrise/agri_robot_ws/install/lslidar_msgs/include/lslidar_msgs/lslidar_msgs/msg/detail/lslidar_point__builder.hpp
[3.899s] -- Up-to-date symlink: /home/sunrise/agri_robot_ws/install/lslidar_msgs/include/lslidar_msgs/lslidar_msgs/msg/detail/lslidar_point__struct.hpp
[3.900s] -- Up-to-date symlink: /home/sunrise/agri_robot_ws/install/lslidar_msgs/include/lslidar_msgs/lslidar_msgs/msg/detail/lslidar_point__traits.hpp
[3.901s] -- Up-to-date symlink: /home/sunrise/agri_robot_ws/install/lslidar_msgs/include/lslidar_msgs/lslidar_msgs/msg/detail/lslidar_point__type_support.hpp
[3.901s] -- Up-to-date symlink: /home/sunrise/agri_robot_ws/install/lslidar_msgs/include/lslidar_msgs/lslidar_msgs/msg/detail/lslidar_scan__builder.hpp
[3.902s] -- Up-to-date symlink: /home/sunrise/agri_robot_ws/install/lslidar_msgs/include/lslidar_msgs/lslidar_msgs/msg/detail/lslidar_scan__struct.hpp
[3.902s] -- Up-to-date symlink: /home/sunrise/agri_robot_ws/install/lslidar_msgs/include/lslidar_msgs/lslidar_msgs/msg/detail/lslidar_scan__traits.hpp
[3.903s] -- Up-to-date symlink: /home/sunrise/agri_robot_ws/install/lslidar_msgs/include/lslidar_msgs/lslidar_msgs/msg/detail/lslidar_scan__type_support.hpp
[3.903s] -- Up-to-date symlink: /home/sunrise/agri_robot_ws/install/lslidar_msgs/include/lslidar_msgs/lslidar_msgs/msg/detail/lslidar_sweep__builder.hpp
[3.904s] -- Up-to-date symlink: /home/sunrise/agri_robot_ws/install/lslidar_msgs/include/lslidar_msgs/lslidar_msgs/msg/detail/lslidar_sweep__struct.hpp
[3.905s] -- Up-to-date symlink: /home/sunrise/agri_robot_ws/install/lslidar_msgs/include/lslidar_msgs/lslidar_msgs/msg/detail/lslidar_sweep__traits.hpp
[3.905s] -- Up-to-date symlink: /home/sunrise/agri_robot_ws/install/lslidar_msgs/include/lslidar_msgs/lslidar_msgs/msg/detail/lslidar_sweep__type_support.hpp
[3.906s] -- Up-to-date symlink: /home/sunrise/agri_robot_ws/install/lslidar_msgs/include/lslidar_msgs/lslidar_msgs/msg/lslidar_difop.hpp
[3.906s] -- Up-to-date symlink: /home/sunrise/agri_robot_ws/install/lslidar_msgs/include/lslidar_msgs/lslidar_msgs/msg/lslidar_packet.hpp
[3.907s] -- Up-to-date symlink: /home/sunrise/agri_robot_ws/install/lslidar_msgs/include/lslidar_msgs/lslidar_msgs/msg/lslidar_point.hpp
[3.908s] -- Up-to-date symlink: /home/sunrise/agri_robot_ws/install/lslidar_msgs/include/lslidar_msgs/lslidar_msgs/msg/lslidar_scan.hpp
[3.908s] -- Up-to-date symlink: /home/sunrise/agri_robot_ws/install/lslidar_msgs/include/lslidar_msgs/lslidar_msgs/msg/lslidar_sweep.hpp
[3.909s] -- Up-to-date symlink: /home/sunrise/agri_robot_ws/install/lslidar_msgs/include/lslidar_msgs/lslidar_msgs/msg/rosidl_generator_cpp__visibility_control.hpp
[3.912s] -- Up-to-date symlink: /home/sunrise/agri_robot_ws/install/lslidar_msgs/include/lslidar_msgs/lslidar_msgs/msg/detail/lslidar_difop__rosidl_typesupport_fastrtps_cpp.hpp
[3.913s] -- Up-to-date symlink: /home/sunrise/agri_robot_ws/install/lslidar_msgs/include/lslidar_msgs/lslidar_msgs/msg/detail/lslidar_packet__rosidl_typesupport_fastrtps_cpp.hpp
[3.913s] -- Up-to-date symlink: /home/sunrise/agri_robot_ws/install/lslidar_msgs/include/lslidar_msgs/lslidar_msgs/msg/detail/lslidar_point__rosidl_typesupport_fastrtps_cpp.hpp
[3.915s] -- Up-to-date symlink: /home/sunrise/agri_robot_ws/install/lslidar_msgs/include/lslidar_msgs/lslidar_msgs/msg/detail/lslidar_scan__rosidl_typesupport_fastrtps_cpp.hpp
[3.916s] -- Up-to-date symlink: /home/sunrise/agri_robot_ws/install/lslidar_msgs/include/lslidar_msgs/lslidar_msgs/msg/detail/lslidar_sweep__rosidl_typesupport_fastrtps_cpp.hpp
[3.916s] -- Up-to-date symlink: /home/sunrise/agri_robot_ws/install/lslidar_msgs/include/lslidar_msgs/lslidar_msgs/msg/rosidl_typesupport_fastrtps_cpp__visibility_control.h
[3.917s] -- Up-to-date symlink: /home/sunrise/agri_robot_ws/install/lslidar_msgs/include/lslidar_msgs/lslidar_msgs/msg/detail/lslidar_difop__rosidl_typesupport_introspection_c.h
[3.918s] -- Up-to-date symlink: /home/sunrise/agri_robot_ws/install/lslidar_msgs/include/lslidar_msgs/lslidar_msgs/msg/detail/lslidar_packet__rosidl_typesupport_introspection_c.h
[3.918s] -- Up-to-date symlink: /home/sunrise/agri_robot_ws/install/lslidar_msgs/include/lslidar_msgs/lslidar_msgs/msg/detail/lslidar_point__rosidl_typesupport_introspection_c.h
[3.919s] -- Up-to-date symlink: /home/sunrise/agri_robot_ws/install/lslidar_msgs/include/lslidar_msgs/lslidar_msgs/msg/detail/lslidar_scan__rosidl_typesupport_introspection_c.h
[3.920s] -- Up-to-date symlink: /home/sunrise/agri_robot_ws/install/lslidar_msgs/include/lslidar_msgs/lslidar_msgs/msg/detail/lslidar_sweep__rosidl_typesupport_introspection_c.h
[3.920s] -- Up-to-date symlink: /home/sunrise/agri_robot_ws/install/lslidar_msgs/include/lslidar_msgs/lslidar_msgs/msg/rosidl_typesupport_introspection_c__visibility_control.h
[3.922s] -- Up-to-date symlink: /home/sunrise/agri_robot_ws/install/lslidar_msgs/include/lslidar_msgs/lslidar_msgs/msg/detail/lslidar_difop__rosidl_typesupport_introspection_cpp.hpp
[3.923s] -- Up-to-date symlink: /home/sunrise/agri_robot_ws/install/lslidar_msgs/include/lslidar_msgs/lslidar_msgs/msg/detail/lslidar_packet__rosidl_typesupport_introspection_cpp.hpp
[3.924s] -- Up-to-date symlink: /home/sunrise/agri_robot_ws/install/lslidar_msgs/include/lslidar_msgs/lslidar_msgs/msg/detail/lslidar_point__rosidl_typesupport_introspection_cpp.hpp
[3.924s] -- Up-to-date symlink: /home/sunrise/agri_robot_ws/install/lslidar_msgs/include/lslidar_msgs/lslidar_msgs/msg/detail/lslidar_scan__rosidl_typesupport_introspection_cpp.hpp
[3.926s] -- Up-to-date symlink: /home/sunrise/agri_robot_ws/install/lslidar_msgs/include/lslidar_msgs/lslidar_msgs/msg/detail/lslidar_sweep__rosidl_typesupport_introspection_cpp.hpp
[3.927s] -- Up-to-date symlink: /home/sunrise/agri_robot_ws/install/lslidar_msgs/share/lslidar_msgs/environment/pythonpath.sh
[3.928s] -- Up-to-date symlink: /home/sunrise/agri_robot_ws/install/lslidar_msgs/share/lslidar_msgs/environment/pythonpath.dsv
[3.929s] -- Up-to-date symlink: /home/sunrise/agri_robot_ws/install/lslidar_msgs/local/lib/python3.10/dist-packages/lslidar_msgs-1.2.0-py3.10.egg-info/PKG-INFO
[3.930s] -- Up-to-date symlink: /home/sunrise/agri_robot_ws/install/lslidar_msgs/local/lib/python3.10/dist-packages/lslidar_msgs-1.2.0-py3.10.egg-info/SOURCES.txt
[3.931s] -- Up-to-date symlink: /home/sunrise/agri_robot_ws/install/lslidar_msgs/local/lib/python3.10/dist-packages/lslidar_msgs-1.2.0-py3.10.egg-info/dependency_links.txt
[3.931s] -- Up-to-date symlink: /home/sunrise/agri_robot_ws/install/lslidar_msgs/local/lib/python3.10/dist-packages/lslidar_msgs-1.2.0-py3.10.egg-info/top_level.txt
[3.935s] -- Up-to-date symlink: /home/sunrise/agri_robot_ws/install/lslidar_msgs/local/lib/python3.10/dist-packages/lslidar_msgs/__init__.py
[3.935s] -- Up-to-date symlink: /home/sunrise/agri_robot_ws/install/lslidar_msgs/local/lib/python3.10/dist-packages/lslidar_msgs/_lslidar_msgs_s.ep.rosidl_typesupport_c.c
[3.936s] -- Up-to-date symlink: /home/sunrise/agri_robot_ws/install/lslidar_msgs/local/lib/python3.10/dist-packages/lslidar_msgs/_lslidar_msgs_s.ep.rosidl_typesupport_fastrtps_c.c
[3.937s] -- Up-to-date symlink: /home/sunrise/agri_robot_ws/install/lslidar_msgs/local/lib/python3.10/dist-packages/lslidar_msgs/_lslidar_msgs_s.ep.rosidl_typesupport_introspection_c.c
[3.937s] -- Up-to-date symlink: /home/sunrise/agri_robot_ws/install/lslidar_msgs/local/lib/python3.10/dist-packages/lslidar_msgs/liblslidar_msgs__rosidl_generator_py.so
[3.938s] -- Up-to-date symlink: /home/sunrise/agri_robot_ws/install/lslidar_msgs/local/lib/python3.10/dist-packages/lslidar_msgs/lslidar_msgs_s__rosidl_typesupport_c.cpython-310-aarch64-linux-gnu.so
[3.938s] -- Up-to-date symlink: /home/sunrise/agri_robot_ws/install/lslidar_msgs/local/lib/python3.10/dist-packages/lslidar_msgs/lslidar_msgs_s__rosidl_typesupport_fastrtps_c.cpython-310-aarch64-linux-gnu.so
[3.939s] -- Up-to-date symlink: /home/sunrise/agri_robot_ws/install/lslidar_msgs/local/lib/python3.10/dist-packages/lslidar_msgs/lslidar_msgs_s__rosidl_typesupport_introspection_c.cpython-310-aarch64-linux-gnu.so
[3.939s] -- Up-to-date symlink: /home/sunrise/agri_robot_ws/install/lslidar_msgs/local/lib/python3.10/dist-packages/lslidar_msgs/msg/__init__.py
[3.940s] -- Up-to-date symlink: /home/sunrise/agri_robot_ws/install/lslidar_msgs/local/lib/python3.10/dist-packages/lslidar_msgs/msg/_lslidar_difop.py
[3.940s] -- Up-to-date symlink: /home/sunrise/agri_robot_ws/install/lslidar_msgs/local/lib/python3.10/dist-packages/lslidar_msgs/msg/_lslidar_difop_s.c
[3.941s] -- Up-to-date symlink: /home/sunrise/agri_robot_ws/install/lslidar_msgs/local/lib/python3.10/dist-packages/lslidar_msgs/msg/_lslidar_packet.py
[3.941s] -- Up-to-date symlink: /home/sunrise/agri_robot_ws/install/lslidar_msgs/local/lib/python3.10/dist-packages/lslidar_msgs/msg/_lslidar_packet_s.c
[3.942s] -- Up-to-date symlink: /home/sunrise/agri_robot_ws/install/lslidar_msgs/local/lib/python3.10/dist-packages/lslidar_msgs/msg/_lslidar_point.py
[3.943s] -- Up-to-date symlink: /home/sunrise/agri_robot_ws/install/lslidar_msgs/local/lib/python3.10/dist-packages/lslidar_msgs/msg/_lslidar_point_s.c
[3.943s] -- Up-to-date symlink: /home/sunrise/agri_robot_ws/install/lslidar_msgs/local/lib/python3.10/dist-packages/lslidar_msgs/msg/_lslidar_scan.py
[3.944s] -- Up-to-date symlink: /home/sunrise/agri_robot_ws/install/lslidar_msgs/local/lib/python3.10/dist-packages/lslidar_msgs/msg/_lslidar_scan_s.c
[3.944s] -- Up-to-date symlink: /home/sunrise/agri_robot_ws/install/lslidar_msgs/local/lib/python3.10/dist-packages/lslidar_msgs/msg/_lslidar_sweep.py
[3.945s] -- Up-to-date symlink: /home/sunrise/agri_robot_ws/install/lslidar_msgs/local/lib/python3.10/dist-packages/lslidar_msgs/msg/_lslidar_sweep_s.c
[3.947s] -- Up-to-date symlink: /home/sunrise/agri_robot_ws/install/lslidar_msgs/local/lib/python3.10/dist-packages/lslidar_msgs/lslidar_msgs_s__rosidl_typesupport_fastrtps_c.cpython-310-aarch64-linux-gnu.so
[3.948s] -- Up-to-date symlink: /home/sunrise/agri_robot_ws/install/lslidar_msgs/local/lib/python3.10/dist-packages/lslidar_msgs/lslidar_msgs_s__rosidl_typesupport_introspection_c.cpython-310-aarch64-linux-gnu.so
[3.949s] -- Up-to-date symlink: /home/sunrise/agri_robot_ws/install/lslidar_msgs/local/lib/python3.10/dist-packages/lslidar_msgs/lslidar_msgs_s__rosidl_typesupport_c.cpython-310-aarch64-linux-gnu.so
[3.950s] -- Up-to-date symlink: /home/sunrise/agri_robot_ws/install/lslidar_msgs/share/lslidar_msgs/msg/LslidarDifop.idl
[3.951s] -- Up-to-date symlink: /home/sunrise/agri_robot_ws/install/lslidar_msgs/share/lslidar_msgs/msg/LslidarPacket.idl
[3.951s] -- Up-to-date symlink: /home/sunrise/agri_robot_ws/install/lslidar_msgs/share/lslidar_msgs/msg/LslidarPoint.idl
[3.952s] -- Up-to-date symlink: /home/sunrise/agri_robot_ws/install/lslidar_msgs/share/lslidar_msgs/msg/LslidarScan.idl
[3.953s] -- Up-to-date symlink: /home/sunrise/agri_robot_ws/install/lslidar_msgs/share/lslidar_msgs/msg/LslidarSweep.idl
[3.954s] -- Up-to-date symlink: /home/sunrise/agri_robot_ws/install/lslidar_msgs/share/lslidar_msgs/msg/LslidarDifop.msg
[3.955s] -- Up-to-date symlink: /home/sunrise/agri_robot_ws/install/lslidar_msgs/share/lslidar_msgs/msg/LslidarPacket.msg
[3.956s] -- Up-to-date symlink: /home/sunrise/agri_robot_ws/install/lslidar_msgs/share/lslidar_msgs/msg/LslidarPoint.msg
[3.957s] -- Up-to-date symlink: /home/sunrise/agri_robot_ws/install/lslidar_msgs/share/lslidar_msgs/msg/LslidarScan.msg
[3.957s] -- Up-to-date symlink: /home/sunrise/agri_robot_ws/install/lslidar_msgs/share/lslidar_msgs/msg/LslidarSweep.msg
[3.958s] -- Up-to-date symlink: /home/sunrise/agri_robot_ws/install/lslidar_msgs/share/ament_index/resource_index/package_run_dependencies/lslidar_msgs
[3.959s] -- Up-to-date symlink: /home/sunrise/agri_robot_ws/install/lslidar_msgs/share/ament_index/resource_index/parent_prefix_path/lslidar_msgs
[3.960s] -- Up-to-date symlink: /home/sunrise/agri_robot_ws/install/lslidar_msgs/share/lslidar_msgs/environment/ament_prefix_path.sh
[3.961s] -- Up-to-date symlink: /home/sunrise/agri_robot_ws/install/lslidar_msgs/share/lslidar_msgs/environment/ament_prefix_path.dsv
[3.962s] -- Up-to-date symlink: /home/sunrise/agri_robot_ws/install/lslidar_msgs/share/lslidar_msgs/environment/path.sh
[3.963s] -- Up-to-date symlink: /home/sunrise/agri_robot_ws/install/lslidar_msgs/share/lslidar_msgs/environment/path.dsv
[3.963s] -- Up-to-date symlink: /home/sunrise/agri_robot_ws/install/lslidar_msgs/share/lslidar_msgs/local_setup.bash
[3.964s] -- Up-to-date symlink: /home/sunrise/agri_robot_ws/install/lslidar_msgs/share/lslidar_msgs/local_setup.sh
[3.965s] -- Up-to-date symlink: /home/sunrise/agri_robot_ws/install/lslidar_msgs/share/lslidar_msgs/local_setup.zsh
[3.966s] -- Up-to-date symlink: /home/sunrise/agri_robot_ws/install/lslidar_msgs/share/lslidar_msgs/local_setup.dsv
[3.966s] -- Symlinking: /home/sunrise/agri_robot_ws/install/lslidar_msgs/share/lslidar_msgs/package.dsv
[4.005s] -- Up-to-date symlink: /home/sunrise/agri_robot_ws/install/lslidar_msgs/share/ament_index/resource_index/packages/lslidar_msgs
[4.006s] -- Up-to-date symlink: /home/sunrise/agri_robot_ws/install/lslidar_msgs/share/lslidar_msgs/cmake/rosidl_cmake-extras.cmake
[4.007s] -- Up-to-date symlink: /home/sunrise/agri_robot_ws/install/lslidar_msgs/share/lslidar_msgs/cmake/ament_cmake_export_dependencies-extras.cmake
[4.008s] -- Up-to-date symlink: /home/sunrise/agri_robot_ws/install/lslidar_msgs/share/lslidar_msgs/cmake/ament_cmake_export_include_directories-extras.cmake
[4.009s] -- Up-to-date symlink: /home/sunrise/agri_robot_ws/install/lslidar_msgs/share/lslidar_msgs/cmake/ament_cmake_export_libraries-extras.cmake
[4.009s] -- Up-to-date symlink: /home/sunrise/agri_robot_ws/install/lslidar_msgs/share/lslidar_msgs/cmake/ament_cmake_export_targets-extras.cmake
[4.010s] -- Up-to-date symlink: /home/sunrise/agri_robot_ws/install/lslidar_msgs/share/lslidar_msgs/cmake/rosidl_cmake_export_typesupport_targets-extras.cmake
[4.011s] -- Up-to-date symlink: /home/sunrise/agri_robot_ws/install/lslidar_msgs/share/lslidar_msgs/cmake/rosidl_cmake_export_typesupport_libraries-extras.cmake
[4.012s] -- Up-to-date symlink: /home/sunrise/agri_robot_ws/install/lslidar_msgs/share/lslidar_msgs/cmake/lslidar_msgsConfig.cmake
[4.012s] -- Up-to-date symlink: /home/sunrise/agri_robot_ws/install/lslidar_msgs/share/lslidar_msgs/cmake/lslidar_msgsConfig-version.cmake
[4.013s] -- Up-to-date symlink: /home/sunrise/agri_robot_ws/install/lslidar_msgs/share/lslidar_msgs/package.xml
[4.015s] -- Up-to-date: /home/sunrise/agri_robot_ws/install/lslidar_msgs/lib/liblslidar_msgs__rosidl_generator_c.so
[4.016s] -- Up-to-date: /home/sunrise/agri_robot_ws/install/lslidar_msgs/lib/liblslidar_msgs__rosidl_typesupport_fastrtps_c.so
[4.017s] -- Up-to-date: /home/sunrise/agri_robot_ws/install/lslidar_msgs/lib/liblslidar_msgs__rosidl_typesupport_fastrtps_cpp.so
[4.018s] -- Up-to-date: /home/sunrise/agri_robot_ws/install/lslidar_msgs/lib/liblslidar_msgs__rosidl_typesupport_introspection_c.so
[4.019s] -- Up-to-date: /home/sunrise/agri_robot_ws/install/lslidar_msgs/lib/liblslidar_msgs__rosidl_typesupport_c.so
[4.020s] -- Up-to-date: /home/sunrise/agri_robot_ws/install/lslidar_msgs/lib/liblslidar_msgs__rosidl_typesupport_introspection_cpp.so
[4.021s] -- Up-to-date: /home/sunrise/agri_robot_ws/install/lslidar_msgs/lib/liblslidar_msgs__rosidl_typesupport_cpp.so
[4.213s] Listing '/home/sunrise/agri_robot_ws/install/lslidar_msgs/local/lib/python3.10/dist-packages/lslidar_msgs'...
[4.214s] Listing '/home/sunrise/agri_robot_ws/install/lslidar_msgs/local/lib/python3.10/dist-packages/lslidar_msgs/msg'...
[4.255s] -- Up-to-date: /home/sunrise/agri_robot_ws/install/lslidar_msgs/lib/liblslidar_msgs__rosidl_generator_py.so
[4.256s] -- Up-to-date: /home/sunrise/agri_robot_ws/install/lslidar_msgs/share/lslidar_msgs/cmake/export_lslidar_msgs__rosidl_generator_cExport.cmake
[4.257s] -- Up-to-date: /home/sunrise/agri_robot_ws/install/lslidar_msgs/share/lslidar_msgs/cmake/export_lslidar_msgs__rosidl_generator_cExport-noconfig.cmake
[4.258s] -- Up-to-date: /home/sunrise/agri_robot_ws/install/lslidar_msgs/share/lslidar_msgs/cmake/export_lslidar_msgs__rosidl_typesupport_fastrtps_cExport.cmake
[4.258s] -- Up-to-date: /home/sunrise/agri_robot_ws/install/lslidar_msgs/share/lslidar_msgs/cmake/export_lslidar_msgs__rosidl_typesupport_fastrtps_cExport-noconfig.cmake
[4.259s] -- Up-to-date: /home/sunrise/agri_robot_ws/install/lslidar_msgs/share/lslidar_msgs/cmake/export_lslidar_msgs__rosidl_generator_cppExport.cmake
[4.259s] -- Up-to-date: /home/sunrise/agri_robot_ws/install/lslidar_msgs/share/lslidar_msgs/cmake/export_lslidar_msgs__rosidl_typesupport_fastrtps_cppExport.cmake
[4.260s] -- Up-to-date: /home/sunrise/agri_robot_ws/install/lslidar_msgs/share/lslidar_msgs/cmake/export_lslidar_msgs__rosidl_typesupport_fastrtps_cppExport-noconfig.cmake
[4.260s] -- Up-to-date: /home/sunrise/agri_robot_ws/install/lslidar_msgs/share/lslidar_msgs/cmake/lslidar_msgs__rosidl_typesupport_introspection_cExport.cmake
[4.261s] -- Up-to-date: /home/sunrise/agri_robot_ws/install/lslidar_msgs/share/lslidar_msgs/cmake/lslidar_msgs__rosidl_typesupport_introspection_cExport-noconfig.cmake
[4.261s] -- Up-to-date: /home/sunrise/agri_robot_ws/install/lslidar_msgs/share/lslidar_msgs/cmake/lslidar_msgs__rosidl_typesupport_cExport.cmake
[4.262s] -- Up-to-date: /home/sunrise/agri_robot_ws/install/lslidar_msgs/share/lslidar_msgs/cmake/lslidar_msgs__rosidl_typesupport_cExport-noconfig.cmake
[4.262s] -- Up-to-date: /home/sunrise/agri_robot_ws/install/lslidar_msgs/share/lslidar_msgs/cmake/lslidar_msgs__rosidl_typesupport_introspection_cppExport.cmake
[4.263s] -- Up-to-date: /home/sunrise/agri_robot_ws/install/lslidar_msgs/share/lslidar_msgs/cmake/lslidar_msgs__rosidl_typesupport_introspection_cppExport-noconfig.cmake
[4.263s] -- Up-to-date: /home/sunrise/agri_robot_ws/install/lslidar_msgs/share/lslidar_msgs/cmake/lslidar_msgs__rosidl_typesupport_cppExport.cmake
[4.264s] -- Up-to-date: /home/sunrise/agri_robot_ws/install/lslidar_msgs/share/lslidar_msgs/cmake/lslidar_msgs__rosidl_typesupport_cppExport-noconfig.cmake
[4.264s] -- Up-to-date: /home/sunrise/agri_robot_ws/install/lslidar_msgs/share/lslidar_msgs/cmake/export_lslidar_msgs__rosidl_generator_pyExport.cmake
[4.265s] -- Up-to-date: /home/sunrise/agri_robot_ws/install/lslidar_msgs/share/lslidar_msgs/cmake/export_lslidar_msgs__rosidl_generator_pyExport-noconfig.cmake
[4.272s] Invoked command in '/home/sunrise/agri_robot_ws/build/lslidar_msgs' returned '0': CMAKE_PREFIX_PATH=/opt/ros/humble /usr/bin/cmake --install /home/sunrise/agri_robot_ws/build/lslidar_msgs
