[0.047s] Invoking command in '/home/sunrise/agri_robot_ws/build/agri_imu_driver': CMAKE_PREFIX_PATH=${CMAKE_PREFIX_PATH}:/opt/ros/humble /usr/bin/cmake --build /home/sunrise/agri_robot_ws/build/agri_imu_driver -- -j8 -l8
[0.232s] Invoked command in '/home/sunrise/agri_robot_ws/build/agri_imu_driver' returned '0': CMAKE_PREFIX_PATH=${CMAKE_PREFIX_PATH}:/opt/ros/humble /usr/bin/cmake --build /home/sunrise/agri_robot_ws/build/agri_imu_driver -- -j8 -l8
[0.280s] Invoking command in '/home/sunrise/agri_robot_ws/build/agri_imu_driver': CMAKE_PREFIX_PATH=${CMAKE_PREFIX_PATH}:/opt/ros/humble /usr/bin/cmake --install /home/sunrise/agri_robot_ws/build/agri_imu_driver
[0.313s] -- Install configuration: ""
[0.315s] -- Execute custom install script
[0.316s] -- Up-to-date symlink: /home/sunrise/agri_robot_ws/install/agri_imu_driver/lib/agri_imu_driver/imu_node.py
[0.317s] -- Up-to-date symlink: /home/sunrise/agri_robot_ws/install/agri_imu_driver/lib/agri_imu_driver/gy95t_node.py
[0.318s] -- Up-to-date symlink: /home/sunrise/agri_robot_ws/install/agri_imu_driver/share/ament_index/resource_index/package_run_dependencies/agri_imu_driver
[0.319s] -- Up-to-date symlink: /home/sunrise/agri_robot_ws/install/agri_imu_driver/share/ament_index/resource_index/parent_prefix_path/agri_imu_driver
[0.319s] -- Up-to-date symlink: /home/sunrise/agri_robot_ws/install/agri_imu_driver/share/agri_imu_driver/environment/ament_prefix_path.sh
[0.320s] -- Up-to-date symlink: /home/sunrise/agri_robot_ws/install/agri_imu_driver/share/agri_imu_driver/environment/ament_prefix_path.dsv
[0.321s] -- Up-to-date symlink: /home/sunrise/agri_robot_ws/install/agri_imu_driver/share/agri_imu_driver/environment/path.sh
[0.322s] -- Up-to-date symlink: /home/sunrise/agri_robot_ws/install/agri_imu_driver/share/agri_imu_driver/environment/path.dsv
[0.323s] -- Up-to-date symlink: /home/sunrise/agri_robot_ws/install/agri_imu_driver/share/agri_imu_driver/local_setup.bash
[0.323s] -- Up-to-date symlink: /home/sunrise/agri_robot_ws/install/agri_imu_driver/share/agri_imu_driver/local_setup.sh
[0.324s] -- Up-to-date symlink: /home/sunrise/agri_robot_ws/install/agri_imu_driver/share/agri_imu_driver/local_setup.zsh
[0.325s] -- Up-to-date symlink: /home/sunrise/agri_robot_ws/install/agri_imu_driver/share/agri_imu_driver/local_setup.dsv
[0.325s] -- Symlinking: /home/sunrise/agri_robot_ws/install/agri_imu_driver/share/agri_imu_driver/package.dsv
[0.364s] -- Up-to-date symlink: /home/sunrise/agri_robot_ws/install/agri_imu_driver/share/ament_index/resource_index/packages/agri_imu_driver
[0.365s] -- Up-to-date symlink: /home/sunrise/agri_robot_ws/install/agri_imu_driver/share/agri_imu_driver/cmake/agri_imu_driverConfig.cmake
[0.366s] -- Up-to-date symlink: /home/sunrise/agri_robot_ws/install/agri_imu_driver/share/agri_imu_driver/cmake/agri_imu_driverConfig-version.cmake
[0.366s] -- Up-to-date symlink: /home/sunrise/agri_robot_ws/install/agri_imu_driver/share/agri_imu_driver/package.xml
[0.376s] Invoked command in '/home/sunrise/agri_robot_ws/build/agri_imu_driver' returned '0': CMAKE_PREFIX_PATH=${CMAKE_PREFIX_PATH}:/opt/ros/humble /usr/bin/cmake --install /home/sunrise/agri_robot_ws/build/agri_imu_driver
